<?xml version="1.0" encoding="UTF-8"?>
<robot generator="Robot 6.1.1 (Python 3.12.9 on win32)" generated="20260505 17:15:15.643" rpa="false" schemaversion="4">
<suite id="s1" name="Testsuite" source="C:\Users\iTservice\Document\FEMS_AutomationTest\testsuite">
<suite id="s1-s1" name="Shipping" source="C:\Users\iTservice\Document\FEMS_AutomationTest\testsuite\Shipping">
<suite id="s1-s1-s1" name="SHIPPING01 LOGINLOGOUT" source="C:\Users\iTservice\Document\FEMS_AutomationTest\testsuite\Shipping\SHIPPING01_LOGINLOGOUT">
<suite id="s1-s1-s1-s1" name="01-Loginsuccess" source="C:\Users\iTservice\Document\FEMS_AutomationTest\testsuite\Shipping\SHIPPING01_LOGINLOGOUT\01-loginsuccess.robot">
<test id="s1-s1-s1-s1-t1" name="TC_01: Login Success with Valid Credentials" line="12">
<kw name="Open Login Shipping Web Application" library="config" type="SETUP">
<kw name="New Browser" library="Browser">
<arg>browser=chromium</arg>
<arg>headless=False</arg>
<tag>BrowserControl</tag>
<tag>Setter</tag>
<doc>Create a new playwright Browser with specified options.</doc>
<msg timestamp="20260505 17:15:15.867" level="INFO">{"browser": "chromium", "headless": false, "chromiumSandbox": false, "devtools": false, "handleSIGHUP": true, "handleSIGINT": true, "handleSIGTERM": true, "slowMo": 0.0, "timeout": 30000.0, "tracesDir": "C:\\Users\\iTservice\\Document\\FEMS_AutomationTest\\output\\browser\\traces\\temp\\a4b1633c-5635-49dc-a10f-cda4b2623766"}</msg>
<msg timestamp="20260505 17:15:15.887" level="INFO">Starting Browser process C:\Users\iTservice\AppData\Local\Programs\Python\Python312\Lib\site-packages\Browser\wrapper\index.js using at 127.0.0.1:1124</msg>
<msg timestamp="20260505 17:15:16.591" level="INFO">Successfully created browser with options: {"browser":"chromium","headless":false,"chromiumSandbox":false,"devtools":false,"handleSIGHUP":true,"handleSIGINT":true,"handleSIGTERM":true,"slowMo":0,"timeout":30000,"tracesDir":"C:\\Users\\iTservice\\Document\\FEMS_AutomationTest\\output\\browser\\traces\\temp\\a4b1633c-5635-49dc-a10f-cda4b2623766"}</msg>
<status status="PASS" starttime="20260505 17:15:15.858" endtime="20260505 17:15:16.593"/>
</kw>
<kw name="New Page" library="Browser">
<arg>${url_login}</arg>
<tag>BrowserControl</tag>
<tag>Setter</tag>
<doc>Open a new Page.</doc>
<msg timestamp="20260505 17:15:22.277" level="INFO">Successfully initialized new page object and opened url: https://uataotfems.netbay.co.th/fems/#/auth/shipping/login</msg>
<msg timestamp="20260505 17:15:22.277" level="INFO">No context was open. New context was automatically opened when this page is created.</msg>
<status status="PASS" starttime="20260505 17:15:16.593" endtime="20260505 17:15:22.277"/>
</kw>
<kw name="Set Browser Timeout" library="Browser">
<arg>20 seconds</arg>
<tag>Config</tag>
<tag>Setter</tag>
<doc>Sets the timeout used by most input and getter keywords.</doc>
<status status="PASS" starttime="20260505 17:15:22.277" endtime="20260505 17:15:22.277"/>
</kw>
<status status="PASS" starttime="20260505 17:15:15.858" endtime="20260505 17:15:22.277"/>
</kw>
<kw name="LoginSuccess" library="shipping_login_page">
<arg>trainingship</arg>
<arg>Netbay@123</arg>
<kw name="Input Login Credentials" library="shipping_login_page">
<arg>${username}</arg>
<arg>${password}</arg>
<kw name="Fill Text" library="Browser">
<arg>${TXT_USERNAME}</arg>
<arg>${username}</arg>
<tag>PageContent</tag>
<tag>Setter</tag>
<doc>Clears and fills the given ``txt`` into the text field found by ``selector``.</doc>
<msg timestamp="20260505 17:15:22.277" level="INFO">Fills the text 'trainingship' in the given field.</msg>
<status status="PASS" starttime="20260505 17:15:22.277" endtime="20260505 17:15:22.320"/>
</kw>
<kw name="Fill Text" library="Browser">
<arg>${TXT_PASSWORD}</arg>
<arg>${password}</arg>
<tag>PageContent</tag>
<tag>Setter</tag>
<doc>Clears and fills the given ``txt`` into the text field found by ``selector``.</doc>
<msg timestamp="20260505 17:15:22.321" level="INFO">Fills the text 'Netbay@123' in the given field.</msg>
<status status="PASS" starttime="20260505 17:15:22.320" endtime="20260505 17:15:22.345"/>
</kw>
<status status="PASS" starttime="20260505 17:15:22.277" endtime="20260505 17:15:22.345"/>
</kw>
<kw name="Click Login Button" library="shipping_login_page">
<kw name="Click" library="Browser">
<arg>${BTN_LOGIN}</arg>
<tag>PageContent</tag>
<tag>Setter</tag>
<doc>Simulates mouse click on the element found by ``selector``.</doc>
<msg timestamp="20260505 17:15:22.346" level="INFO">Clicks the element 'xpath=//*[@title="Login"]'.</msg>
<status status="PASS" starttime="20260505 17:15:22.345" endtime="20260505 17:15:22.384"/>
</kw>
<kw name="Sleep" library="BuiltIn">
<arg>3 seconds</arg>
<doc>Pauses the test executed for the given time.</doc>
<msg timestamp="20260505 17:15:25.384" level="INFO">Slept 3 seconds</msg>
<status status="PASS" starttime="20260505 17:15:22.384" endtime="20260505 17:15:25.384"/>
</kw>
<status status="PASS" starttime="20260505 17:15:22.345" endtime="20260505 17:15:25.384"/>
</kw>
<kw name="Verify Login Success" library="shipping_login_page">
<kw name="Get Url" library="Browser">
<arg>contains</arg>
<arg>${url_home}</arg>
<tag>Assertion</tag>
<tag>Getter</tag>
<tag>PageContent</tag>
<doc>Returns the current URL.</doc>
<status status="PASS" starttime="20260505 17:15:25.384" endtime="20260505 17:15:25.835"/>
</kw>
<status status="PASS" starttime="20260505 17:15:25.384" endtime="20260505 17:15:25.835"/>
</kw>
<status status="PASS" starttime="20260505 17:15:22.277" endtime="20260505 17:15:25.835"/>
</kw>
<kw name="Close Web Application" library="config" type="TEARDOWN">
<kw name="Close Browser" library="Browser">
<tag>BrowserControl</tag>
<tag>Setter</tag>
<doc>Closes the current browser.</doc>
<msg timestamp="20260505 17:15:26.099" level="INFO">Closed browser</msg>
<status status="PASS" starttime="20260505 17:15:25.836" endtime="20260505 17:15:26.099"/>
</kw>
<status status="PASS" starttime="20260505 17:15:25.835" endtime="20260505 17:15:26.099"/>
</kw>
<doc>ทดสอบกรณีกรอกรหัสผ่านและ Username ถูกต้อง ระบบต้องเข้าสู่ระบบสำเร็จ</doc>
<status status="PASS" starttime="20260505 17:15:15.858" endtime="20260505 17:15:26.099"/>
</test>
<status status="PASS" starttime="20260505 17:15:15.675" endtime="20260505 17:15:26.099"/>
</suite>
<suite id="s1-s1-s1-s2" name="02-loginFail Emtpy" source="C:\Users\iTservice\Document\FEMS_AutomationTest\testsuite\Shipping\SHIPPING01_LOGINLOGOUT\02-loginFail_Emtpy.robot">
<test id="s1-s1-s1-s2-t1" name="TC_02: Login Fail when Password is Empty" line="10">
<kw name="Open Login Shipping Web Application" library="config" type="SETUP">
<kw name="New Browser" library="Browser">
<arg>browser=chromium</arg>
<arg>headless=False</arg>
<tag>BrowserControl</tag>
<tag>Setter</tag>
<doc>Create a new playwright Browser with specified options.</doc>
<msg timestamp="20260505 17:15:26.130" level="INFO">{"browser": "chromium", "headless": false, "chromiumSandbox": false, "devtools": false, "handleSIGHUP": true, "handleSIGINT": true, "handleSIGTERM": true, "slowMo": 0.0, "timeout": 30000.0, "tracesDir": "C:\\Users\\iTservice\\Document\\FEMS_AutomationTest\\output\\browser\\traces\\temp\\ecee0aa5-d327-4074-b111-4c9926acbbec"}</msg>
<msg timestamp="20260505 17:15:26.333" level="INFO">Successfully created browser with options: {"browser":"chromium","headless":false,"chromiumSandbox":false,"devtools":false,"handleSIGHUP":true,"handleSIGINT":true,"handleSIGTERM":true,"slowMo":0,"timeout":30000,"tracesDir":"C:\\Users\\iTservice\\Document\\FEMS_AutomationTest\\output\\browser\\traces\\temp\\ecee0aa5-d327-4074-b111-4c9926acbbec"}</msg>
<status status="PASS" starttime="20260505 17:15:26.130" endtime="20260505 17:15:26.333"/>
</kw>
<kw name="New Page" library="Browser">
<arg>${url_login}</arg>
<tag>BrowserControl</tag>
<tag>Setter</tag>
<doc>Open a new Page.</doc>
<msg timestamp="20260505 17:15:28.755" level="INFO">Successfully initialized new page object and opened url: https://uataotfems.netbay.co.th/fems/#/auth/shipping/login</msg>
<msg timestamp="20260505 17:15:28.755" level="INFO">No context was open. New context was automatically opened when this page is created.</msg>
<status status="PASS" starttime="20260505 17:15:26.333" endtime="20260505 17:15:28.755"/>
</kw>
<kw name="Set Browser Timeout" library="Browser">
<arg>20 seconds</arg>
<tag>Config</tag>
<tag>Setter</tag>
<doc>Sets the timeout used by most input and getter keywords.</doc>
<status status="PASS" starttime="20260505 17:15:28.755" endtime="20260505 17:15:28.755"/>
</kw>
<status status="PASS" starttime="20260505 17:15:26.130" endtime="20260505 17:15:28.755"/>
</kw>
<kw name="Verify Login Empty" library="shipping_login_page">
<arg>tester_shipping</arg>
<arg>${EMPTY}</arg>
<arg>กรุณาระบุรหัสผ่าน</arg>
<kw name="Input Login Credentials" library="shipping_login_page">
<arg>${username}</arg>
<arg>${password}</arg>
<kw name="Fill Text" library="Browser">
<arg>${TXT_USERNAME}</arg>
<arg>${username}</arg>
<tag>PageContent</tag>
<tag>Setter</tag>
<doc>Clears and fills the given ``txt`` into the text field found by ``selector``.</doc>
<msg timestamp="20260505 17:15:28.755" level="INFO">Fills the text 'tester_shipping' in the given field.</msg>
<status status="PASS" starttime="20260505 17:15:28.755" endtime="20260505 17:15:28.781"/>
</kw>
<kw name="Fill Text" library="Browser">
<arg>${TXT_PASSWORD}</arg>
<arg>${password}</arg>
<tag>PageContent</tag>
<tag>Setter</tag>
<doc>Clears and fills the given ``txt`` into the text field found by ``selector``.</doc>
<msg timestamp="20260505 17:15:28.786" level="INFO">Fills the text '' in the given field.</msg>
<status status="PASS" starttime="20260505 17:15:28.781" endtime="20260505 17:15:28.796"/>
</kw>
<status status="PASS" starttime="20260505 17:15:28.755" endtime="20260505 17:15:28.796"/>
</kw>
<kw name="Click Login Button" library="shipping_login_page">
<kw name="Click" library="Browser">
<arg>${BTN_LOGIN}</arg>
<tag>PageContent</tag>
<tag>Setter</tag>
<doc>Simulates mouse click on the element found by ``selector``.</doc>
<msg timestamp="20260505 17:15:28.796" level="INFO">Clicks the element 'xpath=//*[@title="Login"]'.</msg>
<status status="PASS" starttime="20260505 17:15:28.796" endtime="20260505 17:15:29.011"/>
</kw>
<kw name="Sleep" library="BuiltIn">
<arg>3 seconds</arg>
<doc>Pauses the test executed for the given time.</doc>
<msg timestamp="20260505 17:15:32.012" level="INFO">Slept 3 seconds</msg>
<status status="PASS" starttime="20260505 17:15:29.011" endtime="20260505 17:15:32.012"/>
</kw>
<status status="PASS" starttime="20260505 17:15:28.796" endtime="20260505 17:15:32.012"/>
</kw>
<kw name="Verify Validation Tooltip" library="shipping_login_page">
<arg>${expected_tooltip}</arg>
<kw name="Get Text" library="Browser">
<arg>${MSG_TOOLTIP}</arg>
<arg>contains</arg>
<arg>${expected_text}</arg>
<tag>Assertion</tag>
<tag>Getter</tag>
<tag>PageContent</tag>
<doc>Returns text attribute of the element found by ``selector``.</doc>
<msg timestamp="20260505 17:15:32.037" level="INFO">Text: 'กรุณาระบุรหัสผ่าน'</msg>
<status status="PASS" starttime="20260505 17:15:32.012" endtime="20260505 17:15:32.037"/>
</kw>
<status status="PASS" starttime="20260505 17:15:32.012" endtime="20260505 17:15:32.037"/>
</kw>
<status status="PASS" starttime="20260505 17:15:28.755" endtime="20260505 17:15:32.037"/>
</kw>
<kw name="Close Web Application" library="config" type="TEARDOWN">
<kw name="Close Browser" library="Browser">
<tag>BrowserControl</tag>
<tag>Setter</tag>
<doc>Closes the current browser.</doc>
<msg timestamp="20260505 17:15:32.265" level="INFO">Closed browser</msg>
<status status="PASS" starttime="20260505 17:15:32.037" endtime="20260505 17:15:32.265"/>
</kw>
<status status="PASS" starttime="20260505 17:15:32.037" endtime="20260505 17:15:32.265"/>
</kw>
<doc>ทดสอบกรณีไม่กรอกรหัสผ่าน ระบบต้องแสดง Tooltip แจ้งเตือนสีแดง</doc>
<status status="PASS" starttime="20260505 17:15:26.126" endtime="20260505 17:15:32.265"/>
</test>
<test id="s1-s1-s1-s2-t2" name="TC_03: Login Fail when Username is Empty" line="14">
<kw name="Open Login Shipping Web Application" library="config" type="SETUP">
<kw name="New Browser" library="Browser">
<arg>browser=chromium</arg>
<arg>headless=False</arg>
<tag>BrowserControl</tag>
<tag>Setter</tag>
<doc>Create a new playwright Browser with specified options.</doc>
<msg timestamp="20260505 17:15:32.265" level="INFO">{"browser": "chromium", "headless": false, "chromiumSandbox": false, "devtools": false, "handleSIGHUP": true, "handleSIGINT": true, "handleSIGTERM": true, "slowMo": 0.0, "timeout": 30000.0, "tracesDir": "C:\\Users\\iTservice\\Document\\FEMS_AutomationTest\\output\\browser\\traces\\temp\\e65f79d6-9340-481c-8648-e4ea8c4c8a06"}</msg>
<msg timestamp="20260505 17:15:32.460" level="INFO">Successfully created browser with options: {"browser":"chromium","headless":false,"chromiumSandbox":false,"devtools":false,"handleSIGHUP":true,"handleSIGINT":true,"handleSIGTERM":true,"slowMo":0,"timeout":30000,"tracesDir":"C:\\Users\\iTservice\\Document\\FEMS_AutomationTest\\output\\browser\\traces\\temp\\e65f79d6-9340-481c-8648-e4ea8c4c8a06"}</msg>
<status status="PASS" starttime="20260505 17:15:32.265" endtime="20260505 17:15:32.460"/>
</kw>
<kw name="New Page" library="Browser">
<arg>${url_login}</arg>
<tag>BrowserControl</tag>
<tag>Setter</tag>
<doc>Open a new Page.</doc>
<msg timestamp="20260505 17:15:35.979" level="INFO">Successfully initialized new page object and opened url: https://uataotfems.netbay.co.th/fems/#/auth/shipping/login</msg>
<msg timestamp="20260505 17:15:35.979" level="INFO">No context was open. New context was automatically opened when this page is created.</msg>
<status status="PASS" starttime="20260505 17:15:32.462" endtime="20260505 17:15:35.979"/>
</kw>
<kw name="Set Browser Timeout" library="Browser">
<arg>20 seconds</arg>
<tag>Config</tag>
<tag>Setter</tag>
<doc>Sets the timeout used by most input and getter keywords.</doc>
<status status="PASS" starttime="20260505 17:15:35.979" endtime="20260505 17:15:35.980"/>
</kw>
<status status="PASS" starttime="20260505 17:15:32.265" endtime="20260505 17:15:35.980"/>
</kw>
<kw name="Verify Login Empty" library="shipping_login_page">
<arg>${EMPTY}</arg>
<arg>tester_shipping</arg>
<arg>กรุณาระบุชื่อผู้ใช้งาน</arg>
<kw name="Input Login Credentials" library="shipping_login_page">
<arg>${username}</arg>
<arg>${password}</arg>
<kw name="Fill Text" library="Browser">
<arg>${TXT_USERNAME}</arg>
<arg>${username}</arg>
<tag>PageContent</tag>
<tag>Setter</tag>
<doc>Clears and fills the given ``txt`` into the text field found by ``selector``.</doc>
<msg timestamp="20260505 17:15:35.982" level="INFO">Fills the text '' in the given field.</msg>
<status status="PASS" starttime="20260505 17:15:35.982" endtime="20260505 17:15:36.012"/>
</kw>
<kw name="Fill Text" library="Browser">
<arg>${TXT_PASSWORD}</arg>
<arg>${password}</arg>
<tag>PageContent</tag>
<tag>Setter</tag>
<doc>Clears and fills the given ``txt`` into the text field found by ``selector``.</doc>
<msg timestamp="20260505 17:15:36.012" level="INFO">Fills the text 'tester_shipping' in the given field.</msg>
<status status="PASS" starttime="20260505 17:15:36.012" endtime="20260505 17:15:36.023"/>
</kw>
<status status="PASS" starttime="20260505 17:15:35.981" endtime="20260505 17:15:36.023"/>
</kw>
<kw name="Click Login Button" library="shipping_login_page">
<kw name="Click" library="Browser">
<arg>${BTN_LOGIN}</arg>
<tag>PageContent</tag>
<tag>Setter</tag>
<doc>Simulates mouse click on the element found by ``selector``.</doc>
<msg timestamp="20260505 17:15:36.024" level="INFO">Clicks the element 'xpath=//*[@title="Login"]'.</msg>
<status status="PASS" starttime="20260505 17:15:36.024" endtime="20260505 17:15:36.046"/>
</kw>
<kw name="Sleep" library="BuiltIn">
<arg>3 seconds</arg>
<doc>Pauses the test executed for the given time.</doc>
<msg timestamp="20260505 17:15:39.047" level="INFO">Slept 3 seconds</msg>
<status status="PASS" starttime="20260505 17:15:36.046" endtime="20260505 17:15:39.047"/>
</kw>
<status status="PASS" starttime="20260505 17:15:36.024" endtime="20260505 17:15:39.047"/>
</kw>
<kw name="Verify Validation Tooltip" library="shipping_login_page">
<arg>${expected_tooltip}</arg>
<kw name="Get Text" library="Browser">
<arg>${MSG_TOOLTIP}</arg>
<arg>contains</arg>
<arg>${expected_text}</arg>
<tag>Assertion</tag>
<tag>Getter</tag>
<tag>PageContent</tag>
<doc>Returns text attribute of the element found by ``selector``.</doc>
<msg timestamp="20260505 17:15:39.059" level="INFO">Text: 'กรุณาระบุชื่อผู้ใช้งาน'</msg>
<status status="PASS" starttime="20260505 17:15:39.047" endtime="20260505 17:15:39.059"/>
</kw>
<status status="PASS" starttime="20260505 17:15:39.047" endtime="20260505 17:15:39.059"/>
</kw>
<status status="PASS" starttime="20260505 17:15:35.981" endtime="20260505 17:15:39.059"/>
</kw>
<kw name="Close Web Application" library="config" type="TEARDOWN">
<kw name="Close Browser" library="Browser">
<tag>BrowserControl</tag>
<tag>Setter</tag>
<doc>Closes the current browser.</doc>
<msg timestamp="20260505 17:15:39.269" level="INFO">Closed browser</msg>
<status status="PASS" starttime="20260505 17:15:39.059" endtime="20260505 17:15:39.269"/>
</kw>
<status status="PASS" starttime="20260505 17:15:39.059" endtime="20260505 17:15:39.269"/>
</kw>
<doc>ทดสอบกรณีไม่กรอกรหัสผ่าน ระบบต้องแสดง Tooltip แจ้งเตือนสีแดง</doc>
<status status="PASS" starttime="20260505 17:15:32.265" endtime="20260505 17:15:39.285"/>
</test>
<status status="PASS" starttime="20260505 17:15:26.119" endtime="20260505 17:15:39.285"/>
</suite>
<suite id="s1-s1-s1-s3" name="03-Loginfail Incorrect" source="C:\Users\iTservice\Document\FEMS_AutomationTest\testsuite\Shipping\SHIPPING01_LOGINLOGOUT\03-loginfail_incorrect.robot">
<test id="s1-s1-s1-s3-t1" name="TC_04: Login Fail when Username and Password are Incorrect" line="10">
<kw name="Open Login Shipping Web Application" library="config" type="SETUP">
<kw name="New Browser" library="Browser">
<arg>browser=chromium</arg>
<arg>headless=False</arg>
<tag>BrowserControl</tag>
<tag>Setter</tag>
<doc>Create a new playwright Browser with specified options.</doc>
<msg timestamp="20260505 17:15:39.302" level="INFO">{"browser": "chromium", "headless": false, "chromiumSandbox": false, "devtools": false, "handleSIGHUP": true, "handleSIGINT": true, "handleSIGTERM": true, "slowMo": 0.0, "timeout": 30000.0, "tracesDir": "C:\\Users\\iTservice\\Document\\FEMS_AutomationTest\\output\\browser\\traces\\temp\\8011b860-93d8-4d54-b59e-786858a2de13"}</msg>
<msg timestamp="20260505 17:15:39.488" level="INFO">Successfully created browser with options: {"browser":"chromium","headless":false,"chromiumSandbox":false,"devtools":false,"handleSIGHUP":true,"handleSIGINT":true,"handleSIGTERM":true,"slowMo":0,"timeout":30000,"tracesDir":"C:\\Users\\iTservice\\Document\\FEMS_AutomationTest\\output\\browser\\traces\\temp\\8011b860-93d8-4d54-b59e-786858a2de13"}</msg>
<status status="PASS" starttime="20260505 17:15:39.302" endtime="20260505 17:15:39.488"/>
</kw>
<kw name="New Page" library="Browser">
<arg>${url_login}</arg>
<tag>BrowserControl</tag>
<tag>Setter</tag>
<doc>Open a new Page.</doc>
<msg timestamp="20260505 17:15:43.483" level="INFO">Successfully initialized new page object and opened url: https://uataotfems.netbay.co.th/fems/#/auth/shipping/login</msg>
<msg timestamp="20260505 17:15:43.483" level="INFO">No context was open. New context was automatically opened when this page is created.</msg>
<status status="PASS" starttime="20260505 17:15:39.488" endtime="20260505 17:15:43.483"/>
</kw>
<kw name="Set Browser Timeout" library="Browser">
<arg>20 seconds</arg>
<tag>Config</tag>
<tag>Setter</tag>
<doc>Sets the timeout used by most input and getter keywords.</doc>
<status status="PASS" starttime="20260505 17:15:43.483" endtime="20260505 17:15:43.483"/>
</kw>
<status status="PASS" starttime="20260505 17:15:39.301" endtime="20260505 17:15:43.483"/>
</kw>
<kw name="LoginFail" library="shipping_login_page">
<arg>tester_shipping</arg>
<arg>dfdfdfd</arg>
<kw name="Input Login Credentials" library="shipping_login_page">
<arg>${username}</arg>
<arg>${password}</arg>
<kw name="Fill Text" library="Browser">
<arg>${TXT_USERNAME}</arg>
<arg>${username}</arg>
<tag>PageContent</tag>
<tag>Setter</tag>
<doc>Clears and fills the given ``txt`` into the text field found by ``selector``.</doc>
<msg timestamp="20260505 17:15:43.483" level="INFO">Fills the text 'tester_shipping' in the given field.</msg>
<status status="PASS" starttime="20260505 17:15:43.483" endtime="20260505 17:15:43.520"/>
</kw>
<kw name="Fill Text" library="Browser">
<arg>${TXT_PASSWORD}</arg>
<arg>${password}</arg>
<tag>PageContent</tag>
<tag>Setter</tag>
<doc>Clears and fills the given ``txt`` into the text field found by ``selector``.</doc>
<msg timestamp="20260505 17:15:43.520" level="INFO">Fills the text 'dfdfdfd' in the given field.</msg>
<status status="PASS" starttime="20260505 17:15:43.520" endtime="20260505 17:15:43.529"/>
</kw>
<status status="PASS" starttime="20260505 17:15:43.483" endtime="20260505 17:15:43.529"/>
</kw>
<kw name="Click Login Button" library="shipping_login_page">
<kw name="Click" library="Browser">
<arg>${BTN_LOGIN}</arg>
<tag>PageContent</tag>
<tag>Setter</tag>
<doc>Simulates mouse click on the element found by ``selector``.</doc>
<msg timestamp="20260505 17:15:43.529" level="INFO">Clicks the element 'xpath=//*[@title="Login"]'.</msg>
<status status="PASS" starttime="20260505 17:15:43.529" endtime="20260505 17:15:43.581"/>
</kw>
<kw name="Sleep" library="BuiltIn">
<arg>3 seconds</arg>
<doc>Pauses the test executed for the given time.</doc>
<msg timestamp="20260505 17:15:46.581" level="INFO">Slept 3 seconds</msg>
<status status="PASS" starttime="20260505 17:15:43.581" endtime="20260505 17:15:46.581"/>
</kw>
<status status="PASS" starttime="20260505 17:15:43.529" endtime="20260505 17:15:46.581"/>
</kw>
<kw name="Verify Login Failed" library="shipping_login_page">
<kw name="Get Url" library="Browser">
<arg>contains</arg>
<arg>${url_login}</arg>
<tag>Assertion</tag>
<tag>Getter</tag>
<tag>PageContent</tag>
<doc>Returns the current URL.</doc>
<status status="PASS" starttime="20260505 17:15:46.581" endtime="20260505 17:15:46.581"/>
</kw>
<kw name="Get Text" library="Browser">
<arg>xpath=//*[@id="swal2-title"]</arg>
<arg>contains</arg>
<arg>${expected_text}</arg>
<tag>Assertion</tag>
<tag>Getter</tag>
<tag>PageContent</tag>
<doc>Returns text attribute of the element found by ``selector``.</doc>
<msg timestamp="20260505 17:15:46.589" level="INFO">Text: 'Login Failed'</msg>
<status status="PASS" starttime="20260505 17:15:46.581" endtime="20260505 17:15:46.589"/>
</kw>
<status status="PASS" starttime="20260505 17:15:46.581" endtime="20260505 17:15:46.589"/>
</kw>
<status status="PASS" starttime="20260505 17:15:43.483" endtime="20260505 17:15:46.589"/>
</kw>
<kw name="Close Web Application" library="config" type="TEARDOWN">
<kw name="Close Browser" library="Browser">
<tag>BrowserControl</tag>
<tag>Setter</tag>
<doc>Closes the current browser.</doc>
<msg timestamp="20260505 17:15:46.830" level="INFO">Closed browser</msg>
<status status="PASS" starttime="20260505 17:15:46.589" endtime="20260505 17:15:46.830"/>
</kw>
<status status="PASS" starttime="20260505 17:15:46.589" endtime="20260505 17:15:46.830"/>
</kw>
<doc>ทดสอบกรณีกรอกรหัสผ่านและ Username ผิด</doc>
<status status="PASS" starttime="20260505 17:15:39.299" endtime="20260505 17:15:46.830"/>
</test>
<status status="PASS" starttime="20260505 17:15:39.285" endtime="20260505 17:15:46.830"/>
</suite>
<suite id="s1-s1-s1-s4" name="04-Logout Succcess" source="C:\Users\iTservice\Document\FEMS_AutomationTest\testsuite\Shipping\SHIPPING01_LOGINLOGOUT\04-logout_succcess.robot">
<test id="s1-s1-s1-s4-t1" name="TC_01: Login Success with Valid Credentials" line="11">
<kw name="Login As shipping User" library="config" type="SETUP">
<kw name="Open Login Shipping Web Application" library="config">
<kw name="New Browser" library="Browser">
<arg>browser=chromium</arg>
<arg>headless=False</arg>
<tag>BrowserControl</tag>
<tag>Setter</tag>
<doc>Create a new playwright Browser with specified options.</doc>
<msg timestamp="20260505 17:15:46.857" level="INFO">{"browser": "chromium", "headless": false, "chromiumSandbox": false, "devtools": false, "handleSIGHUP": true, "handleSIGINT": true, "handleSIGTERM": true, "slowMo": 0.0, "timeout": 30000.0, "tracesDir": "C:\\Users\\iTservice\\Document\\FEMS_AutomationTest\\output\\browser\\traces\\temp\\9dc2719a-9666-49f3-a824-b1b82207a21c"}</msg>
<msg timestamp="20260505 17:15:47.030" level="INFO">Successfully created browser with options: {"browser":"chromium","headless":false,"chromiumSandbox":false,"devtools":false,"handleSIGHUP":true,"handleSIGINT":true,"handleSIGTERM":true,"slowMo":0,"timeout":30000,"tracesDir":"C:\\Users\\iTservice\\Document\\FEMS_AutomationTest\\output\\browser\\traces\\temp\\9dc2719a-9666-49f3-a824-b1b82207a21c"}</msg>
<status status="PASS" starttime="20260505 17:15:46.857" endtime="20260505 17:15:47.030"/>
</kw>
<kw name="New Page" library="Browser">
<arg>${url_login}</arg>
<tag>BrowserControl</tag>
<tag>Setter</tag>
<doc>Open a new Page.</doc>
<msg timestamp="20260505 17:15:53.140" level="INFO">Successfully initialized new page object and opened url: https://uataotfems.netbay.co.th/fems/#/auth/shipping/login</msg>
<msg timestamp="20260505 17:15:53.140" level="INFO">No context was open. New context was automatically opened when this page is created.</msg>
<status status="PASS" starttime="20260505 17:15:47.030" endtime="20260505 17:15:53.140"/>
</kw>
<kw name="Set Browser Timeout" library="Browser">
<arg>20 seconds</arg>
<tag>Config</tag>
<tag>Setter</tag>
<doc>Sets the timeout used by most input and getter keywords.</doc>
<status status="PASS" starttime="20260505 17:15:53.140" endtime="20260505 17:15:53.140"/>
</kw>
<status status="PASS" starttime="20260505 17:15:46.856" endtime="20260505 17:15:53.140"/>
</kw>
<kw name="Input Login Credentials" library="shipping_login_page">
<arg>trainingship</arg>
<arg>Netbay@123</arg>
<kw name="Fill Text" library="Browser">
<arg>${TXT_USERNAME}</arg>
<arg>${username}</arg>
<tag>PageContent</tag>
<tag>Setter</tag>
<doc>Clears and fills the given ``txt`` into the text field found by ``selector``.</doc>
<msg timestamp="20260505 17:15:53.140" level="INFO">Fills the text 'trainingship' in the given field.</msg>
<status status="PASS" starttime="20260505 17:15:53.140" endtime="20260505 17:15:53.160"/>
</kw>
<kw name="Fill Text" library="Browser">
<arg>${TXT_PASSWORD}</arg>
<arg>${password}</arg>
<tag>PageContent</tag>
<tag>Setter</tag>
<doc>Clears and fills the given ``txt`` into the text field found by ``selector``.</doc>
<msg timestamp="20260505 17:15:53.160" level="INFO">Fills the text 'Netbay@123' in the given field.</msg>
<status status="PASS" starttime="20260505 17:15:53.160" endtime="20260505 17:15:53.176"/>
</kw>
<status status="PASS" starttime="20260505 17:15:53.140" endtime="20260505 17:15:53.176"/>
</kw>
<kw name="Click Login Button" library="shipping_login_page">
<kw name="Click" library="Browser">
<arg>${BTN_LOGIN}</arg>
<tag>PageContent</tag>
<tag>Setter</tag>
<doc>Simulates mouse click on the element found by ``selector``.</doc>
<msg timestamp="20260505 17:15:53.176" level="INFO">Clicks the element 'xpath=//*[@title="Login"]'.</msg>
<status status="PASS" starttime="20260505 17:15:53.176" endtime="20260505 17:15:53.389"/>
</kw>
<kw name="Sleep" library="BuiltIn">
<arg>3 seconds</arg>
<doc>Pauses the test executed for the given time.</doc>
<msg timestamp="20260505 17:15:56.390" level="INFO">Slept 3 seconds</msg>
<status status="PASS" starttime="20260505 17:15:53.389" endtime="20260505 17:15:56.390"/>
</kw>
<status status="PASS" starttime="20260505 17:15:53.176" endtime="20260505 17:15:56.390"/>
</kw>
<status status="PASS" starttime="20260505 17:15:46.856" endtime="20260505 17:15:56.390"/>
</kw>
<kw name="Check Logout" library="shipping_logout_page">
<kw name="Click" library="Browser">
<arg>xpath=//*[@id="sidebar-panel"]/ul[2]/li[3]/a</arg>
<tag>PageContent</tag>
<tag>Setter</tag>
<doc>Simulates mouse click on the element found by ``selector``.</doc>
<msg timestamp="20260505 17:15:56.390" level="INFO">Clicks the element 'xpath=//*[@id="sidebar-panel"]/ul[2]/li[3]/a'.</msg>
<status status="PASS" starttime="20260505 17:15:56.390" endtime="20260505 17:15:56.418"/>
</kw>
<kw name="Click" library="Browser">
<arg>css=button.swal2-confirm</arg>
<tag>PageContent</tag>
<tag>Setter</tag>
<doc>Simulates mouse click on the element found by ``selector``.</doc>
<msg timestamp="20260505 17:15:56.418" level="INFO">Clicks the element 'css=button.swal2-confirm'.</msg>
<status status="PASS" starttime="20260505 17:15:56.418" endtime="20260505 17:15:57.238"/>
</kw>
<status status="PASS" starttime="20260505 17:15:56.390" endtime="20260505 17:15:57.238"/>
</kw>
<kw name="Vertify Logout success" library="shipping_logout_page">
<kw name="Get Url" library="Browser">
<arg>==</arg>
<arg>https://uataotfems.netbay.co.th/fems/#/auth/login</arg>
<tag>Assertion</tag>
<tag>Getter</tag>
<tag>PageContent</tag>
<doc>Returns the current URL.</doc>
<status status="PASS" starttime="20260505 17:15:57.238" endtime="20260505 17:15:57.280"/>
</kw>
<status status="PASS" starttime="20260505 17:15:57.238" endtime="20260505 17:15:57.280"/>
</kw>
<kw name="Close Web Application" library="config" type="TEARDOWN">
<kw name="Close Browser" library="Browser">
<tag>BrowserControl</tag>
<tag>Setter</tag>
<doc>Closes the current browser.</doc>
<msg timestamp="20260505 17:15:57.510" level="INFO">Closed browser</msg>
<status status="PASS" starttime="20260505 17:15:57.280" endtime="20260505 17:15:57.510"/>
</kw>
<status status="PASS" starttime="20260505 17:15:57.280" endtime="20260505 17:15:57.510"/>
</kw>
<doc>ทดสอบกรณีกรอกรหัสผ่านและ Username ถูกต้อง ระบบต้องเข้าสู่ระบบสำเร็จ</doc>
<status status="PASS" starttime="20260505 17:15:46.853" endtime="20260505 17:15:57.510"/>
</test>
<status status="PASS" starttime="20260505 17:15:46.830" endtime="20260505 17:15:57.510"/>
</suite>
<status status="PASS" starttime="20260505 17:15:15.675" endtime="20260505 17:15:57.526"/>
</suite>
<suite id="s1-s1-s2" name="SHIPPING02 CreateBooking" source="C:\Users\iTservice\Document\FEMS_AutomationTest\testsuite\Shipping\SHIPPING02_CreateBooking">
<suite id="s1-s1-s2-s1" name="01-BookingSuccess" source="C:\Users\iTservice\Document\FEMS_AutomationTest\testsuite\Shipping\SHIPPING02_CreateBooking\01-BookingSuccess.robot">
<test id="s1-s1-s2-s1-t1" name="TC_05: create booking success" line="12">
<kw name="Login As shipping User" library="config" type="SETUP">
<kw name="Open Login Shipping Web Application" library="config">
<kw name="New Browser" library="Browser">
<arg>browser=chromium</arg>
<arg>headless=False</arg>
<tag>BrowserControl</tag>
<tag>Setter</tag>
<doc>Create a new playwright Browser with specified options.</doc>
<msg timestamp="20260505 17:15:57.542" level="INFO">{"browser": "chromium", "headless": false, "chromiumSandbox": false, "devtools": false, "handleSIGHUP": true, "handleSIGINT": true, "handleSIGTERM": true, "slowMo": 0.0, "timeout": 30000.0, "tracesDir": "C:\\Users\\iTservice\\Document\\FEMS_AutomationTest\\output\\browser\\traces\\temp\\98c900cc-7215-4105-a6de-c06d20edd727"}</msg>
<msg timestamp="20260505 17:15:57.718" level="INFO">Successfully created browser with options: {"browser":"chromium","headless":false,"chromiumSandbox":false,"devtools":false,"handleSIGHUP":true,"handleSIGINT":true,"handleSIGTERM":true,"slowMo":0,"timeout":30000,"tracesDir":"C:\\Users\\iTservice\\Document\\FEMS_AutomationTest\\output\\browser\\traces\\temp\\98c900cc-7215-4105-a6de-c06d20edd727"}</msg>
<status status="PASS" starttime="20260505 17:15:57.542" endtime="20260505 17:15:57.718"/>
</kw>
<kw name="New Page" library="Browser">
<arg>${url_login}</arg>
<tag>BrowserControl</tag>
<tag>Setter</tag>
<doc>Open a new Page.</doc>
<msg timestamp="20260505 17:15:59.208" level="INFO">Successfully initialized new page object and opened url: https://uataotfems.netbay.co.th/fems/#/auth/shipping/login</msg>
<msg timestamp="20260505 17:15:59.208" level="INFO">No context was open. New context was automatically opened when this page is created.</msg>
<status status="PASS" starttime="20260505 17:15:57.718" endtime="20260505 17:15:59.208"/>
</kw>
<kw name="Set Browser Timeout" library="Browser">
<arg>20 seconds</arg>
<tag>Config</tag>
<tag>Setter</tag>
<doc>Sets the timeout used by most input and getter keywords.</doc>
<status status="PASS" starttime="20260505 17:15:59.208" endtime="20260505 17:15:59.208"/>
</kw>
<status status="PASS" starttime="20260505 17:15:57.542" endtime="20260505 17:15:59.208"/>
</kw>
<kw name="Input Login Credentials" library="shipping_login_page">
<arg>trainingship</arg>
<arg>Netbay@123</arg>
<kw name="Fill Text" library="Browser">
<arg>${TXT_USERNAME}</arg>
<arg>${username}</arg>
<tag>PageContent</tag>
<tag>Setter</tag>
<doc>Clears and fills the given ``txt`` into the text field found by ``selector``.</doc>
<msg timestamp="20260505 17:15:59.208" level="INFO">Fills the text 'trainingship' in the given field.</msg>
<status status="PASS" starttime="20260505 17:15:59.208" endtime="20260505 17:15:59.239"/>
</kw>
<kw name="Fill Text" library="Browser">
<arg>${TXT_PASSWORD}</arg>
<arg>${password}</arg>
<tag>PageContent</tag>
<tag>Setter</tag>
<doc>Clears and fills the given ``txt`` into the text field found by ``selector``.</doc>
<msg timestamp="20260505 17:15:59.239" level="INFO">Fills the text 'Netbay@123' in the given field.</msg>
<status status="PASS" starttime="20260505 17:15:59.239" endtime="20260505 17:15:59.257"/>
</kw>
<status status="PASS" starttime="20260505 17:15:59.208" endtime="20260505 17:15:59.257"/>
</kw>
<kw name="Click Login Button" library="shipping_login_page">
<kw name="Click" library="Browser">
<arg>${BTN_LOGIN}</arg>
<tag>PageContent</tag>
<tag>Setter</tag>
<doc>Simulates mouse click on the element found by ``selector``.</doc>
<msg timestamp="20260505 17:15:59.257" level="INFO">Clicks the element 'xpath=//*[@title="Login"]'.</msg>
<status status="PASS" starttime="20260505 17:15:59.257" endtime="20260505 17:15:59.325"/>
</kw>
<kw name="Sleep" library="BuiltIn">
<arg>3 seconds</arg>
<doc>Pauses the test executed for the given time.</doc>
<msg timestamp="20260505 17:16:02.326" level="INFO">Slept 3 seconds</msg>
<status status="PASS" starttime="20260505 17:15:59.326" endtime="20260505 17:16:02.326"/>
</kw>
<status status="PASS" starttime="20260505 17:15:59.257" endtime="20260505 17:16:02.326"/>
</kw>
<status status="PASS" starttime="20260505 17:15:57.542" endtime="20260505 17:16:02.326"/>
</kw>
<kw name="Verify Booking Success" library="shipping_createBooking_page">
<arg>2026-July-01</arg>
<arg>มก232</arg>
<arg>กระบี่</arg>
<arg>รถยนต์ 4 ที่นั่ง</arg>
<arg>7-7777-77777-77-7</arg>
<arg>รับสินค้าขาเข้าปกติ</arg>
<arg>TG</arg>
<arg>ภายในประเทศ/ท่าอื่น</arg>
<arg>10</arg>
<arg>30</arg>
<arg>ของมีค่า(TG)</arg>
<arg>GH587333777777</arg>
<arg>VG778777777</arg>
<kw name="Open Queue Booking Menu" library="shipping_createBooking_page">
<kw name="Click" library="Browser">
<arg>${MENU_QUEUE_BOOKING}</arg>
<tag>PageContent</tag>
<tag>Setter</tag>
<doc>Simulates mouse click on the element found by ``selector``.</doc>
<msg timestamp="20260505 17:16:02.326" level="INFO">Clicks the element 'xpath=//*[@id="sidebar-menu-17"]'.</msg>
<status status="PASS" starttime="20260505 17:16:02.326" endtime="20260505 17:16:02.357"/>
</kw>
<status status="PASS" starttime="20260505 17:16:02.326" endtime="20260505 17:16:02.357"/>
</kw>
<kw name="Open Create Booking Page" library="shipping_createBooking_page">
<kw name="Click" library="Browser">
<arg>${MENU_CREATE_BOOKING}</arg>
<tag>PageContent</tag>
<tag>Setter</tag>
<doc>Simulates mouse click on the element found by ``selector``.</doc>
<msg timestamp="20260505 17:16:02.358" level="INFO">Clicks the element 'xpath=//*[@id="queue-booking-tracking-btn-create"]'.</msg>
<status status="PASS" starttime="20260505 17:16:02.357" endtime="20260505 17:16:03.364"/>
</kw>
<status status="PASS" starttime="20260505 17:16:02.357" endtime="20260505 17:16:03.365"/>
</kw>
<kw name="Fill Date to TMO" library="shipping_createBooking_page">
<arg>${date_to_tmo}</arg>
<kw name="Split String" library="String">
<var>${year}</var>
<var>${month}</var>
<var>${day}</var>
<arg>${date_to_tmo}</arg>
<arg>-</arg>
<doc>Splits the ``string`` using ``separator`` as a delimiter string.</doc>
<msg timestamp="20260505 17:16:03.365" level="INFO">${year} = 2026</msg>
<msg timestamp="20260505 17:16:03.365" level="INFO">${month} = July</msg>
<msg timestamp="20260505 17:16:03.365" level="INFO">${day} = 01</msg>
<status status="PASS" starttime="20260505 17:16:03.365" endtime="20260505 17:16:03.365"/>
</kw>
<kw name="Click" library="Browser">
<arg>//*[@id="queue-booking-tracking-search-reserveDate"]</arg>
<tag>PageContent</tag>
<tag>Setter</tag>
<doc>Simulates mouse click on the element found by ``selector``.</doc>
<msg timestamp="20260505 17:16:03.365" level="INFO">Clicks the element '//*[@id="queue-booking-tracking-search-reserveDate"]'.</msg>
<status status="PASS" starttime="20260505 17:16:03.365" endtime="20260505 17:16:05.020"/>
</kw>
<kw name="Wait For Elements State" library="Browser">
<arg>.bs-datepicker-container</arg>
<arg>visible</arg>
<tag>PageContent</tag>
<tag>Wait</tag>
<doc>Waits for the element found by ``selector`` to satisfy state option.</doc>
<msg timestamp="20260505 17:16:05.027" level="INFO">Waited for Element with selector .bs-datepicker-container at state visible</msg>
<status status="PASS" starttime="20260505 17:16:05.022" endtime="20260505 17:16:05.027"/>
</kw>
<kw name="Click" library="Browser">
<arg>(//div[contains(@class,"bs-datepicker-head")]//button[contains(@class,"current")])[2]</arg>
<tag>PageContent</tag>
<tag>Setter</tag>
<doc>Simulates mouse click on the element found by ``selector``.</doc>
<msg timestamp="20260505 17:16:05.027" level="INFO">Clicks the element '(//div[contains(@class,"bs-datepicker-head")]//button[contains(@class,"current")])[2]'.</msg>
<status status="PASS" starttime="20260505 17:16:05.027" endtime="20260505 17:16:05.056"/>
</kw>
<kw name="Click" library="Browser">
<arg>//span[normalize-space()="${year}"]</arg>
<tag>PageContent</tag>
<tag>Setter</tag>
<doc>Simulates mouse click on the element found by ``selector``.</doc>
<msg timestamp="20260505 17:16:05.056" level="INFO">Clicks the element '//span[normalize-space()="2026"]'.</msg>
<status status="PASS" starttime="20260505 17:16:05.056" endtime="20260505 17:16:05.087"/>
</kw>
<kw name="Click" library="Browser">
<arg>//span[normalize-space()="${month}"]</arg>
<tag>PageContent</tag>
<tag>Setter</tag>
<doc>Simulates mouse click on the element found by ``selector``.</doc>
<msg timestamp="20260505 17:16:05.087" level="INFO">Clicks the element '//span[normalize-space()="July"]'.</msg>
<status status="PASS" starttime="20260505 17:16:05.087" endtime="20260505 17:16:05.119"/>
</kw>
<kw name="Wait For Elements State" library="Browser">
<arg>.bs-datepicker-body</arg>
<arg>visible</arg>
<tag>PageContent</tag>
<tag>Wait</tag>
<doc>Waits for the element found by ``selector`` to satisfy state option.</doc>
<msg timestamp="20260505 17:16:05.125" level="INFO">Waited for Element with selector .bs-datepicker-body at state visible</msg>
<status status="PASS" starttime="20260505 17:16:05.119" endtime="20260505 17:16:05.125"/>
</kw>
<kw name="Convert To Integer" library="BuiltIn">
<var>${day_int}</var>
<arg>${day}</arg>
<doc>Converts the given item to an integer number.</doc>
<msg timestamp="20260505 17:16:05.125" level="INFO">${day_int} = 1</msg>
<status status="PASS" starttime="20260505 17:16:05.125" endtime="20260505 17:16:05.125"/>
</kw>
<kw name="Click" library="Browser">
<arg>(//div[contains(@class,"bs-datepicker-body")]//span[normalize-space()="${day_int}"])[1]</arg>
<tag>PageContent</tag>
<tag>Setter</tag>
<doc>Simulates mouse click on the element found by ``selector``.</doc>
<msg timestamp="20260505 17:16:05.125" level="INFO">Clicks the element '(//div[contains(@class,"bs-datepicker-body")]//span[normalize-space()="1"])[1]'.</msg>
<status status="PASS" starttime="20260505 17:16:05.125" endtime="20260505 17:16:05.184"/>
</kw>
<status status="PASS" starttime="20260505 17:16:03.365" endtime="20260505 17:16:05.184"/>
</kw>
<if>
<branch type="IF" condition="'${driver_id}' != '${EMPTY}'">
<kw name="Select Driver By id" library="shipping_createBooking_page">
<arg>${driver_id}</arg>
<kw name="Click" library="Browser">
<arg>xpath=//*[@id="queue-booking-view-driver"]/ngx-select/div/div[2]</arg>
<tag>PageContent</tag>
<tag>Setter</tag>
<doc>Simulates mouse click on the element found by ``selector``.</doc>
<msg timestamp="20260505 17:16:05.184" level="INFO">Clicks the element 'xpath=//*[@id="queue-booking-view-driver"]/ngx-select/div/div[2]'.</msg>
<status status="PASS" starttime="20260505 17:16:05.184" endtime="20260505 17:16:05.216"/>
</kw>
<kw name="Click" library="Browser">
<arg>xpath=//*[@id="queue-booking-view-driver"]/ngx-select/div/ngx-select-choices/ul/li[1]/a</arg>
<tag>PageContent</tag>
<tag>Setter</tag>
<doc>Simulates mouse click on the element found by ``selector``.</doc>
<msg timestamp="20260505 17:16:05.216" level="INFO">Clicks the element 'xpath=//*[@id="queue-booking-view-driver"]/ngx-select/div/ngx-select-choices/ul/li[1]/a'.</msg>
<status status="PASS" starttime="20260505 17:16:05.216" endtime="20260505 17:16:05.255"/>
</kw>
<kw name="Fill Text" library="Browser">
<arg>xpath=//*[@id="queue-booking-tracking-search-driverTaxId"]</arg>
<arg>${driver_id}</arg>
<tag>PageContent</tag>
<tag>Setter</tag>
<doc>Clears and fills the given ``txt`` into the text field found by ``selector``.</doc>
<msg timestamp="20260505 17:16:05.255" level="INFO">Fills the text '7-7777-77777-77-7' in the given field.</msg>
<status status="PASS" starttime="20260505 17:16:05.255" endtime="20260505 17:16:05.265"/>
</kw>
<status status="PASS" starttime="20260505 17:16:05.184" endtime="20260505 17:16:05.266"/>
</kw>
<status status="PASS" starttime="20260505 17:16:05.184" endtime="20260505 17:16:05.266"/>
</branch>
<status status="PASS" starttime="20260505 17:16:05.184" endtime="20260505 17:16:05.266"/>
</if>
<if>
<branch type="IF" condition="'${driver_license}' != '${EMPTY}' and '${vehicle_province}' != '${EMPTY}' and '${driver_cartype}' != '${EMPTY}'">
<kw name="Fill Vehicle infomation" library="shipping_createBooking_page">
<arg>${driver_license}</arg>
<arg>${vehicle_province}</arg>
<arg>${driver_cartype}</arg>
<kw name="Click" library="Browser">
<arg>id=queue-booking-view-vehicle &gt;&gt; css=.ngx-select__toggle &gt;&gt; visible=true</arg>
<tag>PageContent</tag>
<tag>Setter</tag>
<doc>Simulates mouse click on the element found by ``selector``.</doc>
<msg timestamp="20260505 17:16:05.266" level="INFO">Clicks the element 'id=queue-booking-view-vehicle &gt;&gt; css=.ngx-select__toggle &gt;&gt; visible=true'.</msg>
<status status="PASS" starttime="20260505 17:16:05.266" endtime="20260505 17:16:05.300"/>
</kw>
<kw name="Click" library="Browser">
<arg>xpath=//*[@id="queue-booking-view-vehicle"]//ngx-select-choices//li[1]/a</arg>
<tag>PageContent</tag>
<tag>Setter</tag>
<doc>Simulates mouse click on the element found by ``selector``.</doc>
<msg timestamp="20260505 17:16:05.300" level="INFO">Clicks the element 'xpath=//*[@id="queue-booking-view-vehicle"]//ngx-select-choices//li[1]/a'.</msg>
<status status="PASS" starttime="20260505 17:16:05.300" endtime="20260505 17:16:05.348"/>
</kw>
<kw name="Fill Text" library="Browser">
<arg>xpath=//input[@placeholder="ป้ายทะเบียน"] &gt;&gt; visible=true</arg>
<arg>${driver_license}</arg>
<tag>PageContent</tag>
<tag>Setter</tag>
<doc>Clears and fills the given ``txt`` into the text field found by ``selector``.</doc>
<msg timestamp="20260505 17:16:05.348" level="INFO">Fills the text 'มก232' in the given field.</msg>
<status status="PASS" starttime="20260505 17:16:05.348" endtime="20260505 17:16:05.361"/>
</kw>
<kw name="Click" library="Browser">
<arg>id=sidebar-toggle-btn</arg>
<tag>PageContent</tag>
<tag>Setter</tag>
<doc>Simulates mouse click on the element found by ``selector``.</doc>
<msg timestamp="20260505 17:16:05.361" level="INFO">Clicks the element 'id=sidebar-toggle-btn'.</msg>
<status status="PASS" starttime="20260505 17:16:05.361" endtime="20260505 17:16:05.390"/>
</kw>
<kw name="Sleep" library="BuiltIn">
<arg>2 seconds</arg>
<doc>Pauses the test executed for the given time.</doc>
<msg timestamp="20260505 17:16:07.391" level="INFO">Slept 2 seconds</msg>
<status status="PASS" starttime="20260505 17:16:05.390" endtime="20260505 17:16:07.391"/>
</kw>
<kw name="Click" library="Browser">
<arg>id=queue-booking-tracking-search-vehicleProvince &gt;&gt; css=.ngx-select__toggle &gt;&gt; visible=true</arg>
<tag>PageContent</tag>
<tag>Setter</tag>
<doc>Simulates mouse click on the element found by ``selector``.</doc>
<msg timestamp="20260505 17:16:07.391" level="INFO">Clicks the element 'id=queue-booking-tracking-search-vehicleProvince &gt;&gt; css=.ngx-select__toggle &gt;&gt; visible=true'.</msg>
<status status="PASS" starttime="20260505 17:16:07.391" endtime="20260505 17:16:07.428"/>
</kw>
<kw name="Fill Text" library="Browser">
<arg>id=queue-booking-tracking-search-vehicleProvince &gt;&gt; css=.ngx-select__search</arg>
<arg>${vehicle_province}</arg>
<tag>PageContent</tag>
<tag>Setter</tag>
<doc>Clears and fills the given ``txt`` into the text field found by ``selector``.</doc>
<msg timestamp="20260505 17:16:07.428" level="INFO">Fills the text 'กระบี่' in the given field.</msg>
<status status="PASS" starttime="20260505 17:16:07.428" endtime="20260505 17:16:07.435"/>
</kw>
<kw name="Click" library="Browser">
<arg>xpath=//*[@id="queue-booking-tracking-search-vehicleProvince"]//ngx-select-choices//a[contains(normalize-space(.), '${vehicle_province}')]</arg>
<tag>PageContent</tag>
<tag>Setter</tag>
<doc>Simulates mouse click on the element found by ``selector``.</doc>
<msg timestamp="20260505 17:16:07.435" level="INFO">Clicks the element 'xpath=//*[@id="queue-booking-tracking-search-vehicleProvince"]//ngx-select-choices//a[contains(normalize-space(.), 'กระบี่')]'.</msg>
<status status="PASS" starttime="20260505 17:16:07.435" endtime="20260505 17:16:07.474"/>
</kw>
<kw name="Click" library="Browser">
<arg>id=vehicle-management-vehicle-type-id &gt;&gt; css=.ngx-select__toggle &gt;&gt; visible=true</arg>
<tag>PageContent</tag>
<tag>Setter</tag>
<doc>Simulates mouse click on the element found by ``selector``.</doc>
<msg timestamp="20260505 17:16:07.474" level="INFO">Clicks the element 'id=vehicle-management-vehicle-type-id &gt;&gt; css=.ngx-select__toggle &gt;&gt; visible=true'.</msg>
<status status="PASS" starttime="20260505 17:16:07.474" endtime="20260505 17:16:07.507"/>
</kw>
<kw name="Fill Text" library="Browser">
<arg>xpath=//*[@id="vehicle-management-vehicle-type-id"]/ngx-select/div/input</arg>
<arg>${driver_cartype}</arg>
<tag>PageContent</tag>
<tag>Setter</tag>
<doc>Clears and fills the given ``txt`` into the text field found by ``selector``.</doc>
<msg timestamp="20260505 17:16:07.507" level="INFO">Fills the text 'รถยนต์ 4 ที่นั่ง' in the given field.</msg>
<status status="PASS" starttime="20260505 17:16:07.507" endtime="20260505 17:16:07.511"/>
</kw>
<kw name="Click" library="Browser">
<arg>xpath=//*[@id="vehicle-management-vehicle-type-id"]//ngx-select-choices//a[contains(normalize-space(.), '${driver_cartype}')]</arg>
<tag>PageContent</tag>
<tag>Setter</tag>
<doc>Simulates mouse click on the element found by ``selector``.</doc>
<msg timestamp="20260505 17:16:07.511" level="INFO">Clicks the element 'xpath=//*[@id="vehicle-management-vehicle-type-id"]//ngx-select-choices//a[contains(normalize-space(.), 'รถยนต์ 4 ที่นั่ง')]'.</msg>
<status status="PASS" starttime="20260505 17:16:07.511" endtime="20260505 17:16:07.547"/>
</kw>
<status status="PASS" starttime="20260505 17:16:05.266" endtime="20260505 17:16:07.547"/>
</kw>
<status status="PASS" starttime="20260505 17:16:05.266" endtime="20260505 17:16:07.547"/>
</branch>
<status status="PASS" starttime="20260505 17:16:05.266" endtime="20260505 17:16:07.547"/>
</if>
<if>
<branch type="IF" condition="'${bookingType}' != '${EMPTY}' and '${bokingOrigin}' != '${EMPTY}' and '${bookingDestination}' != '${EMPTY}' and '${reserveHour}' != '${EMPTY}' and '${reserveMinute}' != '${EMPTY}' and '${goodsType}' != '${EMPTY}'">
<kw name="Fill infomation request Booking" library="shipping_createBooking_page">
<arg>${bookingType}</arg>
<arg>${bokingOrigin}</arg>
<arg>${bookingDestination}</arg>
<arg>${reserveHour}</arg>
<arg>${reserveMinute}</arg>
<arg>${goodsType}</arg>
<kw name="Select Options By" library="Browser">
<arg>xpath=//select[@id='queue-booking-detail-bookingTypeId']</arg>
<arg>text</arg>
<arg>${bookingType}</arg>
<tag>PageContent</tag>
<tag>Setter</tag>
<doc>Selects options from select element found by ``selector``.</doc>
<msg timestamp="20260505 17:16:07.550" level="INFO">Selects the option(s) รับสินค้าขาเข้าปกติ by attribute SelectAttribute.label from element xpath=//select[@id='queue-booking-detail-bookingTypeId'].</msg>
<status status="PASS" starttime="20260505 17:16:07.550" endtime="20260505 17:16:07.573"/>
</kw>
<kw name="Select Options By" library="Browser">
<arg>xpath=//select[@id="queue-booking-detail-origin"]</arg>
<arg>text</arg>
<arg>${bokingOrigin}</arg>
<tag>PageContent</tag>
<tag>Setter</tag>
<doc>Selects options from select element found by ``selector``.</doc>
<msg timestamp="20260505 17:16:07.574" level="INFO">Selects the option(s) TG by attribute SelectAttribute.label from element xpath=//select[@id="queue-booking-detail-origin"].</msg>
<status status="PASS" starttime="20260505 17:16:07.573" endtime="20260505 17:16:07.582"/>
</kw>
<kw name="Select Options By" library="Browser">
<arg>xpath=//select[@id="queue-booking-detail-destination"]</arg>
<arg>text</arg>
<arg>${bookingDestination}</arg>
<tag>PageContent</tag>
<tag>Setter</tag>
<doc>Selects options from select element found by ``selector``.</doc>
<msg timestamp="20260505 17:16:07.587" level="INFO">Selects the option(s) ภายในประเทศ/ท่าอื่น by attribute SelectAttribute.label from element xpath=//select[@id="queue-booking-detail-destination"].</msg>
<status status="PASS" starttime="20260505 17:16:07.582" endtime="20260505 17:16:07.596"/>
</kw>
<kw name="Fill Text" library="Browser">
<arg>css=input[placeholder="HH"]</arg>
<arg>${reserveHour}</arg>
<tag>PageContent</tag>
<tag>Setter</tag>
<doc>Clears and fills the given ``txt`` into the text field found by ``selector``.</doc>
<msg timestamp="20260505 17:16:07.596" level="INFO">Fills the text '10' in the given field.</msg>
<status status="PASS" starttime="20260505 17:16:07.596" endtime="20260505 17:16:07.601"/>
</kw>
<kw name="Fill Text" library="Browser">
<arg>css=input[placeholder="MM"]</arg>
<arg>${reserveMinute}</arg>
<tag>PageContent</tag>
<tag>Setter</tag>
<doc>Clears and fills the given ``txt`` into the text field found by ``selector``.</doc>
<msg timestamp="20260505 17:16:07.608" level="INFO">Fills the text '30' in the given field.</msg>
<status status="PASS" starttime="20260505 17:16:07.601" endtime="20260505 17:16:07.622"/>
</kw>
<kw name="Press Keys" library="Browser">
<arg>css=input[placeholder="MM"]</arg>
<arg>Tab</arg>
<tag>PageContent</tag>
<tag>Setter</tag>
<doc>Types the given key combination into element found by ``selector``.</doc>
<status status="PASS" starttime="20260505 17:16:07.622" endtime="20260505 17:16:07.637"/>
</kw>
<kw name="Select Options By" library="Browser">
<arg>xpath=//select[@id="queue-booking-detail-goodsType"]</arg>
<arg>text</arg>
<arg>${goodsType}</arg>
<tag>PageContent</tag>
<tag>Setter</tag>
<doc>Selects options from select element found by ``selector``.</doc>
<msg timestamp="20260505 17:16:07.638" level="INFO">Selects the option(s) ของมีค่า(TG) by attribute SelectAttribute.label from element xpath=//select[@id="queue-booking-detail-goodsType"].</msg>
<status status="PASS" starttime="20260505 17:16:07.637" endtime="20260505 17:16:07.651"/>
</kw>
<status status="PASS" starttime="20260505 17:16:07.549" endtime="20260505 17:16:07.651"/>
</kw>
<status status="PASS" starttime="20260505 17:16:07.548" endtime="20260505 17:16:07.651"/>
</branch>
<status status="PASS" starttime="20260505 17:16:07.547" endtime="20260505 17:16:07.651"/>
</if>
<if>
<branch type="IF" condition="'${declaration_number}' != '${EMPTY}' and '${HAWB}' != '${EMPTY}'">
<kw name="Fill Product list" library="shipping_createBooking_page">
<arg>${declaration_number}</arg>
<arg>${HAWB}</arg>
<kw name="Fill Text" library="Browser">
<arg>xpath=//*[@id="queue-booking-detail-declarationNumber"]</arg>
<arg>${declaration_number}</arg>
<tag>PageContent</tag>
<tag>Setter</tag>
<doc>Clears and fills the given ``txt`` into the text field found by ``selector``.</doc>
<msg timestamp="20260505 17:16:07.655" level="INFO">Fills the text 'GH587333777777' in the given field.</msg>
<status status="PASS" starttime="20260505 17:16:07.655" endtime="20260505 17:16:07.671"/>
</kw>
<kw name="Click" library="Browser">
<arg>xpath=//*[@id="queue-booking-detail-search-declarationNumber"]</arg>
<tag>PageContent</tag>
<tag>Setter</tag>
<doc>Simulates mouse click on the element found by ``selector``.</doc>
<msg timestamp="20260505 17:16:07.671" level="INFO">Clicks the element 'xpath=//*[@id="queue-booking-detail-search-declarationNumber"]'.</msg>
<status status="PASS" starttime="20260505 17:16:07.671" endtime="20260505 17:16:07.700"/>
</kw>
<kw name="Fill Text" library="Browser">
<arg>xpath=//input[@id="queue-booking-detail-hawb"]</arg>
<arg>${HAWB}}</arg>
<tag>PageContent</tag>
<tag>Setter</tag>
<doc>Clears and fills the given ``txt`` into the text field found by ``selector``.</doc>
<msg timestamp="20260505 17:16:07.700" level="INFO">Fills the text 'VG778777777}' in the given field.</msg>
<status status="PASS" starttime="20260505 17:16:07.700" endtime="20260505 17:16:07.810"/>
</kw>
<kw name="Click" library="Browser">
<arg>xpath=//*[@id="queue-booking-detail-add-declarationNumber"]</arg>
<tag>PageContent</tag>
<tag>Setter</tag>
<doc>Simulates mouse click on the element found by ``selector``.</doc>
<msg timestamp="20260505 17:16:07.811" level="INFO">Clicks the element 'xpath=//*[@id="queue-booking-detail-add-declarationNumber"]'.</msg>
<status status="PASS" starttime="20260505 17:16:07.811" endtime="20260505 17:16:07.842"/>
</kw>
<kw name="Click" library="Browser">
<arg>xpath=//*[@id="queue-booking-tracking-btn-search"]</arg>
<tag>PageContent</tag>
<tag>Setter</tag>
<doc>Simulates mouse click on the element found by ``selector``.</doc>
<msg timestamp="20260505 17:16:07.845" level="INFO">Clicks the element 'xpath=//*[@id="queue-booking-tracking-btn-search"]'.</msg>
<status status="PASS" starttime="20260505 17:16:07.844" endtime="20260505 17:16:07.892"/>
</kw>
<status status="PASS" starttime="20260505 17:16:07.651" endtime="20260505 17:16:07.892"/>
</kw>
<status status="PASS" starttime="20260505 17:16:07.651" endtime="20260505 17:16:07.892"/>
</branch>
<status status="PASS" starttime="20260505 17:16:07.651" endtime="20260505 17:16:07.892"/>
</if>
<kw name="Submit Booking" library="shipping_createBooking_page">
<kw name="Click" library="Browser">
<arg>xpath=//*[@id="queue-booking-tracking-btn-submit"]</arg>
<tag>PageContent</tag>
<tag>Setter</tag>
<doc>Simulates mouse click on the element found by ``selector``.</doc>
<msg timestamp="20260505 17:16:07.893" level="INFO">Clicks the element 'xpath=//*[@id="queue-booking-tracking-btn-submit"]'.</msg>
<status status="PASS" starttime="20260505 17:16:07.893" endtime="20260505 17:16:07.924"/>
</kw>
<kw name="Click" library="Browser">
<arg>xpath=//*[@id="queue-booking-tracking-btn-save"]</arg>
<tag>PageContent</tag>
<tag>Setter</tag>
<doc>Simulates mouse click on the element found by ``selector``.</doc>
<msg timestamp="20260505 17:16:07.925" level="INFO">Clicks the element 'xpath=//*[@id="queue-booking-tracking-btn-save"]'.</msg>
<status status="PASS" starttime="20260505 17:16:07.924" endtime="20260505 17:16:08.752"/>
</kw>
<kw name="Sleep" library="BuiltIn">
<arg>5 seconds</arg>
<doc>Pauses the test executed for the given time.</doc>
<msg timestamp="20260505 17:16:13.753" level="INFO">Slept 5 seconds</msg>
<status status="PASS" starttime="20260505 17:16:08.752" endtime="20260505 17:16:13.753"/>
</kw>
<kw name="Click" library="Browser">
<arg>xpath=//*[@id="queue-booking-tracking-btn-save"]</arg>
<tag>PageContent</tag>
<tag>Setter</tag>
<doc>Simulates mouse click on the element found by ``selector``.</doc>
<msg timestamp="20260505 17:16:13.753" level="INFO">Clicks the element 'xpath=//*[@id="queue-booking-tracking-btn-save"]'.</msg>
<status status="PASS" starttime="20260505 17:16:13.753" endtime="20260505 17:16:13.780"/>
</kw>
<status status="PASS" starttime="20260505 17:16:07.893" endtime="20260505 17:16:13.780"/>
</kw>
<kw name="check booking success" library="shipping_createBooking_page">
<kw name="Wait For Elements State" library="Browser">
<arg>xpath=//div[contains(@class, 'text-dark') and contains(., '20')]</arg>
<arg>visible</arg>
<arg>30s</arg>
<tag>PageContent</tag>
<tag>Wait</tag>
<doc>Waits for the element found by ``selector`` to satisfy state option.</doc>
<msg timestamp="20260505 17:16:14.077" level="INFO">Waited for Element with selector xpath=//div[contains(@class, 'text-dark') and contains(., '20')] at state visible</msg>
<status status="PASS" starttime="20260505 17:16:13.782" endtime="20260505 17:16:14.077"/>
</kw>
<kw name="Get Text" library="Browser">
<var>${booking_id}</var>
<arg>xpath=//div[contains(@class, 'text-dark') and contains(., '20')]</arg>
<tag>Assertion</tag>
<tag>Getter</tag>
<tag>PageContent</tag>
<doc>Returns text attribute of the element found by ``selector``.</doc>
<msg timestamp="20260505 17:16:14.088" level="INFO">Text: '202605050088'</msg>
<msg timestamp="20260505 17:16:14.088" level="INFO">${booking_id} = 202605050088</msg>
<status status="PASS" starttime="20260505 17:16:14.077" endtime="20260505 17:16:14.088"/>
</kw>
<kw name="Log To Console" library="BuiltIn">
<arg>\nSuccessfully Created Booking ID: ${booking_id}</arg>
<doc>Logs the given message to the console.</doc>
<status status="PASS" starttime="20260505 17:16:14.088" endtime="20260505 17:16:14.088"/>
</kw>
<kw name="Set Global Variable" library="BuiltIn">
<arg>${GLOBAL_BOOKING_ID}</arg>
<arg>${booking_id}</arg>
<doc>Makes a variable available globally in all tests and suites.</doc>
<msg timestamp="20260505 17:16:14.089" level="INFO">${GLOBAL_BOOKING_ID} = 202605050088</msg>
<status status="PASS" starttime="20260505 17:16:14.088" endtime="20260505 17:16:14.089"/>
</kw>
<kw name="Get Text" library="Browser">
<var>${Queue_status}</var>
<arg>xpath=//div[contains(@class, 'text-dark') and contains(., 'Queue')]</arg>
<tag>Assertion</tag>
<tag>Getter</tag>
<tag>PageContent</tag>
<doc>Returns text attribute of the element found by ``selector``.</doc>
<msg timestamp="20260505 17:16:14.099" level="INFO">Text: 'Queue'</msg>
<msg timestamp="20260505 17:16:14.099" level="INFO">${Queue_status} = Queue</msg>
<status status="PASS" starttime="20260505 17:16:14.089" endtime="20260505 17:16:14.099"/>
</kw>
<kw name="Log To Console" library="BuiltIn">
<arg>Queue Status: ${Queue_status}</arg>
<doc>Logs the given message to the console.</doc>
<status status="PASS" starttime="20260505 17:16:14.099" endtime="20260505 17:16:14.100"/>
</kw>
<kw name="Click" library="Browser">
<arg>xpath=//*[@id="queue-booking-tracking-btn-back"]</arg>
<tag>PageContent</tag>
<tag>Setter</tag>
<doc>Simulates mouse click on the element found by ``selector``.</doc>
<msg timestamp="20260505 17:16:14.100" level="INFO">Clicks the element 'xpath=//*[@id="queue-booking-tracking-btn-back"]'.</msg>
<status status="PASS" starttime="20260505 17:16:14.100" endtime="20260505 17:16:14.167"/>
</kw>
<status status="PASS" starttime="20260505 17:16:13.782" endtime="20260505 17:16:14.167"/>
</kw>
<status status="PASS" starttime="20260505 17:16:02.326" endtime="20260505 17:16:14.167"/>
</kw>
<kw name="Close Web Application" library="config" type="TEARDOWN">
<kw name="Close Browser" library="Browser">
<tag>BrowserControl</tag>
<tag>Setter</tag>
<doc>Closes the current browser.</doc>
<msg timestamp="20260505 17:16:14.407" level="INFO">Closed browser</msg>
<status status="PASS" starttime="20260505 17:16:14.167" endtime="20260505 17:16:14.407"/>
</kw>
<status status="PASS" starttime="20260505 17:16:14.167" endtime="20260505 17:16:14.407"/>
</kw>
<doc>ทดสอบกรณีสร้าง booking สำเร็จ</doc>
<status status="PASS" starttime="20260505 17:15:57.542" endtime="20260505 17:16:14.407"/>
</test>
<status status="PASS" starttime="20260505 17:15:57.528" endtime="20260505 17:16:14.407"/>
</suite>
<suite id="s1-s1-s2-s2" name="01 1Double" source="C:\Users\iTservice\Document\FEMS_AutomationTest\testsuite\Shipping\SHIPPING02_CreateBooking\01_1Double.robot">
<test id="s1-s1-s2-s2-t1" name="TC_05: create booking success" line="13">
<kw name="Run Keywords" library="BuiltIn" type="SETUP">
<arg>Login As shipping User</arg>
<arg>AND</arg>
<arg>Prepare All Random Variables</arg>
<doc>Executes all the given keywords in a sequence.</doc>
<kw name="Login As shipping User" library="config">
<kw name="Open Login Shipping Web Application" library="config">
<kw name="New Browser" library="Browser">
<arg>browser=chromium</arg>
<arg>headless=False</arg>
<tag>BrowserControl</tag>
<tag>Setter</tag>
<doc>Create a new playwright Browser with specified options.</doc>
<msg timestamp="20260505 17:16:14.437" level="INFO">{"browser": "chromium", "headless": false, "chromiumSandbox": false, "devtools": false, "handleSIGHUP": true, "handleSIGINT": true, "handleSIGTERM": true, "slowMo": 0.0, "timeout": 30000.0, "tracesDir": "C:\\Users\\iTservice\\Document\\FEMS_AutomationTest\\output\\browser\\traces\\temp\\3c9590ea-da4f-49c1-8814-d4b23101edc4"}</msg>
<msg timestamp="20260505 17:16:14.619" level="INFO">Successfully created browser with options: {"browser":"chromium","headless":false,"chromiumSandbox":false,"devtools":false,"handleSIGHUP":true,"handleSIGINT":true,"handleSIGTERM":true,"slowMo":0,"timeout":30000,"tracesDir":"C:\\Users\\iTservice\\Document\\FEMS_AutomationTest\\output\\browser\\traces\\temp\\3c9590ea-da4f-49c1-8814-d4b23101edc4"}</msg>
<status status="PASS" starttime="20260505 17:16:14.437" endtime="20260505 17:16:14.619"/>
</kw>
<kw name="New Page" library="Browser">
<arg>${url_login}</arg>
<tag>BrowserControl</tag>
<tag>Setter</tag>
<doc>Open a new Page.</doc>
<msg timestamp="20260505 17:16:17.026" level="INFO">Successfully initialized new page object and opened url: https://uataotfems.netbay.co.th/fems/#/auth/shipping/login</msg>
<msg timestamp="20260505 17:16:17.026" level="INFO">No context was open. New context was automatically opened when this page is created.</msg>
<status status="PASS" starttime="20260505 17:16:14.619" endtime="20260505 17:16:17.026"/>
</kw>
<kw name="Set Browser Timeout" library="Browser">
<arg>20 seconds</arg>
<tag>Config</tag>
<tag>Setter</tag>
<doc>Sets the timeout used by most input and getter keywords.</doc>
<status status="PASS" starttime="20260505 17:16:17.026" endtime="20260505 17:16:17.026"/>
</kw>
<status status="PASS" starttime="20260505 17:16:14.437" endtime="20260505 17:16:17.026"/>
</kw>
<kw name="Input Login Credentials" library="shipping_login_page">
<arg>trainingship</arg>
<arg>Netbay@123</arg>
<kw name="Fill Text" library="Browser">
<arg>${TXT_USERNAME}</arg>
<arg>${username}</arg>
<tag>PageContent</tag>
<tag>Setter</tag>
<doc>Clears and fills the given ``txt`` into the text field found by ``selector``.</doc>
<msg timestamp="20260505 17:16:17.026" level="INFO">Fills the text 'trainingship' in the given field.</msg>
<status status="PASS" starttime="20260505 17:16:17.026" endtime="20260505 17:16:17.046"/>
</kw>
<kw name="Fill Text" library="Browser">
<arg>${TXT_PASSWORD}</arg>
<arg>${password}</arg>
<tag>PageContent</tag>
<tag>Setter</tag>
<doc>Clears and fills the given ``txt`` into the text field found by ``selector``.</doc>
<msg timestamp="20260505 17:16:17.046" level="INFO">Fills the text 'Netbay@123' in the given field.</msg>
<status status="PASS" starttime="20260505 17:16:17.046" endtime="20260505 17:16:17.061"/>
</kw>
<status status="PASS" starttime="20260505 17:16:17.026" endtime="20260505 17:16:17.061"/>
</kw>
<kw name="Click Login Button" library="shipping_login_page">
<kw name="Click" library="Browser">
<arg>${BTN_LOGIN}</arg>
<tag>PageContent</tag>
<tag>Setter</tag>
<doc>Simulates mouse click on the element found by ``selector``.</doc>
<msg timestamp="20260505 17:16:17.061" level="INFO">Clicks the element 'xpath=//*[@title="Login"]'.</msg>
<status status="PASS" starttime="20260505 17:16:17.061" endtime="20260505 17:16:17.137"/>
</kw>
<kw name="Sleep" library="BuiltIn">
<arg>3 seconds</arg>
<doc>Pauses the test executed for the given time.</doc>
<msg timestamp="20260505 17:16:20.139" level="INFO">Slept 3 seconds</msg>
<status status="PASS" starttime="20260505 17:16:17.138" endtime="20260505 17:16:20.139"/>
</kw>
<status status="PASS" starttime="20260505 17:16:17.061" endtime="20260505 17:16:20.139"/>
</kw>
<status status="PASS" starttime="20260505 17:16:14.437" endtime="20260505 17:16:20.139"/>
</kw>
<kw name="Prepare All Random Variables" library="data_generator">
<kw name="Get Random Date to TMO" library="data_generator">
<var>${date_full}</var>
<var>${date_num}</var>
<kw name="Evaluate" library="BuiltIn">
<var>${random_days}</var>
<arg>random.randint(1, 60)</arg>
<arg>modules=random</arg>
<doc>Evaluates the given expression in Python and returns the result.</doc>
<msg timestamp="20260505 17:16:20.139" level="INFO">${random_days} = 31</msg>
<status status="PASS" starttime="20260505 17:16:20.139" endtime="20260505 17:16:20.139"/>
</kw>
<kw name="Get Current Date" library="DateTime">
<var>${date_full}</var>
<arg>increment=${random_days} days</arg>
<arg>result_format=%Y-%B-%d</arg>
<doc>Returns current local or UTC time with an optional increment.</doc>
<msg timestamp="20260505 17:16:20.139" level="INFO">${date_full} = 2026-June-05</msg>
<status status="PASS" starttime="20260505 17:16:20.139" endtime="20260505 17:16:20.139"/>
</kw>
<kw name="Convert Date" library="DateTime">
<var>${date_num}</var>
<arg>${date_full}</arg>
<arg>date_format=%Y-%B-%d</arg>
<arg>result_format=%Y-%m-%d</arg>
<doc>Converts between supported `date formats`.</doc>
<msg timestamp="20260505 17:16:20.143" level="INFO">${date_num} = 2026-06-05</msg>
<status status="PASS" starttime="20260505 17:16:20.139" endtime="20260505 17:16:20.143"/>
</kw>
<msg timestamp="20260505 17:16:20.143" level="INFO">${date_full} = 2026-June-05</msg>
<msg timestamp="20260505 17:16:20.143" level="INFO">${date_num} = 2026-06-05</msg>
<status status="PASS" starttime="20260505 17:16:20.139" endtime="20260505 17:16:20.143"/>
</kw>
<kw name="Get Random License Plate" library="data_generator">
<var>${license}</var>
<kw name="Generate Random String" library="String">
<var>${rand_char}</var>
<arg>2</arg>
<arg>กขคพยรล</arg>
<doc>Generates a string with a desired ``length`` from the given ``chars``.</doc>
<msg timestamp="20260505 17:16:20.143" level="INFO">${rand_char} = ขพ</msg>
<status status="PASS" starttime="20260505 17:16:20.143" endtime="20260505 17:16:20.143"/>
</kw>
<kw name="Generate Random String" library="String">
<var>${rand_num}</var>
<arg>3</arg>
<arg>[NUMBERS]</arg>
<doc>Generates a string with a desired ``length`` from the given ``chars``.</doc>
<msg timestamp="20260505 17:16:20.143" level="INFO">${rand_num} = 490</msg>
<status status="PASS" starttime="20260505 17:16:20.143" endtime="20260505 17:16:20.143"/>
</kw>
<kw name="Set Variable" library="BuiltIn">
<var>${license}</var>
<arg>${rand_char}${rand_num}</arg>
<doc>Returns the given values which can then be assigned to a variables.</doc>
<msg timestamp="20260505 17:16:20.143" level="INFO">${license} = ขพ490</msg>
<status status="PASS" starttime="20260505 17:16:20.143" endtime="20260505 17:16:20.143"/>
</kw>
<msg timestamp="20260505 17:16:20.143" level="INFO">${license} = ขพ490</msg>
<status status="PASS" starttime="20260505 17:16:20.143" endtime="20260505 17:16:20.143"/>
</kw>
<kw name="Generate Random DecNo And HAWB" library="data_generator">
<var>${dec_no}</var>
<var>${hawb_no}</var>
<kw name="Generate Random String" library="String">
<var>${dec_no}</var>
<arg>14</arg>
<arg>[NUMBERS]</arg>
<doc>Generates a string with a desired ``length`` from the given ``chars``.</doc>
<msg timestamp="20260505 17:16:20.143" level="INFO">${dec_no} = 33374345778394</msg>
<status status="PASS" starttime="20260505 17:16:20.143" endtime="20260505 17:16:20.143"/>
</kw>
<kw name="Generate Random String" library="String">
<var>${hawb_no}</var>
<arg>10</arg>
<arg>[UPPER][NUMBERS]</arg>
<doc>Generates a string with a desired ``length`` from the given ``chars``.</doc>
<msg timestamp="20260505 17:16:20.143" level="INFO">${hawb_no} = 8DCNG5PVAN</msg>
<status status="PASS" starttime="20260505 17:16:20.143" endtime="20260505 17:16:20.143"/>
</kw>
<msg timestamp="20260505 17:16:20.143" level="INFO">${dec_no} = 33374345778394</msg>
<msg timestamp="20260505 17:16:20.143" level="INFO">${hawb_no} = 8DCNG5PVAN</msg>
<status status="PASS" starttime="20260505 17:16:20.143" endtime="20260505 17:16:20.143"/>
</kw>
<kw name="Generate Random DecNo2 And HAWB2" library="data_generator">
<var>${dec2_no}</var>
<var>${hawb2_no}</var>
<kw name="Generate Random String" library="String">
<var>${dec2_no}</var>
<arg>14</arg>
<arg>[NUMBERS]</arg>
<doc>Generates a string with a desired ``length`` from the given ``chars``.</doc>
<msg timestamp="20260505 17:16:20.143" level="INFO">${dec2_no} = 00073553907308</msg>
<status status="PASS" starttime="20260505 17:16:20.143" endtime="20260505 17:16:20.143"/>
</kw>
<kw name="Generate Random String" library="String">
<var>${hawb2_no}</var>
<arg>10</arg>
<arg>[UPPER][NUMBERS]</arg>
<doc>Generates a string with a desired ``length`` from the given ``chars``.</doc>
<msg timestamp="20260505 17:16:20.143" level="INFO">${hawb2_no} = SCU7LO58IZ</msg>
<status status="PASS" starttime="20260505 17:16:20.143" endtime="20260505 17:16:20.143"/>
</kw>
<msg timestamp="20260505 17:16:20.143" level="INFO">${dec2_no} = 00073553907308</msg>
<msg timestamp="20260505 17:16:20.143" level="INFO">${hawb2_no} = SCU7LO58IZ</msg>
<status status="PASS" starttime="20260505 17:16:20.143" endtime="20260505 17:16:20.143"/>
</kw>
<kw name="Get Random Driver ID" library="data_generator">
<var>${driver_id_fmt}</var>
<kw name="Generate Random String" library="String">
<var>${driver_id}</var>
<arg>13</arg>
<arg>[NUMBERS]</arg>
<doc>Generates a string with a desired ``length`` from the given ``chars``.</doc>
<msg timestamp="20260505 17:16:20.143" level="INFO">${driver_id} = 7733878503039</msg>
<status status="PASS" starttime="20260505 17:16:20.143" endtime="20260505 17:16:20.143"/>
</kw>
<kw name="Set Variable" library="BuiltIn">
<var>${driver_id_fmt}</var>
<arg>1-${driver_id[1:5]}-${driver_id[5:10]}-${driver_id[10:12]}-${driver_id[12]}</arg>
<doc>Returns the given values which can then be assigned to a variables.</doc>
<msg timestamp="20260505 17:16:20.143" level="INFO">${driver_id_fmt} = 1-7338-78503-03-9</msg>
<status status="PASS" starttime="20260505 17:16:20.143" endtime="20260505 17:16:20.143"/>
</kw>
<msg timestamp="20260505 17:16:20.143" level="INFO">${driver_id_fmt} = 1-7338-78503-03-9</msg>
<status status="PASS" starttime="20260505 17:16:20.143" endtime="20260505 17:16:20.143"/>
</kw>
<kw name="Set Global Variable" library="BuiltIn">
<arg>${RAND_DATE_FULL}</arg>
<arg>${date_full}</arg>
<doc>Makes a variable available globally in all tests and suites.</doc>
<msg timestamp="20260505 17:16:20.143" level="INFO">${RAND_DATE_FULL} = 2026-June-05</msg>
<status status="PASS" starttime="20260505 17:16:20.143" endtime="20260505 17:16:20.143"/>
</kw>
<kw name="Set Global Variable" library="BuiltIn">
<arg>${RAND_DATE_NUM}</arg>
<arg>${date_num}</arg>
<doc>Makes a variable available globally in all tests and suites.</doc>
<msg timestamp="20260505 17:16:20.143" level="INFO">${RAND_DATE_NUM} = 2026-06-05</msg>
<status status="PASS" starttime="20260505 17:16:20.143" endtime="20260505 17:16:20.143"/>
</kw>
<kw name="Set Global Variable" library="BuiltIn">
<arg>${RAND_LICENSE}</arg>
<arg>${license}</arg>
<doc>Makes a variable available globally in all tests and suites.</doc>
<msg timestamp="20260505 17:16:20.143" level="INFO">${RAND_LICENSE} = ขพ490</msg>
<status status="PASS" starttime="20260505 17:16:20.143" endtime="20260505 17:16:20.143"/>
</kw>
<kw name="Set Global Variable" library="BuiltIn">
<arg>${RAND_DEC_NO}</arg>
<arg>${dec_no}</arg>
<doc>Makes a variable available globally in all tests and suites.</doc>
<msg timestamp="20260505 17:16:20.143" level="INFO">${RAND_DEC_NO} = 33374345778394</msg>
<status status="PASS" starttime="20260505 17:16:20.143" endtime="20260505 17:16:20.143"/>
</kw>
<kw name="Set Global Variable" library="BuiltIn">
<arg>${RAND_HAWB}</arg>
<arg>${hawb_no}</arg>
<doc>Makes a variable available globally in all tests and suites.</doc>
<msg timestamp="20260505 17:16:20.143" level="INFO">${RAND_HAWB} = 8DCNG5PVAN</msg>
<status status="PASS" starttime="20260505 17:16:20.143" endtime="20260505 17:16:20.143"/>
</kw>
<kw name="Set Global Variable" library="BuiltIn">
<arg>${RAND_DEC2_NO}</arg>
<arg>${dec2_no}</arg>
<doc>Makes a variable available globally in all tests and suites.</doc>
<msg timestamp="20260505 17:16:20.143" level="INFO">${RAND_DEC2_NO} = 00073553907308</msg>
<status status="PASS" starttime="20260505 17:16:20.143" endtime="20260505 17:16:20.143"/>
</kw>
<kw name="Set Global Variable" library="BuiltIn">
<arg>${RAND_HAWB2}</arg>
<arg>${hawb2_no}</arg>
<doc>Makes a variable available globally in all tests and suites.</doc>
<msg timestamp="20260505 17:16:20.143" level="INFO">${RAND_HAWB2} = SCU7LO58IZ</msg>
<status status="PASS" starttime="20260505 17:16:20.143" endtime="20260505 17:16:20.143"/>
</kw>
<kw name="Set Global Variable" library="BuiltIn">
<arg>${RAND_DRIVER_ID}</arg>
<arg>${driver_id_fmt}</arg>
<doc>Makes a variable available globally in all tests and suites.</doc>
<msg timestamp="20260505 17:16:20.143" level="INFO">${RAND_DRIVER_ID} = 1-7338-78503-03-9</msg>
<status status="PASS" starttime="20260505 17:16:20.143" endtime="20260505 17:16:20.143"/>
</kw>
<status status="PASS" starttime="20260505 17:16:20.139" endtime="20260505 17:16:20.143"/>
</kw>
<status status="PASS" starttime="20260505 17:16:14.437" endtime="20260505 17:16:20.143"/>
</kw>
<kw name="Verify Booking Success (Double)" library="shipping_createBooking_page">
<arg>${RAND_DATE_FULL}</arg>
<arg>${RAND_LICENSE}</arg>
<arg>กระบี่</arg>
<arg>รถยนต์ 4 ที่นั่ง</arg>
<arg>${RAND_DRIVER_ID}</arg>
<arg>รับสินค้าขาเข้าปกติ</arg>
<arg>TG</arg>
<arg>ภายในประเทศ/ท่าอื่น</arg>
<arg>10</arg>
<arg>30</arg>
<arg>ของมีค่า(TG)</arg>
<arg>${RAND_DEC_NO}</arg>
<arg>${RAND_HAWB}</arg>
<kw name="Open Queue Booking Menu" library="shipping_createBooking_page">
<kw name="Click" library="Browser">
<arg>${MENU_QUEUE_BOOKING}</arg>
<tag>PageContent</tag>
<tag>Setter</tag>
<doc>Simulates mouse click on the element found by ``selector``.</doc>
<msg timestamp="20260505 17:16:20.143" level="INFO">Clicks the element 'xpath=//*[@id="sidebar-menu-17"]'.</msg>
<status status="PASS" starttime="20260505 17:16:20.143" endtime="20260505 17:16:20.182"/>
</kw>
<status status="PASS" starttime="20260505 17:16:20.143" endtime="20260505 17:16:20.182"/>
</kw>
<kw name="Open Create Booking Page" library="shipping_createBooking_page">
<kw name="Click" library="Browser">
<arg>${MENU_CREATE_BOOKING}</arg>
<tag>PageContent</tag>
<tag>Setter</tag>
<doc>Simulates mouse click on the element found by ``selector``.</doc>
<msg timestamp="20260505 17:16:20.183" level="INFO">Clicks the element 'xpath=//*[@id="queue-booking-tracking-btn-create"]'.</msg>
<status status="PASS" starttime="20260505 17:16:20.182" endtime="20260505 17:16:20.333"/>
</kw>
<status status="PASS" starttime="20260505 17:16:20.182" endtime="20260505 17:16:20.333"/>
</kw>
<kw name="Fill Date to TMO" library="shipping_createBooking_page">
<arg>${date_to_tmo}</arg>
<kw name="Split String" library="String">
<var>${year}</var>
<var>${month}</var>
<var>${day}</var>
<arg>${date_to_tmo}</arg>
<arg>-</arg>
<doc>Splits the ``string`` using ``separator`` as a delimiter string.</doc>
<msg timestamp="20260505 17:16:20.334" level="INFO">${year} = 2026</msg>
<msg timestamp="20260505 17:16:20.334" level="INFO">${month} = June</msg>
<msg timestamp="20260505 17:16:20.334" level="INFO">${day} = 05</msg>
<status status="PASS" starttime="20260505 17:16:20.334" endtime="20260505 17:16:20.334"/>
</kw>
<kw name="Click" library="Browser">
<arg>//*[@id="queue-booking-tracking-search-reserveDate"]</arg>
<tag>PageContent</tag>
<tag>Setter</tag>
<doc>Simulates mouse click on the element found by ``selector``.</doc>
<msg timestamp="20260505 17:16:20.334" level="INFO">Clicks the element '//*[@id="queue-booking-tracking-search-reserveDate"]'.</msg>
<status status="PASS" starttime="20260505 17:16:20.334" endtime="20260505 17:16:21.192"/>
</kw>
<kw name="Wait For Elements State" library="Browser">
<arg>.bs-datepicker-container</arg>
<arg>visible</arg>
<tag>PageContent</tag>
<tag>Wait</tag>
<doc>Waits for the element found by ``selector`` to satisfy state option.</doc>
<msg timestamp="20260505 17:16:21.198" level="INFO">Waited for Element with selector .bs-datepicker-container at state visible</msg>
<status status="PASS" starttime="20260505 17:16:21.193" endtime="20260505 17:16:21.198"/>
</kw>
<kw name="Click" library="Browser">
<arg>(//div[contains(@class,"bs-datepicker-head")]//button[contains(@class,"current")])[2]</arg>
<tag>PageContent</tag>
<tag>Setter</tag>
<doc>Simulates mouse click on the element found by ``selector``.</doc>
<msg timestamp="20260505 17:16:21.199" level="INFO">Clicks the element '(//div[contains(@class,"bs-datepicker-head")]//button[contains(@class,"current")])[2]'.</msg>
<status status="PASS" starttime="20260505 17:16:21.198" endtime="20260505 17:16:21.223"/>
</kw>
<kw name="Click" library="Browser">
<arg>//span[normalize-space()="${year}"]</arg>
<tag>PageContent</tag>
<tag>Setter</tag>
<doc>Simulates mouse click on the element found by ``selector``.</doc>
<msg timestamp="20260505 17:16:21.223" level="INFO">Clicks the element '//span[normalize-space()="2026"]'.</msg>
<status status="PASS" starttime="20260505 17:16:21.223" endtime="20260505 17:16:21.247"/>
</kw>
<kw name="Click" library="Browser">
<arg>//span[normalize-space()="${month}"]</arg>
<tag>PageContent</tag>
<tag>Setter</tag>
<doc>Simulates mouse click on the element found by ``selector``.</doc>
<msg timestamp="20260505 17:16:21.247" level="INFO">Clicks the element '//span[normalize-space()="June"]'.</msg>
<status status="PASS" starttime="20260505 17:16:21.247" endtime="20260505 17:16:21.287"/>
</kw>
<kw name="Wait For Elements State" library="Browser">
<arg>.bs-datepicker-body</arg>
<arg>visible</arg>
<tag>PageContent</tag>
<tag>Wait</tag>
<doc>Waits for the element found by ``selector`` to satisfy state option.</doc>
<msg timestamp="20260505 17:16:21.289" level="INFO">Waited for Element with selector .bs-datepicker-body at state visible</msg>
<status status="PASS" starttime="20260505 17:16:21.287" endtime="20260505 17:16:21.289"/>
</kw>
<kw name="Convert To Integer" library="BuiltIn">
<var>${day_int}</var>
<arg>${day}</arg>
<doc>Converts the given item to an integer number.</doc>
<msg timestamp="20260505 17:16:21.296" level="INFO">${day_int} = 5</msg>
<status status="PASS" starttime="20260505 17:16:21.289" endtime="20260505 17:16:21.296"/>
</kw>
<kw name="Click" library="Browser">
[...]
<tag>Getter</tag>
<tag>PageContent</tag>
<doc>Returns the count of elements found with ``selector``.</doc>
<msg timestamp="20260505 17:21:10.198" level="INFO">${count} = 1</msg>
<status status="PASS" starttime="20260505 17:21:10.198" endtime="20260505 17:21:10.198"/>
</kw>
<kw name="Log To Console" library="BuiltIn">
<arg>\n[INFO] Verified Status '${expected_status}': Found ${count} record(s)</arg>
<doc>Logs the given message to the console.</doc>
<status status="PASS" starttime="20260505 17:21:10.198" endtime="20260505 17:21:10.198"/>
</kw>
<kw name="Should Be True" library="BuiltIn">
<arg>${count} &gt; 0</arg>
<arg>msg=❌ ไม่พบสถานะ ${expected_status} ในผลการค้นหา</arg>
<doc>Fails if the given condition is not true.</doc>
<status status="PASS" starttime="20260505 17:21:10.198" endtime="20260505 17:21:10.198"/>
</kw>
<return>
<value>${count}</value>
<status status="PASS" starttime="20260505 17:21:10.198" endtime="20260505 17:21:10.198"/>
</return>
<status status="PASS" starttime="20260505 17:21:10.198" endtime="20260505 17:21:10.198"/>
</kw>
<kw name="Wait For Elements State" library="Browser">
<arg>id=queue-management-tracking-selected-all</arg>
<arg>visible</arg>
<arg>timeout=10s</arg>
<tag>PageContent</tag>
<tag>Wait</tag>
<doc>Waits for the element found by ``selector`` to satisfy state option.</doc>
<msg timestamp="20260505 17:21:10.217" level="INFO">Waited for Element with selector id=queue-management-tracking-selected-all at state visible</msg>
<status status="PASS" starttime="20260505 17:21:10.198" endtime="20260505 17:21:10.217"/>
</kw>
<kw name="Check Checkbox" library="Browser">
<arg>id=queue-management-tracking-selected-all</arg>
<tag>PageContent</tag>
<tag>Setter</tag>
<doc>Checks the checkbox or selects radio button found by ``selector``.</doc>
<status status="PASS" starttime="20260505 17:21:10.217" endtime="20260505 17:21:10.239"/>
</kw>
<kw name="Click" library="Browser">
<arg>xpath=//*[@id="tracking-management-btn-multiple-accept"]</arg>
<tag>PageContent</tag>
<tag>Setter</tag>
<doc>Simulates mouse click on the element found by ``selector``.</doc>
<msg timestamp="20260505 17:21:10.240" level="INFO">Clicks the element 'xpath=//*[@id="tracking-management-btn-multiple-accept"]'.</msg>
<status status="PASS" starttime="20260505 17:21:10.240" endtime="20260505 17:21:10.271"/>
</kw>
<kw name="Click" library="Browser">
<arg>xpath=//div[@class="modal-content"]//button[@id="tracking-management-btn-multiple-accept"]</arg>
<tag>PageContent</tag>
<tag>Setter</tag>
<doc>Simulates mouse click on the element found by ``selector``.</doc>
<msg timestamp="20260505 17:21:10.271" level="INFO">Clicks the element 'xpath=//div[@class="modal-content"]//button[@id="tracking-management-btn-multiple-accept"]'.</msg>
<status status="PASS" starttime="20260505 17:21:10.271" endtime="20260505 17:21:11.101"/>
</kw>
<kw name="Verify Status in Search Result" library="TMO_QueueManagment">
<arg>expected_status=Accept</arg>
<if>
<branch type="IF" condition="'${expected_status}' == '${EMPTY}' or '${expected_status}' == 'All'">
<return>
<value>${0}</value>
<status status="NOT RUN" starttime="20260505 17:21:11.102" endtime="20260505 17:21:11.103"/>
</return>
<status status="NOT RUN" starttime="20260505 17:21:11.102" endtime="20260505 17:21:11.103"/>
</branch>
<status status="PASS" starttime="20260505 17:21:11.102" endtime="20260505 17:21:11.103"/>
</if>
<kw name="Set Variable" library="BuiltIn">
<var>${base_xpath}</var>
<arg>//div[contains(@class, 'card-content') and ./span[contains(text(), 'Status')]]//span[normalize-space(.)='${expected_status}']</arg>
<doc>Returns the given values which can then be assigned to a variables.</doc>
<msg timestamp="20260505 17:21:11.103" level="INFO">${base_xpath} = //div[contains(@class, 'card-content') and ./span[contains(text(), 'Status')]]//span[normalize-space(.)='Accept']</msg>
<status status="PASS" starttime="20260505 17:21:11.103" endtime="20260505 17:21:11.103"/>
</kw>
<if>
<branch type="IF" condition="'${target_booking_id}' != '${EMPTY}'">
<kw name="Set Variable" library="BuiltIn">
<var>${base_xpath}</var>
<arg>//div[contains(@class, 'card-body') and .//span[text()='${target_booking_id}']]${base_xpath}</arg>
<doc>Returns the given values which can then be assigned to a variables.</doc>
<status status="NOT RUN" starttime="20260505 17:21:11.104" endtime="20260505 17:21:11.104"/>
</kw>
<status status="NOT RUN" starttime="20260505 17:21:11.103" endtime="20260505 17:21:11.104"/>
</branch>
<status status="PASS" starttime="20260505 17:21:11.103" endtime="20260505 17:21:11.104"/>
</if>
<kw name="Wait For Elements State" library="Browser">
<arg>xpath=(${base_xpath})[1]</arg>
<arg>visible</arg>
<arg>timeout=10s</arg>
<tag>PageContent</tag>
<tag>Wait</tag>
<doc>Waits for the element found by ``selector`` to satisfy state option.</doc>
<msg timestamp="20260505 17:21:11.415" level="INFO">Waited for Element with selector xpath=(//div[contains(@class, 'card-content') and ./span[contains(text(), 'Status')]]//span[normalize-space(.)='Accept'])[1] at state visible</msg>
<status status="PASS" starttime="20260505 17:21:11.104" endtime="20260505 17:21:11.416"/>
</kw>
<kw name="Get Element Count" library="Browser">
<var>${count}</var>
<arg>xpath=${base_xpath}</arg>
<tag>Assertion</tag>
<tag>Getter</tag>
<tag>PageContent</tag>
<doc>Returns the count of elements found with ``selector``.</doc>
<msg timestamp="20260505 17:21:11.420" level="INFO">${count} = 1</msg>
<status status="PASS" starttime="20260505 17:21:11.416" endtime="20260505 17:21:11.420"/>
</kw>
<kw name="Log To Console" library="BuiltIn">
<arg>\n[INFO] Verified Status '${expected_status}': Found ${count} record(s)</arg>
<doc>Logs the given message to the console.</doc>
<status status="PASS" starttime="20260505 17:21:11.421" endtime="20260505 17:21:11.421"/>
</kw>
<kw name="Should Be True" library="BuiltIn">
<arg>${count} &gt; 0</arg>
<arg>msg=❌ ไม่พบสถานะ ${expected_status} ในผลการค้นหา</arg>
<doc>Fails if the given condition is not true.</doc>
<status status="PASS" starttime="20260505 17:21:11.421" endtime="20260505 17:21:11.422"/>
</kw>
<return>
<value>${count}</value>
<status status="PASS" starttime="20260505 17:21:11.422" endtime="20260505 17:21:11.422"/>
</return>
<status status="PASS" starttime="20260505 17:21:11.101" endtime="20260505 17:21:11.422"/>
</kw>
<kw name="Wait For Elements State" library="Browser">
<arg>id=queue-management-tracking-check-0</arg>
<arg>visible</arg>
<arg>timeout=10s</arg>
<tag>PageContent</tag>
<tag>Wait</tag>
<doc>Waits for the element found by ``selector`` to satisfy state option.</doc>
<msg timestamp="20260505 17:21:11.426" level="INFO">Waited for Element with selector id=queue-management-tracking-check-0 at state visible</msg>
<status status="PASS" starttime="20260505 17:21:11.422" endtime="20260505 17:21:11.426"/>
</kw>
<kw name="Check Checkbox" library="Browser">
<arg>id=queue-management-tracking-check-0</arg>
<tag>PageContent</tag>
<tag>Setter</tag>
<doc>Checks the checkbox or selects radio button found by ``selector``.</doc>
<status status="PASS" starttime="20260505 17:21:11.427" endtime="20260505 17:21:11.623"/>
</kw>
<status status="PASS" starttime="20260505 17:21:01.696" endtime="20260505 17:21:11.623"/>
</kw>
<kw name="check assignDock success" library="TMO_assignDock">
<arg>${select-value}</arg>
<arg>${time_in_TMO}</arg>
<kw name="Click" library="Browser">
<arg>xpath=//*[@id="channel-management-btn-search"]</arg>
<tag>PageContent</tag>
<tag>Setter</tag>
<doc>Simulates mouse click on the element found by ``selector``.</doc>
<msg timestamp="20260505 17:21:11.627" level="INFO">Clicks the element 'xpath=//*[@id="channel-management-btn-search"]'.</msg>
<status status="PASS" starttime="20260505 17:21:11.627" endtime="20260505 17:21:11.665"/>
</kw>
<kw name="Select ngx-select Value" library="TMO_assignDock">
<arg>${select-value}</arg>
<kw name="Click" library="Browser">
<arg>xpath=//div[contains(@class, "ngx-select__toggle")]</arg>
<tag>PageContent</tag>
<tag>Setter</tag>
<doc>Simulates mouse click on the element found by ``selector``.</doc>
<msg timestamp="20260505 17:21:11.666" level="INFO">Clicks the element 'xpath=//div[contains(@class, "ngx-select__toggle")]'.</msg>
<status status="PASS" starttime="20260505 17:21:11.666" endtime="20260505 17:21:12.509"/>
</kw>
<kw name="Set Variable" library="BuiltIn">
<var>${item_locator}</var>
<arg>xpath=//ul[contains(@class, "ngx-select__choices")]//a[contains(@class, "ngx-select__item")]//span[normalize-space(.)="${target_value}"]</arg>
<doc>Returns the given values which can then be assigned to a variables.</doc>
<msg timestamp="20260505 17:21:12.510" level="INFO">${item_locator} = xpath=//ul[contains(@class, "ngx-select__choices")]//a[contains(@class, "ngx-select__item")]//span[normalize-space(.)="36 (Vehicle = 0)"]</msg>
<status status="PASS" starttime="20260505 17:21:12.509" endtime="20260505 17:21:12.510"/>
</kw>
<kw name="Wait For Elements State" library="Browser">
<arg>${item_locator}</arg>
<arg>visible</arg>
<arg>timeout=10s</arg>
<tag>PageContent</tag>
<tag>Wait</tag>
<doc>Waits for the element found by ``selector`` to satisfy state option.</doc>
<msg timestamp="20260505 17:21:12.516" level="INFO">Waited for Element with selector xpath=//ul[contains(@class, "ngx-select__choices")]//a[contains(@class, "ngx-select__item")]//span[normalize-space(.)="36 (Vehicle = 0)"] at state visible</msg>
<status status="PASS" starttime="20260505 17:21:12.510" endtime="20260505 17:21:12.516"/>
</kw>
<kw name="Click" library="Browser">
<arg>${item_locator}</arg>
<tag>PageContent</tag>
<tag>Setter</tag>
<doc>Simulates mouse click on the element found by ``selector``.</doc>
<msg timestamp="20260505 17:21:12.517" level="INFO">Clicks the element 'xpath=//ul[contains(@class, "ngx-select__choices")]//a[contains(@class, "ngx-select__item")]//span[normalize-space(.)="36 (Vehicle = 0)"]'.</msg>
<status status="PASS" starttime="20260505 17:21:12.516" endtime="20260505 17:21:12.552"/>
</kw>
<status status="PASS" starttime="20260505 17:21:11.665" endtime="20260505 17:21:12.552"/>
</kw>
<kw name="Sleep" library="BuiltIn">
<arg>3s</arg>
<doc>Pauses the test executed for the given time.</doc>
<msg timestamp="20260505 17:21:15.553" level="INFO">Slept 3 seconds</msg>
<status status="PASS" starttime="20260505 17:21:12.552" endtime="20260505 17:21:15.553"/>
</kw>
<kw name="Select Options By" library="Browser">
<arg>xpath=//select[@id="popup-cancel-timeAuthorizeToGoods"]</arg>
<arg>value</arg>
<arg>${time_in_TMO}</arg>
<tag>PageContent</tag>
<tag>Setter</tag>
<doc>Selects options from select element found by ``selector``.</doc>
<msg timestamp="20260505 17:21:15.553" level="INFO">Selects the option(s) 60 by attribute SelectAttribute.value from element xpath=//select[@id="popup-cancel-timeAuthorizeToGoods"].</msg>
<status status="PASS" starttime="20260505 17:21:15.553" endtime="20260505 17:21:15.572"/>
</kw>
<kw name="Sleep" library="BuiltIn">
<arg>5</arg>
<arg>seconds</arg>
<doc>Pauses the test executed for the given time.</doc>
<msg timestamp="20260505 17:21:20.573" level="INFO">Slept 5 seconds</msg>
<msg timestamp="20260505 17:21:20.573" level="INFO">seconds</msg>
<status status="PASS" starttime="20260505 17:21:15.572" endtime="20260505 17:21:20.573"/>
</kw>
<kw name="Click" library="Browser">
<arg>xpath=/html/body/modal-container/div[2]/div/app-queue-management-assign-channel/div[3]/button[2]</arg>
<tag>PageContent</tag>
<tag>Setter</tag>
<doc>Simulates mouse click on the element found by ``selector``.</doc>
<msg timestamp="20260505 17:21:20.574" level="INFO">Clicks the element 'xpath=/html/body/modal-container/div[2]/div/app-queue-management-assign-channel/div[3]/button[2]'.</msg>
<status status="PASS" starttime="20260505 17:21:20.573" endtime="20260505 17:21:20.593"/>
</kw>
<kw name="Verify Status in Search Result" library="TMO_QueueManagment">
<arg>expected_status=Allow to TMO</arg>
<if>
<branch type="IF" condition="'${expected_status}' == '${EMPTY}' or '${expected_status}' == 'All'">
<return>
<value>${0}</value>
<status status="NOT RUN" starttime="20260505 17:21:20.595" endtime="20260505 17:21:20.595"/>
</return>
<status status="NOT RUN" starttime="20260505 17:21:20.594" endtime="20260505 17:21:20.595"/>
</branch>
<status status="PASS" starttime="20260505 17:21:20.594" endtime="20260505 17:21:20.595"/>
</if>
<kw name="Set Variable" library="BuiltIn">
<var>${base_xpath}</var>
<arg>//div[contains(@class, 'card-content') and ./span[contains(text(), 'Status')]]//span[normalize-space(.)='${expected_status}']</arg>
<doc>Returns the given values which can then be assigned to a variables.</doc>
<msg timestamp="20260505 17:21:20.595" level="INFO">${base_xpath} = //div[contains(@class, 'card-content') and ./span[contains(text(), 'Status')]]//span[normalize-space(.)='Allow to TMO']</msg>
<status status="PASS" starttime="20260505 17:21:20.595" endtime="20260505 17:21:20.595"/>
</kw>
<if>
<branch type="IF" condition="'${target_booking_id}' != '${EMPTY}'">
<kw name="Set Variable" library="BuiltIn">
<var>${base_xpath}</var>
<arg>//div[contains(@class, 'card-body') and .//span[text()='${target_booking_id}']]${base_xpath}</arg>
<doc>Returns the given values which can then be assigned to a variables.</doc>
<status status="NOT RUN" starttime="20260505 17:21:20.596" endtime="20260505 17:21:20.596"/>
</kw>
<status status="NOT RUN" starttime="20260505 17:21:20.595" endtime="20260505 17:21:20.596"/>
</branch>
<status status="PASS" starttime="20260505 17:21:20.595" endtime="20260505 17:21:20.596"/>
</if>
<kw name="Wait For Elements State" library="Browser">
<arg>xpath=(${base_xpath})[1]</arg>
<arg>visible</arg>
<arg>timeout=10s</arg>
<tag>PageContent</tag>
<tag>Wait</tag>
<doc>Waits for the element found by ``selector`` to satisfy state option.</doc>
<msg timestamp="20260505 17:21:21.413" level="INFO">Waited for Element with selector xpath=(//div[contains(@class, 'card-content') and ./span[contains(text(), 'Status')]]//span[normalize-space(.)='Allow to TMO'])[1] at state visible</msg>
<status status="PASS" starttime="20260505 17:21:20.596" endtime="20260505 17:21:21.413"/>
</kw>
<kw name="Get Element Count" library="Browser">
<var>${count}</var>
<arg>xpath=${base_xpath}</arg>
<tag>Assertion</tag>
<tag>Getter</tag>
<tag>PageContent</tag>
<doc>Returns the count of elements found with ``selector``.</doc>
<msg timestamp="20260505 17:21:21.416" level="INFO">${count} = 1</msg>
<status status="PASS" starttime="20260505 17:21:21.413" endtime="20260505 17:21:21.416"/>
</kw>
<kw name="Log To Console" library="BuiltIn">
<arg>\n[INFO] Verified Status '${expected_status}': Found ${count} record(s)</arg>
<doc>Logs the given message to the console.</doc>
<status status="PASS" starttime="20260505 17:21:21.418" endtime="20260505 17:21:21.418"/>
</kw>
<kw name="Should Be True" library="BuiltIn">
<arg>${count} &gt; 0</arg>
<arg>msg=❌ ไม่พบสถานะ ${expected_status} ในผลการค้นหา</arg>
<doc>Fails if the given condition is not true.</doc>
<status status="PASS" starttime="20260505 17:21:21.418" endtime="20260505 17:21:21.418"/>
</kw>
<return>
<value>${count}</value>
<status status="PASS" starttime="20260505 17:21:21.418" endtime="20260505 17:21:21.418"/>
</return>
<status status="PASS" starttime="20260505 17:21:20.593" endtime="20260505 17:21:21.418"/>
</kw>
<status status="PASS" starttime="20260505 17:21:11.623" endtime="20260505 17:21:21.418"/>
</kw>
<status status="PASS" starttime="20260505 17:20:42.155" endtime="20260505 17:21:21.418"/>
</kw>
<kw name="Close Web Application" library="config" type="TEARDOWN">
<kw name="Close Browser" library="Browser">
<tag>BrowserControl</tag>
<tag>Setter</tag>
<doc>Closes the current browser.</doc>
<msg timestamp="20260505 17:21:21.648" level="INFO">Closed browser</msg>
<status status="PASS" starttime="20260505 17:21:21.419" endtime="20260505 17:21:21.648"/>
</kw>
<status status="PASS" starttime="20260505 17:21:21.419" endtime="20260505 17:21:21.648"/>
</kw>
<doc>ทดสอบการ    accept หลายรายการ</doc>
<status status="PASS" starttime="20260505 17:20:34.471" endtime="20260505 17:21:21.648"/>
</test>
<status status="PASS" starttime="20260505 17:20:34.459" endtime="20260505 17:21:21.663"/>
</suite>
<status status="PASS" starttime="20260505 17:20:34.456" endtime="20260505 17:21:21.663"/>
</suite>
<status status="PASS" starttime="20260505 17:18:16.952" endtime="20260505 17:21:21.668"/>
</suite>
<status status="PASS" starttime="20260505 17:15:15.643" endtime="20260505 17:21:21.670"/>
</suite>
<statistics>
<total>
<stat pass="17" fail="0" skip="0">All Tests</stat>
</total>
<tag>
</tag>
<suite>
<stat pass="17" fail="0" skip="0" id="s1" name="Testsuite">Testsuite</stat>
<stat pass="11" fail="0" skip="0" id="s1-s1" name="Shipping">Testsuite.Shipping</stat>
<stat pass="5" fail="0" skip="0" id="s1-s1-s1" name="SHIPPING01 LOGINLOGOUT">Testsuite.Shipping.SHIPPING01 LOGINLOGOUT</stat>
<stat pass="1" fail="0" skip="0" id="s1-s1-s1-s1" name="01-Loginsuccess">Testsuite.Shipping.SHIPPING01 LOGINLOGOUT.01-Loginsuccess</stat>
<stat pass="2" fail="0" skip="0" id="s1-s1-s1-s2" name="02-loginFail Emtpy">Testsuite.Shipping.SHIPPING01 LOGINLOGOUT.02-loginFail Emtpy</stat>
<stat pass="1" fail="0" skip="0" id="s1-s1-s1-s3" name="03-Loginfail Incorrect">Testsuite.Shipping.SHIPPING01 LOGINLOGOUT.03-Loginfail Incorrect</stat>
<stat pass="1" fail="0" skip="0" id="s1-s1-s1-s4" name="04-Logout Succcess">Testsuite.Shipping.SHIPPING01 LOGINLOGOUT.04-Logout Succcess</stat>
<stat pass="4" fail="0" skip="0" id="s1-s1-s2" name="SHIPPING02 CreateBooking">Testsuite.Shipping.SHIPPING02 CreateBooking</stat>
<stat pass="1" fail="0" skip="0" id="s1-s1-s2-s1" name="01-BookingSuccess">Testsuite.Shipping.SHIPPING02 CreateBooking.01-BookingSuccess</stat>
<stat pass="1" fail="0" skip="0" id="s1-s1-s2-s2" name="01 1Double">Testsuite.Shipping.SHIPPING02 CreateBooking.01 1Double</stat>
<stat pass="1" fail="0" skip="0" id="s1-s1-s2-s3" name="02-BookingFail">Testsuite.Shipping.SHIPPING02 CreateBooking.02-BookingFail</stat>
<stat pass="1" fail="0" skip="0" id="s1-s1-s2-s4" name="03-DraftBooking">Testsuite.Shipping.SHIPPING02 CreateBooking.03-DraftBooking</stat>
<stat pass="1" fail="0" skip="0" id="s1-s1-s3" name="SHIPPING03 Queue Booking">Testsuite.Shipping.SHIPPING03 Queue Booking</stat>
<stat pass="1" fail="0" skip="0" id="s1-s1-s3-s1" name="01-QueueBooking">Testsuite.Shipping.SHIPPING03 Queue Booking.01-QueueBooking</stat>
<stat pass="1" fail="0" skip="0" id="s1-s1-s4" name="SHIPPING04 TrackingBooking">Testsuite.Shipping.SHIPPING04 TrackingBooking</stat>
<stat pass="1" fail="0" skip="0" id="s1-s1-s4-s1" name="01-Tracking">Testsuite.Shipping.SHIPPING04 TrackingBooking.01-Tracking</stat>
<stat pass="6" fail="0" skip="0" id="s1-s2" name="TMO">Testsuite.TMO</stat>
<stat pass="2" fail="0" skip="0" id="s1-s2-s1" name="TMO01 LOGINLOGOUT">Testsuite.TMO.TMO01 LOGINLOGOUT</stat>
<stat pass="1" fail="0" skip="0" id="s1-s2-s1-s1" name="01-Loginsuccess">Testsuite.TMO.TMO01 LOGINLOGOUT.01-Loginsuccess</stat>
<stat pass="1" fail="0" skip="0" id="s1-s2-s1-s2" name="02-Logoutsuccess">Testsuite.TMO.TMO01 LOGINLOGOUT.02-Logoutsuccess</stat>
<stat pass="3" fail="0" skip="0" id="s1-s2-s2" name="TMO02 ACCEPTQUEUE">Testsuite.TMO.TMO02 ACCEPTQUEUE</stat>
<stat pass="1" fail="0" skip="0" id="s1-s2-s2-s1" name="01 TMOacceptQueue Succes">Testsuite.TMO.TMO02 ACCEPTQUEUE.01 TMOacceptQueue Succes</stat>
<stat pass="1" fail="0" skip="0" id="s1-s2-s2-s2" name="02 TMOacceptQueue Failed">Testsuite.TMO.TMO02 ACCEPTQUEUE.02 TMOacceptQueue Failed</stat>
<stat pass="1" fail="0" skip="0" id="s1-s2-s2-s3" name="03 TMOMultiacceptQueue success">Testsuite.TMO.TMO02 ACCEPTQUEUE.03 TMOMultiacceptQueue success</stat>
<stat pass="1" fail="0" skip="0" id="s1-s2-s3" name="TMO03 ASSIGNDOCK">Testsuite.TMO.TMO03 ASSIGNDOCK</stat>
<stat pass="1" fail="0" skip="0" id="s1-s2-s3-s1" name="01-assignDock">Testsuite.TMO.TMO03 ASSIGNDOCK.01-assignDock</stat>
</suite>
</statistics>
<errors>
</errors>
</robot>
