<?xml version="1.0" encoding="UTF-8"?>
<robot generator="Robot 6.1.1 (Python 3.12.9 on win32)" generated="20260507 15:59:23.553" rpa="false" schemaversion="4">
<suite id="s1" name="SHIPPING02 CreateBooking" source="C:\Users\iTservice\Document\FEMS_AutomationTest\testsuite\Shipping\SHIPPING02_CreateBooking">
<suite id="s1-s1" name="01-BookingSuccess" source="C:\Users\iTservice\Document\FEMS_AutomationTest\testsuite\Shipping\SHIPPING02_CreateBooking\01-BookingSuccess.robot">
<test id="s1-s1-t1" name="Scenario: Create Complete Booking Success" line="15">
<kw name="Run Keyword" library="BuiltIn" type="SETUP">
<arg>Login To System As Shipping</arg>
<arg>AND</arg>
<arg>Open Create Booking Page</arg>
<doc>Executes the given keyword with the given arguments.</doc>
<kw name="Login To System As Shipping" library="shipping_login_page">
<arg>AND</arg>
<arg>Open Create Booking Page</arg>
<kw name="Fill username as shipping" library="shipping_login_page">
<arg>${username}</arg>
<kw name="Fill Text" library="Browser">
<arg>${LOGIN_USER_FIELD}</arg>
<arg>${username}</arg>
<tag>PageContent</tag>
<tag>Setter</tag>
<doc>Clears and fills the given ``txt`` into the text field found by ``selector``.</doc>
<msg timestamp="20260507 15:59:24.072" level="INFO">Fills the text 'AND' in the given field.</msg>
<msg timestamp="20260507 15:59:24.740" level="INFO">Starting Browser process C:\Users\iTservice\AppData\Local\Programs\Python\Python312\Lib\site-packages\Browser\wrapper\index.js using at 127.0.0.1:49178</msg>
<msg timestamp="20260507 15:59:25.810" level="INFO">Keyword 'Take Screenshot  fail-screenshot-{index}' could not be run on failure:
Error: Tried to take screenshot, but no page was open.</msg>
<msg timestamp="20260507 15:59:25.810" level="INFO">See also file:///C:/Users/iTservice/Document/FEMS_AutomationTest/testsuite/Shipping/output/playwright-log.txt for additional details.</msg>
<msg timestamp="20260507 15:59:25.810" level="FAIL">Error: Could not find active page</msg>
<status status="FAIL" starttime="20260507 15:59:24.072" endtime="20260507 15:59:25.905"/>
</kw>
<status status="FAIL" starttime="20260507 15:59:24.072" endtime="20260507 15:59:25.905"/>
</kw>
<kw name="Fill Password as shipping" library="shipping_login_page">
<arg>${password}</arg>
<status status="NOT RUN" starttime="20260507 15:59:25.905" endtime="20260507 15:59:25.905"/>
</kw>
<kw name="Click Login Button" library="shipping_login_page">
<status status="NOT RUN" starttime="20260507 15:59:25.905" endtime="20260507 15:59:25.905"/>
</kw>
<status status="FAIL" starttime="20260507 15:59:24.072" endtime="20260507 15:59:25.905"/>
</kw>
<status status="FAIL" starttime="20260507 15:59:24.072" endtime="20260507 15:59:25.905"/>
</kw>
<kw name="Close Web Application" library="config" type="TEARDOWN">
<kw name="Close Browser" library="Browser">
<tag>BrowserControl</tag>
<tag>Setter</tag>
<doc>Closes the current browser.</doc>
<msg timestamp="20260507 15:59:25.909" level="INFO">No browser open, doing nothing</msg>
<status status="PASS" starttime="20260507 15:59:25.907" endtime="20260507 15:59:25.909"/>
</kw>
<status status="PASS" starttime="20260507 15:59:25.907" endtime="20260507 15:59:25.909"/>
</kw>
<status status="FAIL" starttime="20260507 15:59:24.072" endtime="20260507 15:59:25.909">Setup failed:
Error: Could not find active page</status>
</test>
<status status="FAIL" starttime="20260507 15:59:23.587" endtime="20260507 15:59:25.920"/>
</suite>
<suite id="s1-s2" name="01 1Double" source="C:\Users\iTservice\Document\FEMS_AutomationTest\testsuite\Shipping\SHIPPING02_CreateBooking\01_1Double.robot">
<test id="s1-s2-t1" name="create booking success" line="13">
<kw name="Run Keywords" library="BuiltIn" type="SETUP">
<arg>Login As shipping User</arg>
<arg>AND</arg>
<arg>Prepare All Random Variables</arg>
<doc>Executes all the given keywords in a sequence.</doc>
<kw name="Login As shipping User" library="config">
<kw name="Open Login Shipping Web Application" library="config">
<kw name="New Browser" library="Browser">
<arg>browser=chromium</arg>
<arg>headless=False</arg>
<tag>BrowserControl</tag>
<tag>Setter</tag>
<doc>Create a new playwright Browser with specified options.</doc>
<msg timestamp="20260507 15:59:25.978" level="INFO">{"browser": "chromium", "headless": false, "chromiumSandbox": false, "devtools": false, "handleSIGHUP": true, "handleSIGINT": true, "handleSIGTERM": true, "slowMo": 0.0, "timeout": 30000.0, "tracesDir": "C:\\Users\\iTservice\\Document\\FEMS_AutomationTest\\testsuite\\Shipping\\output\\browser\\traces\\temp\\bb70d6a8-928b-4e3c-a4f6-85a55f658e38"}</msg>
<msg timestamp="20260507 15:59:26.491" level="INFO">Successfully created browser with options: {"browser":"chromium","headless":false,"chromiumSandbox":false,"devtools":false,"handleSIGHUP":true,"handleSIGINT":true,"handleSIGTERM":true,"slowMo":0,"timeout":30000,"tracesDir":"C:\\Users\\iTservice\\Document\\FEMS_AutomationTest\\testsuite\\Shipping\\output\\browser\\traces\\temp\\bb70d6a8-928b-4e3c-a4f6-85a55f658e38"}</msg>
<status status="PASS" starttime="20260507 15:59:25.972" endtime="20260507 15:59:26.491"/>
</kw>
<kw name="New Page" library="Browser">
<arg>${url_login}</arg>
<tag>BrowserControl</tag>
<tag>Setter</tag>
<doc>Open a new Page.</doc>
<msg timestamp="20260507 15:59:28.727" level="INFO">Successfully initialized new page object and opened url: https://uataotfems.netbay.co.th/fems/#/auth/shipping/login</msg>
<msg timestamp="20260507 15:59:28.727" level="INFO">No context was open. New context was automatically opened when this page is created.</msg>
<status status="PASS" starttime="20260507 15:59:26.491" endtime="20260507 15:59:28.727"/>
</kw>
<kw name="Set Browser Timeout" library="Browser">
<arg>20 seconds</arg>
<tag>Config</tag>
<tag>Setter</tag>
<doc>Sets the timeout used by most input and getter keywords.</doc>
<status status="PASS" starttime="20260507 15:59:28.727" endtime="20260507 15:59:28.727"/>
</kw>
<status status="PASS" starttime="20260507 15:59:25.972" endtime="20260507 15:59:28.727"/>
</kw>
<kw name="Login As shipping User" library="config">
<arg>trainingship</arg>
<arg>Netbay@123</arg>
<msg timestamp="20260507 15:59:28.727" level="FAIL">Keyword 'config.Login As shipping User' expected 0 arguments, got 2.</msg>
<status status="FAIL" starttime="20260507 15:59:28.727" endtime="20260507 15:59:28.727"/>
</kw>
<kw name="Click Login Button" library="shipping_login_page">
<status status="NOT RUN" starttime="20260507 15:59:28.727" endtime="20260507 15:59:28.727"/>
</kw>
<status status="FAIL" starttime="20260507 15:59:25.972" endtime="20260507 15:59:28.727"/>
</kw>
<status status="FAIL" starttime="20260507 15:59:25.972" endtime="20260507 15:59:28.727"/>
</kw>
<kw name="Close Web Application" library="config" type="TEARDOWN">
<kw name="Close Browser" library="Browser">
<tag>BrowserControl</tag>
<tag>Setter</tag>
<doc>Closes the current browser.</doc>
<msg timestamp="20260507 15:59:29.620" level="INFO">Closed browser</msg>
<status status="PASS" starttime="20260507 15:59:28.727" endtime="20260507 15:59:29.620"/>
</kw>
<status status="PASS" starttime="20260507 15:59:28.727" endtime="20260507 15:59:29.620"/>
</kw>
<doc>ทดสอบกรณีสร้าง booking ด้วย Declaration No. 2 หมายเลข</doc>
<status status="FAIL" starttime="20260507 15:59:25.971" endtime="20260507 15:59:29.620">Setup failed:
Keyword 'config.Login As shipping User' expected 0 arguments, got 2.</status>
</test>
<status status="FAIL" starttime="20260507 15:59:25.931" endtime="20260507 15:59:29.620"/>
</suite>
<suite id="s1-s3" name="02-BookingFail" source="C:\Users\iTservice\Document\FEMS_AutomationTest\testsuite\Shipping\SHIPPING02_CreateBooking\02-BookingFail.robot">
<test id="s1-s3-t1" name="TC_06: create booking fail when driver is unavailable" line="10">
<kw name="Login As shipping User" library="config" type="SETUP">
<kw name="Open Login Shipping Web Application" library="config">
<kw name="New Browser" library="Browser">
<arg>browser=chromium</arg>
<arg>headless=False</arg>
<tag>BrowserControl</tag>
<tag>Setter</tag>
<doc>Create a new playwright Browser with specified options.</doc>
<msg timestamp="20260507 15:59:29.648" level="INFO">{"browser": "chromium", "headless": false, "chromiumSandbox": false, "devtools": false, "handleSIGHUP": true, "handleSIGINT": true, "handleSIGTERM": true, "slowMo": 0.0, "timeout": 30000.0, "tracesDir": "C:\\Users\\iTservice\\Document\\FEMS_AutomationTest\\testsuite\\Shipping\\output\\browser\\traces\\temp\\cebcd974-97d1-4f8a-a362-35f1f59226c4"}</msg>
<msg timestamp="20260507 15:59:29.864" level="INFO">Successfully created browser with options: {"browser":"chromium","headless":false,"chromiumSandbox":false,"devtools":false,"handleSIGHUP":true,"handleSIGINT":true,"handleSIGTERM":true,"slowMo":0,"timeout":30000,"tracesDir":"C:\\Users\\iTservice\\Document\\FEMS_AutomationTest\\testsuite\\Shipping\\output\\browser\\traces\\temp\\cebcd974-97d1-4f8a-a362-35f1f59226c4"}</msg>
<status status="PASS" starttime="20260507 15:59:29.648" endtime="20260507 15:59:29.864"/>
</kw>
<kw name="New Page" library="Browser">
<arg>${url_login}</arg>
<tag>BrowserControl</tag>
<tag>Setter</tag>
<doc>Open a new Page.</doc>
<msg timestamp="20260507 15:59:31.814" level="INFO">Keyword 'Take Screenshot  fail-screenshot-{index}' could not be run on failure:
Error: Tried to take screenshot, but no page was open.</msg>
<msg timestamp="20260507 15:59:31.814" level="INFO">See also file:///C:/Users/iTservice/Document/FEMS_AutomationTest/testsuite/Shipping/output/playwright-log.txt for additional details.</msg>
<msg timestamp="20260507 15:59:31.814" level="FAIL">Execution terminated by signal</msg>
<status status="FAIL" starttime="20260507 15:59:29.865" endtime="20260507 15:59:31.869"/>
</kw>
<kw name="Set Browser Timeout" library="Browser">
<arg>20 seconds</arg>
<tag>Config</tag>
<tag>Setter</tag>
<doc>Sets the timeout used by most input and getter keywords.</doc>
<status status="NOT RUN" starttime="20260507 15:59:31.869" endtime="20260507 15:59:31.869"/>
</kw>
<status status="FAIL" starttime="20260507 15:59:29.648" endtime="20260507 15:59:31.869"/>
</kw>
<kw name="Login As shipping User" library="config">
<arg>trainingship</arg>
<arg>Netbay@123</arg>
<status status="NOT RUN" starttime="20260507 15:59:31.869" endtime="20260507 15:59:31.869"/>
</kw>
<kw name="Click Login Button" library="shipping_login_page">
<status status="NOT RUN" starttime="20260507 15:59:31.869" endtime="20260507 15:59:31.869"/>
</kw>
<status status="FAIL" starttime="20260507 15:59:29.648" endtime="20260507 15:59:31.869"/>
</kw>
<kw name="Close Web Application" library="config" type="TEARDOWN">
<kw name="Close Browser" library="Browser">
<tag>BrowserControl</tag>
<tag>Setter</tag>
<doc>Closes the current browser.</doc>
<msg timestamp="20260507 15:59:31.869" level="INFO">Closed browser</msg>
<status status="PASS" starttime="20260507 15:59:31.869" endtime="20260507 15:59:31.869"/>
</kw>
<status status="PASS" starttime="20260507 15:59:31.869" endtime="20260507 15:59:31.869"/>
</kw>
<doc>ทดสอบกรณีสร้าง booking ไม่สำเร็จ</doc>
<status status="FAIL" starttime="20260507 15:59:29.648" endtime="20260507 15:59:31.869">Setup failed:
Execution terminated by signal</status>
</test>
<status status="FAIL" starttime="20260507 15:59:29.636" endtime="20260507 15:59:31.885"/>
</suite>
<suite id="s1-s4" name="03-DraftBooking" source="C:\Users\iTservice\Document\FEMS_AutomationTest\testsuite\Shipping\SHIPPING02_CreateBooking\03-DraftBooking.robot">
<test id="s1-s4-t1" name="TC_07: create draft booking" line="11">
<kw name="Run Keywords" library="BuiltIn" type="SETUP">
<arg>Login As shipping User</arg>
<arg>AND</arg>
<arg>Prepare All Random Variables</arg>
<doc>Executes all the given keywords in a sequence.</doc>
<status status="FAIL" starttime="20260507 15:59:31.914" endtime="20260507 15:59:31.914"/>
</kw>
<kw name="Close Web Application" library="config" type="TEARDOWN">
<kw name="Close Browser" library="Browser">
<tag>BrowserControl</tag>
<tag>Setter</tag>
<doc>Closes the current browser.</doc>
<msg timestamp="20260507 15:59:31.917" level="INFO">No browser open, doing nothing</msg>
<status status="PASS" starttime="20260507 15:59:31.915" endtime="20260507 15:59:31.917"/>
</kw>
<status status="PASS" starttime="20260507 15:59:31.915" endtime="20260507 15:59:31.917"/>
</kw>
<doc>ทดสอบกรณีสร้าง Draft</doc>
<status status="FAIL" starttime="20260507 15:59:31.910" endtime="20260507 15:59:31.917">Setup failed:
Execution terminated by signal</status>
</test>
<status status="FAIL" starttime="20260507 15:59:31.893" endtime="20260507 15:59:31.924"/>
</suite>
<status status="FAIL" starttime="20260507 15:59:23.553" endtime="20260507 15:59:31.931"/>
</suite>
<statistics>
<total>
<stat pass="0" fail="4" skip="0">All Tests</stat>
</total>
<tag>
</tag>
<suite>
<stat pass="0" fail="4" skip="0" id="s1" name="SHIPPING02 CreateBooking">SHIPPING02 CreateBooking</stat>
<stat pass="0" fail="1" skip="0" id="s1-s1" name="01-BookingSuccess">SHIPPING02 CreateBooking.01-BookingSuccess</stat>
<stat pass="0" fail="1" skip="0" id="s1-s2" name="01 1Double">SHIPPING02 CreateBooking.01 1Double</stat>
<stat pass="0" fail="1" skip="0" id="s1-s3" name="02-BookingFail">SHIPPING02 CreateBooking.02-BookingFail</stat>
<stat pass="0" fail="1" skip="0" id="s1-s4" name="03-DraftBooking">SHIPPING02 CreateBooking.03-DraftBooking</stat>
</suite>
</statistics>
<errors>
</errors>
</robot>
