<?xml version="1.0" encoding="UTF-8"?>
<robot generator="Robot 6.1.1 (Python 3.12.9 on win32)" generated="20260507 12:49:59.640" rpa="false" schemaversion="4">
<suite id="s1" name="02-loginFail" source="C:\Users\iTservice\Document\FEMS_AutomationTest\testsuite\Shipping\SHIPPING01_LOGINLOGOUT\02-loginFail.robot">
<test id="s1-t1" name="TC_02:Login Fail - Empty Username" line="11">
<kw name="Open Login Shipping Web Application" library="config" type="SETUP">
<kw name="New Browser" library="Browser">
<arg>browser=chromium</arg>
<arg>headless=False</arg>
<tag>BrowserControl</tag>
<tag>Setter</tag>
<doc>Create a new playwright Browser with specified options.</doc>
<msg timestamp="20260507 12:50:00.002" level="INFO">{"browser": "chromium", "headless": false, "chromiumSandbox": false, "devtools": false, "handleSIGHUP": true, "handleSIGINT": true, "handleSIGTERM": true, "slowMo": 0.0, "timeout": 30000.0, "tracesDir": "C:\\Users\\iTservice\\Document\\FEMS_AutomationTest\\testsuite\\Shipping\\SHIPPING01_LOGINLOGOUT\\output\\browser\\traces\\temp\\35820651-9ddf-4795-908d-2db9b241a46d"}</msg>
<msg timestamp="20260507 12:50:00.045" level="INFO">Starting Browser process C:\Users\iTservice\AppData\Local\Programs\Python\Python312\Lib\site-packages\Browser\wrapper\index.js using at 127.0.0.1:1329</msg>
<msg timestamp="20260507 12:50:01.455" level="INFO">Successfully created browser with options: {"browser":"chromium","headless":false,"chromiumSandbox":false,"devtools":false,"handleSIGHUP":true,"handleSIGINT":true,"handleSIGTERM":true,"slowMo":0,"timeout":30000,"tracesDir":"C:\\Users\\iTservice\\Document\\FEMS_AutomationTest\\testsuite\\Shipping\\SHIPPING01_LOGINLOGOUT\\output\\browser\\traces\\temp\\35820651-9ddf-4795-908d-2db9b241a46d"}</msg>
<status status="PASS" starttime="20260507 12:50:00.001" endtime="20260507 12:50:01.456"/>
</kw>
<kw name="New Page" library="Browser">
<arg>${url_login}</arg>
<tag>BrowserControl</tag>
<tag>Setter</tag>
<doc>Open a new Page.</doc>
<msg timestamp="20260507 12:50:05.605" level="INFO">Successfully initialized new page object and opened url: https://uataotfems.netbay.co.th/fems/#/auth/shipping/login</msg>
<msg timestamp="20260507 12:50:05.605" level="INFO">No context was open. New context was automatically opened when this page is created.</msg>
<status status="PASS" starttime="20260507 12:50:01.456" endtime="20260507 12:50:05.605"/>
</kw>
<kw name="Set Browser Timeout" library="Browser">
<arg>20 seconds</arg>
<tag>Config</tag>
<tag>Setter</tag>
<doc>Sets the timeout used by most input and getter keywords.</doc>
<status status="PASS" starttime="20260507 12:50:05.606" endtime="20260507 12:50:05.609"/>
</kw>
<status status="PASS" starttime="20260507 12:50:00.000" endtime="20260507 12:50:05.610"/>
</kw>
<kw name="Login Failure Template" library="shipping_login_page">
<arg>${EMPTY}</arg>
<arg>secret</arg>
<arg>กรุณาระบุชื่อผู้ใช้งาน</arg>
<doc>Keyword สำหรับตรวจสอบกรณี Login ไม่สำเร็จทุกรูปแบบ</doc>
<kw name="Login To System As Shipping" library="shipping_login_page">
<arg>${user}</arg>
<arg>${pass}</arg>
<kw name="Fill username as shipping" library="shipping_login_page">
<arg>${username}</arg>
<kw name="Fill Text" library="Browser">
<arg>${LOGIN_USER_FIELD}</arg>
<arg>${username}</arg>
<tag>PageContent</tag>
<tag>Setter</tag>
<doc>Clears and fills the given ``txt`` into the text field found by ``selector``.</doc>
<msg timestamp="20260507 12:50:05.616" level="INFO">Fills the text '' in the given field.</msg>
<status status="PASS" starttime="20260507 12:50:05.615" endtime="20260507 12:50:05.670"/>
</kw>
<status status="PASS" starttime="20260507 12:50:05.615" endtime="20260507 12:50:05.672"/>
</kw>
<kw name="Fill Password as shipping" library="shipping_login_page">
<arg>${password}</arg>
<kw name="Fill Text" library="Browser">
<arg>${LOGIN_PASS_FIELD}</arg>
<arg>${password}</arg>
<tag>PageContent</tag>
<tag>Setter</tag>
<doc>Clears and fills the given ``txt`` into the text field found by ``selector``.</doc>
<msg timestamp="20260507 12:50:05.675" level="INFO">Fills the text 'secret' in the given field.</msg>
<status status="PASS" starttime="20260507 12:50:05.674" endtime="20260507 12:50:05.693"/>
</kw>
<status status="PASS" starttime="20260507 12:50:05.672" endtime="20260507 12:50:05.694"/>
</kw>
<kw name="Click Login Button" library="shipping_login_page">
<kw name="Click" library="Browser">
<arg>${BTN_LOGIN}</arg>
<tag>PageContent</tag>
<tag>Setter</tag>
<doc>Simulates mouse click on the element found by ``selector``.</doc>
<msg timestamp="20260507 12:50:05.695" level="INFO">Clicks the element 'xpath=//*[@title="Login"]'.</msg>
<status status="PASS" starttime="20260507 12:50:05.694" endtime="20260507 12:50:05.760"/>
</kw>
<kw name="Sleep" library="BuiltIn">
<arg>3 seconds</arg>
<doc>Pauses the test executed for the given time.</doc>
<msg timestamp="20260507 12:50:08.760" level="INFO">Slept 3 seconds</msg>
<status status="PASS" starttime="20260507 12:50:05.760" endtime="20260507 12:50:08.760"/>
</kw>
<status status="PASS" starttime="20260507 12:50:05.694" endtime="20260507 12:50:08.760"/>
</kw>
<status status="PASS" starttime="20260507 12:50:05.615" endtime="20260507 12:50:08.760"/>
</kw>
<kw name="Verify Login Error Message" library="shipping_login_page">
<arg>${msg}</arg>
<kw name="Get Element Count" library="Browser">
<var>${is_tooltip}</var>
<arg>${MSG_TOOLTIP}</arg>
<tag>Assertion</tag>
<tag>Getter</tag>
<tag>PageContent</tag>
<doc>Returns the count of elements found with ``selector``.</doc>
<msg timestamp="20260507 12:50:08.770" level="INFO">${is_tooltip} = 1</msg>
<status status="PASS" starttime="20260507 12:50:08.760" endtime="20260507 12:50:08.770"/>
</kw>
<if>
<branch type="IF" condition="${is_tooltip} &gt; 0">
<kw name="Get Text" library="Browser">
<arg>${MSG_TOOLTIP}</arg>
<arg>contains</arg>
<arg>${expected_msg}</arg>
<tag>Assertion</tag>
<tag>Getter</tag>
<tag>PageContent</tag>
<doc>Returns text attribute of the element found by ``selector``.</doc>
<msg timestamp="20260507 12:50:08.812" level="INFO">Text: 'กรุณาระบุชื่อผู้ใช้งาน'</msg>
<status status="PASS" starttime="20260507 12:50:08.771" endtime="20260507 12:50:08.812"/>
</kw>
<status status="PASS" starttime="20260507 12:50:08.771" endtime="20260507 12:50:08.812"/>
</branch>
<branch type="ELSE">
<kw name="Get Text" library="Browser">
<arg>${LOGIN_ERROR_POPUP}</arg>
<arg>contains</arg>
<arg>${expected_msg}</arg>
<tag>Assertion</tag>
<tag>Getter</tag>
<tag>PageContent</tag>
<doc>Returns text attribute of the element found by ``selector``.</doc>
<status status="NOT RUN" starttime="20260507 12:50:08.813" endtime="20260507 12:50:08.813"/>
</kw>
<status status="NOT RUN" starttime="20260507 12:50:08.812" endtime="20260507 12:50:08.813"/>
</branch>
<status status="PASS" starttime="20260507 12:50:08.771" endtime="20260507 12:50:08.813"/>
</if>
<status status="PASS" starttime="20260507 12:50:08.760" endtime="20260507 12:50:08.813"/>
</kw>
<status status="PASS" starttime="20260507 12:50:05.613" endtime="20260507 12:50:08.813"/>
</kw>
<kw name="Close Web Application" library="config" type="TEARDOWN">
<kw name="Close Browser" library="Browser">
<tag>BrowserControl</tag>
<tag>Setter</tag>
<doc>Closes the current browser.</doc>
<msg timestamp="20260507 12:50:09.165" level="INFO">Closed browser</msg>
<status status="PASS" starttime="20260507 12:50:08.815" endtime="20260507 12:50:09.165"/>
</kw>
<status status="PASS" starttime="20260507 12:50:08.814" endtime="20260507 12:50:09.165"/>
</kw>
<status status="PASS" starttime="20260507 12:49:59.999" endtime="20260507 12:50:09.166"/>
</test>
<test id="s1-t2" name="TC_03:Login Fail - Empty Password" line="12">
<kw name="Open Login Shipping Web Application" library="config" type="SETUP">
<kw name="New Browser" library="Browser">
<arg>browser=chromium</arg>
<arg>headless=False</arg>
<tag>BrowserControl</tag>
<tag>Setter</tag>
<doc>Create a new playwright Browser with specified options.</doc>
<msg timestamp="20260507 12:50:09.179" level="INFO">{"browser": "chromium", "headless": false, "chromiumSandbox": false, "devtools": false, "handleSIGHUP": true, "handleSIGINT": true, "handleSIGTERM": true, "slowMo": 0.0, "timeout": 30000.0, "tracesDir": "C:\\Users\\iTservice\\Document\\FEMS_AutomationTest\\testsuite\\Shipping\\SHIPPING01_LOGINLOGOUT\\output\\browser\\traces\\temp\\71b15a79-0f9c-491b-bc37-5df6e8af0ade"}</msg>
<msg timestamp="20260507 12:50:09.540" level="INFO">Successfully created browser with options: {"browser":"chromium","headless":false,"chromiumSandbox":false,"devtools":false,"handleSIGHUP":true,"handleSIGINT":true,"handleSIGTERM":true,"slowMo":0,"timeout":30000,"tracesDir":"C:\\Users\\iTservice\\Document\\FEMS_AutomationTest\\testsuite\\Shipping\\SHIPPING01_LOGINLOGOUT\\output\\browser\\traces\\temp\\71b15a79-0f9c-491b-bc37-5df6e8af0ade"}</msg>
<status status="PASS" starttime="20260507 12:50:09.178" endtime="20260507 12:50:09.541"/>
</kw>
<kw name="New Page" library="Browser">
<arg>${url_login}</arg>
<tag>BrowserControl</tag>
<tag>Setter</tag>
<doc>Open a new Page.</doc>
<msg timestamp="20260507 12:50:11.434" level="INFO">Successfully initialized new page object and opened url: https://uataotfems.netbay.co.th/fems/#/auth/shipping/login</msg>
<msg timestamp="20260507 12:50:11.434" level="INFO">No context was open. New context was automatically opened when this page is created.</msg>
<status status="PASS" starttime="20260507 12:50:09.541" endtime="20260507 12:50:11.435"/>
</kw>
<kw name="Set Browser Timeout" library="Browser">
<arg>20 seconds</arg>
<tag>Config</tag>
<tag>Setter</tag>
<doc>Sets the timeout used by most input and getter keywords.</doc>
<status status="PASS" starttime="20260507 12:50:11.435" endtime="20260507 12:50:11.437"/>
</kw>
<status status="PASS" starttime="20260507 12:50:09.178" endtime="20260507 12:50:11.438"/>
</kw>
<kw name="Login Failure Template" library="shipping_login_page">
<arg>TEST</arg>
<arg>${EMPTY}</arg>
<arg>กรุณาระบุรหัสผ่าน</arg>
<doc>Keyword สำหรับตรวจสอบกรณี Login ไม่สำเร็จทุกรูปแบบ</doc>
<kw name="Login To System As Shipping" library="shipping_login_page">
<arg>${user}</arg>
<arg>${pass}</arg>
<kw name="Fill username as shipping" library="shipping_login_page">
<arg>${username}</arg>
<kw name="Fill Text" library="Browser">
<arg>${LOGIN_USER_FIELD}</arg>
<arg>${username}</arg>
<tag>PageContent</tag>
<tag>Setter</tag>
<doc>Clears and fills the given ``txt`` into the text field found by ``selector``.</doc>
<msg timestamp="20260507 12:50:11.440" level="INFO">Fills the text 'TEST' in the given field.</msg>
<status status="PASS" starttime="20260507 12:50:11.440" endtime="20260507 12:50:11.490"/>
</kw>
<status status="PASS" starttime="20260507 12:50:11.439" endtime="20260507 12:50:11.490"/>
</kw>
<kw name="Fill Password as shipping" library="shipping_login_page">
<arg>${password}</arg>
<kw name="Fill Text" library="Browser">
<arg>${LOGIN_PASS_FIELD}</arg>
<arg>${password}</arg>
<tag>PageContent</tag>
<tag>Setter</tag>
<doc>Clears and fills the given ``txt`` into the text field found by ``selector``.</doc>
<msg timestamp="20260507 12:50:11.493" level="INFO">Fills the text '' in the given field.</msg>
<status status="PASS" starttime="20260507 12:50:11.493" endtime="20260507 12:50:11.510"/>
</kw>
<status status="PASS" starttime="20260507 12:50:11.490" endtime="20260507 12:50:11.510"/>
</kw>
<kw name="Click Login Button" library="shipping_login_page">
<kw name="Click" library="Browser">
<arg>${BTN_LOGIN}</arg>
<tag>PageContent</tag>
<tag>Setter</tag>
<doc>Simulates mouse click on the element found by ``selector``.</doc>
<msg timestamp="20260507 12:50:11.511" level="INFO">Clicks the element 'xpath=//*[@title="Login"]'.</msg>
<status status="PASS" starttime="20260507 12:50:11.511" endtime="20260507 12:50:11.640"/>
</kw>
<kw name="Sleep" library="BuiltIn">
<arg>3 seconds</arg>
<doc>Pauses the test executed for the given time.</doc>
<msg timestamp="20260507 12:50:14.643" level="INFO">Slept 3 seconds</msg>
<status status="PASS" starttime="20260507 12:50:11.640" endtime="20260507 12:50:14.644"/>
</kw>
<status status="PASS" starttime="20260507 12:50:11.511" endtime="20260507 12:50:14.644"/>
</kw>
<status status="PASS" starttime="20260507 12:50:11.439" endtime="20260507 12:50:14.644"/>
</kw>
<kw name="Verify Login Error Message" library="shipping_login_page">
<arg>${msg}</arg>
<kw name="Get Element Count" library="Browser">
<var>${is_tooltip}</var>
<arg>${MSG_TOOLTIP}</arg>
<tag>Assertion</tag>
<tag>Getter</tag>
<tag>PageContent</tag>
<doc>Returns the count of elements found with ``selector``.</doc>
<msg timestamp="20260507 12:50:14.656" level="INFO">${is_tooltip} = 1</msg>
<status status="PASS" starttime="20260507 12:50:14.645" endtime="20260507 12:50:14.656"/>
</kw>
<if>
<branch type="IF" condition="${is_tooltip} &gt; 0">
<kw name="Get Text" library="Browser">
<arg>${MSG_TOOLTIP}</arg>
<arg>contains</arg>
<arg>${expected_msg}</arg>
<tag>Assertion</tag>
<tag>Getter</tag>
<tag>PageContent</tag>
<doc>Returns text attribute of the element found by ``selector``.</doc>
<msg timestamp="20260507 12:50:14.702" level="INFO">Text: 'กรุณาระบุรหัสผ่าน'</msg>
<status status="PASS" starttime="20260507 12:50:14.657" endtime="20260507 12:50:14.702"/>
</kw>
<status status="PASS" starttime="20260507 12:50:14.657" endtime="20260507 12:50:14.702"/>
</branch>
<branch type="ELSE">
<kw name="Get Text" library="Browser">
<arg>${LOGIN_ERROR_POPUP}</arg>
<arg>contains</arg>
<arg>${expected_msg}</arg>
<tag>Assertion</tag>
<tag>Getter</tag>
<tag>PageContent</tag>
<doc>Returns text attribute of the element found by ``selector``.</doc>
<status status="NOT RUN" starttime="20260507 12:50:14.703" endtime="20260507 12:50:14.703"/>
</kw>
<status status="NOT RUN" starttime="20260507 12:50:14.702" endtime="20260507 12:50:14.703"/>
</branch>
<status status="PASS" starttime="20260507 12:50:14.656" endtime="20260507 12:50:14.703"/>
</if>
<status status="PASS" starttime="20260507 12:50:14.644" endtime="20260507 12:50:14.703"/>
</kw>
<status status="PASS" starttime="20260507 12:50:11.438" endtime="20260507 12:50:14.703"/>
</kw>
<kw name="Close Web Application" library="config" type="TEARDOWN">
<kw name="Close Browser" library="Browser">
<tag>BrowserControl</tag>
<tag>Setter</tag>
<doc>Closes the current browser.</doc>
<msg timestamp="20260507 12:50:15.303" level="INFO">Closed browser</msg>
<status status="PASS" starttime="20260507 12:50:14.712" endtime="20260507 12:50:15.303"/>
</kw>
<status status="PASS" starttime="20260507 12:50:14.712" endtime="20260507 12:50:15.303"/>
</kw>
<status status="PASS" starttime="20260507 12:50:09.172" endtime="20260507 12:50:15.306"/>
</test>
<test id="s1-t3" name="TC_04:Login Fail - Incorrect Password" line="13">
<kw name="Open Login Shipping Web Application" library="config" type="SETUP">
<kw name="New Browser" library="Browser">
<arg>browser=chromium</arg>
<arg>headless=False</arg>
<tag>BrowserControl</tag>
<tag>Setter</tag>
<doc>Create a new playwright Browser with specified options.</doc>
<msg timestamp="20260507 12:50:15.322" level="INFO">{"browser": "chromium", "headless": false, "chromiumSandbox": false, "devtools": false, "handleSIGHUP": true, "handleSIGINT": true, "handleSIGTERM": true, "slowMo": 0.0, "timeout": 30000.0, "tracesDir": "C:\\Users\\iTservice\\Document\\FEMS_AutomationTest\\testsuite\\Shipping\\SHIPPING01_LOGINLOGOUT\\output\\browser\\traces\\temp\\994646cc-f307-4b2c-a12f-7cfbd7f4bb18"}</msg>
<msg timestamp="20260507 12:50:15.643" level="INFO">Successfully created browser with options: {"browser":"chromium","headless":false,"chromiumSandbox":false,"devtools":false,"handleSIGHUP":true,"handleSIGINT":true,"handleSIGTERM":true,"slowMo":0,"timeout":30000,"tracesDir":"C:\\Users\\iTservice\\Document\\FEMS_AutomationTest\\testsuite\\Shipping\\SHIPPING01_LOGINLOGOUT\\output\\browser\\traces\\temp\\994646cc-f307-4b2c-a12f-7cfbd7f4bb18"}</msg>
<status status="PASS" starttime="20260507 12:50:15.322" endtime="20260507 12:50:15.644"/>
</kw>
<kw name="New Page" library="Browser">
<arg>${url_login}</arg>
<tag>BrowserControl</tag>
<tag>Setter</tag>
<doc>Open a new Page.</doc>
<msg timestamp="20260507 12:50:17.439" level="INFO">Successfully initialized new page object and opened url: https://uataotfems.netbay.co.th/fems/#/auth/shipping/login</msg>
<msg timestamp="20260507 12:50:17.440" level="INFO">No context was open. New context was automatically opened when this page is created.</msg>
<status status="PASS" starttime="20260507 12:50:15.644" endtime="20260507 12:50:17.440"/>
</kw>
<kw name="Set Browser Timeout" library="Browser">
<arg>20 seconds</arg>
<tag>Config</tag>
<tag>Setter</tag>
<doc>Sets the timeout used by most input and getter keywords.</doc>
<status status="PASS" starttime="20260507 12:50:17.440" endtime="20260507 12:50:17.441"/>
</kw>
<status status="PASS" starttime="20260507 12:50:15.321" endtime="20260507 12:50:17.441"/>
</kw>
<kw name="Login Failure Template" library="shipping_login_page">
<arg>trainingship</arg>
<arg>123456</arg>
<arg>Login Failed</arg>
<doc>Keyword สำหรับตรวจสอบกรณี Login ไม่สำเร็จทุกรูปแบบ</doc>
<kw name="Login To System As Shipping" library="shipping_login_page">
<arg>${user}</arg>
<arg>${pass}</arg>
<kw name="Fill username as shipping" library="shipping_login_page">
<arg>${username}</arg>
<kw name="Fill Text" library="Browser">
<arg>${LOGIN_USER_FIELD}</arg>
<arg>${username}</arg>
<tag>PageContent</tag>
<tag>Setter</tag>
<doc>Clears and fills the given ``txt`` into the text field found by ``selector``.</doc>
<msg timestamp="20260507 12:50:17.444" level="INFO">Fills the text 'trainingship' in the given field.</msg>
<status status="PASS" starttime="20260507 12:50:17.444" endtime="20260507 12:50:17.493"/>
</kw>
<status status="PASS" starttime="20260507 12:50:17.443" endtime="20260507 12:50:17.493"/>
</kw>
<kw name="Fill Password as shipping" library="shipping_login_page">
<arg>${password}</arg>
<kw name="Fill Text" library="Browser">
<arg>${LOGIN_PASS_FIELD}</arg>
<arg>${password}</arg>
<tag>PageContent</tag>
<tag>Setter</tag>
<doc>Clears and fills the given ``txt`` into the text field found by ``selector``.</doc>
<msg timestamp="20260507 12:50:17.494" level="INFO">Fills the text '123456' in the given field.</msg>
<status status="PASS" starttime="20260507 12:50:17.494" endtime="20260507 12:50:17.509"/>
</kw>
<status status="PASS" starttime="20260507 12:50:17.493" endtime="20260507 12:50:17.509"/>
</kw>
<kw name="Click Login Button" library="shipping_login_page">
<kw name="Click" library="Browser">
<arg>${BTN_LOGIN}</arg>
<tag>PageContent</tag>
<tag>Setter</tag>
<doc>Simulates mouse click on the element found by ``selector``.</doc>
<msg timestamp="20260507 12:50:17.510" level="INFO">Clicks the element 'xpath=//*[@title="Login"]'.</msg>
<status status="PASS" starttime="20260507 12:50:17.510" endtime="20260507 12:50:17.662"/>
</kw>
<kw name="Sleep" library="BuiltIn">
<arg>3 seconds</arg>
<doc>Pauses the test executed for the given time.</doc>
<msg timestamp="20260507 12:50:20.663" level="INFO">Slept 3 seconds</msg>
<status status="PASS" starttime="20260507 12:50:17.662" endtime="20260507 12:50:20.663"/>
</kw>
<status status="PASS" starttime="20260507 12:50:17.509" endtime="20260507 12:50:20.663"/>
</kw>
<status status="PASS" starttime="20260507 12:50:17.443" endtime="20260507 12:50:20.663"/>
</kw>
<kw name="Verify Login Error Message" library="shipping_login_page">
<arg>${msg}</arg>
<kw name="Get Element Count" library="Browser">
<var>${is_tooltip}</var>
<arg>${MSG_TOOLTIP}</arg>
<tag>Assertion</tag>
<tag>Getter</tag>
<tag>PageContent</tag>
<doc>Returns the count of elements found with ``selector``.</doc>
<msg timestamp="20260507 12:50:20.669" level="INFO">${is_tooltip} = 0</msg>
<status status="PASS" starttime="20260507 12:50:20.663" endtime="20260507 12:50:20.669"/>
</kw>
<if>
<branch type="IF" condition="${is_tooltip} &gt; 0">
<kw name="Get Text" library="Browser">
<arg>${MSG_TOOLTIP}</arg>
<arg>contains</arg>
<arg>${expected_msg}</arg>
<tag>Assertion</tag>
<tag>Getter</tag>
<tag>PageContent</tag>
<doc>Returns text attribute of the element found by ``selector``.</doc>
<status status="NOT RUN" starttime="20260507 12:50:20.670" endtime="20260507 12:50:20.670"/>
</kw>
<status status="NOT RUN" starttime="20260507 12:50:20.670" endtime="20260507 12:50:20.670"/>
</branch>
<branch type="ELSE">
<kw name="Get Text" library="Browser">
<arg>${LOGIN_ERROR_POPUP}</arg>
<arg>contains</arg>
<arg>${expected_msg}</arg>
<tag>Assertion</tag>
<tag>Getter</tag>
<tag>PageContent</tag>
<doc>Returns text attribute of the element found by ``selector``.</doc>
<msg timestamp="20260507 12:50:20.700" level="INFO">Text: 'Login Failed'</msg>
<status status="PASS" starttime="20260507 12:50:20.671" endtime="20260507 12:50:20.700"/>
</kw>
<status status="PASS" starttime="20260507 12:50:20.671" endtime="20260507 12:50:20.700"/>
</branch>
<status status="PASS" starttime="20260507 12:50:20.670" endtime="20260507 12:50:20.700"/>
</if>
<status status="PASS" starttime="20260507 12:50:20.663" endtime="20260507 12:50:20.700"/>
</kw>
<status status="PASS" starttime="20260507 12:50:17.442" endtime="20260507 12:50:20.700"/>
</kw>
<kw name="Close Web Application" library="config" type="TEARDOWN">
<kw name="Close Browser" library="Browser">
<tag>BrowserControl</tag>
<tag>Setter</tag>
<doc>Closes the current browser.</doc>
<msg timestamp="20260507 12:50:21.005" level="INFO">Closed browser</msg>
<status status="PASS" starttime="20260507 12:50:20.701" endtime="20260507 12:50:21.005"/>
</kw>
<status status="PASS" starttime="20260507 12:50:20.701" endtime="20260507 12:50:21.005"/>
</kw>
<status status="PASS" starttime="20260507 12:50:15.317" endtime="20260507 12:50:21.006"/>
</test>
<test id="s1-t4" name="TC_05:Login Fail - Incorrect Username" line="14">
<kw name="Open Login Shipping Web Application" library="config" type="SETUP">
<kw name="New Browser" library="Browser">
<arg>browser=chromium</arg>
<arg>headless=False</arg>
<tag>BrowserControl</tag>
<tag>Setter</tag>
<doc>Create a new playwright Browser with specified options.</doc>
<msg timestamp="20260507 12:50:21.013" level="INFO">{"browser": "chromium", "headless": false, "chromiumSandbox": false, "devtools": false, "handleSIGHUP": true, "handleSIGINT": true, "handleSIGTERM": true, "slowMo": 0.0, "timeout": 30000.0, "tracesDir": "C:\\Users\\iTservice\\Document\\FEMS_AutomationTest\\testsuite\\Shipping\\SHIPPING01_LOGINLOGOUT\\output\\browser\\traces\\temp\\bb3b4e6c-08fc-461e-bbef-5bd855686bd9"}</msg>
<msg timestamp="20260507 12:50:21.289" level="INFO">Successfully created browser with options: {"browser":"chromium","headless":false,"chromiumSandbox":false,"devtools":false,"handleSIGHUP":true,"handleSIGINT":true,"handleSIGTERM":true,"slowMo":0,"timeout":30000,"tracesDir":"C:\\Users\\iTservice\\Document\\FEMS_AutomationTest\\testsuite\\Shipping\\SHIPPING01_LOGINLOGOUT\\output\\browser\\traces\\temp\\bb3b4e6c-08fc-461e-bbef-5bd855686bd9"}</msg>
<status status="PASS" starttime="20260507 12:50:21.013" endtime="20260507 12:50:21.292"/>
</kw>
<kw name="New Page" library="Browser">
<arg>${url_login}</arg>
<tag>BrowserControl</tag>
<tag>Setter</tag>
<doc>Open a new Page.</doc>
<msg timestamp="20260507 12:50:23.744" level="INFO">Successfully initialized new page object and opened url: https://uataotfems.netbay.co.th/fems/#/auth/shipping/login</msg>
<msg timestamp="20260507 12:50:23.745" level="INFO">No context was open. New context was automatically opened when this page is created.</msg>
<status status="PASS" starttime="20260507 12:50:21.292" endtime="20260507 12:50:23.745"/>
</kw>
<kw name="Set Browser Timeout" library="Browser">
<arg>20 seconds</arg>
<tag>Config</tag>
<tag>Setter</tag>
<doc>Sets the timeout used by most input and getter keywords.</doc>
<status status="PASS" starttime="20260507 12:50:23.745" endtime="20260507 12:50:23.746"/>
</kw>
<status status="PASS" starttime="20260507 12:50:21.012" endtime="20260507 12:50:23.746"/>
</kw>
<kw name="Login Failure Template" library="shipping_login_page">
<arg>Username_wrong</arg>
<arg>Netbay@123</arg>
<arg>Login Failed</arg>
<doc>Keyword สำหรับตรวจสอบกรณี Login ไม่สำเร็จทุกรูปแบบ</doc>
<kw name="Login To System As Shipping" library="shipping_login_page">
<arg>${user}</arg>
<arg>${pass}</arg>
<kw name="Fill username as shipping" library="shipping_login_page">
<arg>${username}</arg>
<kw name="Fill Text" library="Browser">
<arg>${LOGIN_USER_FIELD}</arg>
<arg>${username}</arg>
<tag>PageContent</tag>
<tag>Setter</tag>
<doc>Clears and fills the given ``txt`` into the text field found by ``selector``.</doc>
<msg timestamp="20260507 12:50:23.750" level="INFO">Fills the text 'Username_wrong' in the given field.</msg>
<status status="PASS" starttime="20260507 12:50:23.749" endtime="20260507 12:50:23.790"/>
</kw>
<status status="PASS" starttime="20260507 12:50:23.749" endtime="20260507 12:50:23.790"/>
</kw>
<kw name="Fill Password as shipping" library="shipping_login_page">
<arg>${password}</arg>
<kw name="Fill Text" library="Browser">
<arg>${LOGIN_PASS_FIELD}</arg>
<arg>${password}</arg>
<tag>PageContent</tag>
<tag>Setter</tag>
<doc>Clears and fills the given ``txt`` into the text field found by ``selector``.</doc>
<msg timestamp="20260507 12:50:23.791" level="INFO">Fills the text 'Netbay@123' in the given field.</msg>
<status status="PASS" starttime="20260507 12:50:23.791" endtime="20260507 12:50:23.805"/>
</kw>
<status status="PASS" starttime="20260507 12:50:23.790" endtime="20260507 12:50:23.805"/>
</kw>
<kw name="Click Login Button" library="shipping_login_page">
<kw name="Click" library="Browser">
<arg>${BTN_LOGIN}</arg>
<tag>PageContent</tag>
<tag>Setter</tag>
<doc>Simulates mouse click on the element found by ``selector``.</doc>
<msg timestamp="20260507 12:50:23.806" level="INFO">Clicks the element 'xpath=//*[@title="Login"]'.</msg>
<status status="PASS" starttime="20260507 12:50:23.806" endtime="20260507 12:50:23.908"/>
</kw>
<kw name="Sleep" library="BuiltIn">
<arg>3 seconds</arg>
<doc>Pauses the test executed for the given time.</doc>
<msg timestamp="20260507 12:50:26.910" level="INFO">Slept 3 seconds</msg>
<status status="PASS" starttime="20260507 12:50:23.908" endtime="20260507 12:50:26.910"/>
</kw>
<status status="PASS" starttime="20260507 12:50:23.805" endtime="20260507 12:50:26.910"/>
</kw>
<status status="PASS" starttime="20260507 12:50:23.749" endtime="20260507 12:50:26.910"/>
</kw>
<kw name="Verify Login Error Message" library="shipping_login_page">
<arg>${msg}</arg>
<kw name="Get Element Count" library="Browser">
<var>${is_tooltip}</var>
<arg>${MSG_TOOLTIP}</arg>
<tag>Assertion</tag>
<tag>Getter</tag>
<tag>PageContent</tag>
<doc>Returns the count of elements found with ``selector``.</doc>
<msg timestamp="20260507 12:50:26.919" level="INFO">${is_tooltip} = 0</msg>
<status status="PASS" starttime="20260507 12:50:26.911" endtime="20260507 12:50:26.919"/>
</kw>
<if>
<branch type="IF" condition="${is_tooltip} &gt; 0">
<kw name="Get Text" library="Browser">
<arg>${MSG_TOOLTIP}</arg>
<arg>contains</arg>
<arg>${expected_msg}</arg>
<tag>Assertion</tag>
<tag>Getter</tag>
<tag>PageContent</tag>
<doc>Returns text attribute of the element found by ``selector``.</doc>
<status status="NOT RUN" starttime="20260507 12:50:26.920" endtime="20260507 12:50:26.920"/>
</kw>
<status status="NOT RUN" starttime="20260507 12:50:26.919" endtime="20260507 12:50:26.920"/>
</branch>
<branch type="ELSE">
<kw name="Get Text" library="Browser">
<arg>${LOGIN_ERROR_POPUP}</arg>
<arg>contains</arg>
<arg>${expected_msg}</arg>
<tag>Assertion</tag>
<tag>Getter</tag>
<tag>PageContent</tag>
<doc>Returns text attribute of the element found by ``selector``.</doc>
<msg timestamp="20260507 12:50:26.959" level="INFO">Text: 'Login Failed'</msg>
<status status="PASS" starttime="20260507 12:50:26.920" endtime="20260507 12:50:26.960"/>
</kw>
<status status="PASS" starttime="20260507 12:50:26.920" endtime="20260507 12:50:26.960"/>
</branch>
<status status="PASS" starttime="20260507 12:50:26.919" endtime="20260507 12:50:26.960"/>
</if>
<status status="PASS" starttime="20260507 12:50:26.910" endtime="20260507 12:50:26.960"/>
</kw>
<status status="PASS" starttime="20260507 12:50:23.748" endtime="20260507 12:50:26.960"/>
</kw>
<kw name="Close Web Application" library="config" type="TEARDOWN">
<kw name="Close Browser" library="Browser">
<tag>BrowserControl</tag>
<tag>Setter</tag>
<doc>Closes the current browser.</doc>
<msg timestamp="20260507 12:50:27.262" level="INFO">Closed browser</msg>
<status status="PASS" starttime="20260507 12:50:26.962" endtime="20260507 12:50:27.262"/>
</kw>
<status status="PASS" starttime="20260507 12:50:26.961" endtime="20260507 12:50:27.262"/>
</kw>
<status status="PASS" starttime="20260507 12:50:21.009" endtime="20260507 12:50:27.263"/>
</test>
<status status="PASS" starttime="20260507 12:49:59.642" endtime="20260507 12:50:27.271"/>
</suite>
<statistics>
<total>
<stat pass="4" fail="0" skip="0">All Tests</stat>
</total>
<tag>
</tag>
<suite>
<stat pass="4" fail="0" skip="0" id="s1" name="02-loginFail">02-loginFail</stat>
</suite>
</statistics>
<errors>
</errors>
</robot>
