<?xml version="1.0" encoding="UTF-8"?>
<robot generator="Robot 6.1.1 (Python 3.12.9 on win32)" generated="20260508 13:24:28.004" rpa="false" schemaversion="4">
<suite id="s1" name="01-Tracking" source="C:\Users\iTservice\Document\FEMS_AutomationTest\testsuite\Shipping\SHIPPING04_TrackingBooking\01-Tracking.robot">
<test id="s1-t1" name="TC-12 : Create New Draft Booking For Tracking AND Search Tracking By Booking ID with Date to TMO and default" line="14">
<kw name="Run Keywords" library="BuiltIn" type="SETUP">
<arg>Login To System As Shipping User</arg>
<arg>AND</arg>
<arg>Prepare All Random Variables</arg>
<arg>AND</arg>
<arg>Open Create Booking Page</arg>
<doc>Executes all the given keywords in a sequence.</doc>
<kw name="Login To System As Shipping User" library="config">
<kw name="Open Login Shipping Web Application" library="config">
<kw name="New Browser" library="Browser">
<arg>browser=chromium</arg>
<arg>headless=False</arg>
<tag>BrowserControl</tag>
<tag>Setter</tag>
<doc>Create a new playwright Browser with specified options.</doc>
<msg timestamp="20260508 13:24:28.243" level="INFO">{"browser": "chromium", "headless": false, "chromiumSandbox": false, "devtools": false, "handleSIGHUP": true, "handleSIGINT": true, "handleSIGTERM": true, "slowMo": 0.0, "timeout": 30000.0, "tracesDir": "C:\\Users\\iTservice\\Document\\FEMS_AutomationTest\\testsuite\\Shipping\\SHIPPING04_TrackingBooking\\output\\browser\\traces\\temp\\3817aa0c-0b7d-4ec2-8a79-a9fe2e55cc95"}</msg>
<msg timestamp="20260508 13:24:28.265" level="INFO">Starting Browser process C:\Users\iTservice\AppData\Local\Programs\Python\Python312\Lib\site-packages\Browser\wrapper\index.js using at 127.0.0.1:29266</msg>
<msg timestamp="20260508 13:24:28.998" level="INFO">Successfully created browser with options: {"browser":"chromium","headless":false,"chromiumSandbox":false,"devtools":false,"handleSIGHUP":true,"handleSIGINT":true,"handleSIGTERM":true,"slowMo":0,"timeout":30000,"tracesDir":"C:\\Users\\iTservice\\Document\\FEMS_AutomationTest\\testsuite\\Shipping\\SHIPPING04_TrackingBooking\\output\\browser\\traces\\temp\\3817aa0c-0b7d-4ec2-8a79-a9fe2e55cc95"}</msg>
<status status="PASS" starttime="20260508 13:24:28.243" endtime="20260508 13:24:28.998"/>
</kw>
<kw name="New Page" library="Browser">
<arg>${url_login}</arg>
<tag>BrowserControl</tag>
<tag>Setter</tag>
<doc>Open a new Page.</doc>
<msg timestamp="20260508 13:24:30.831" level="INFO">Successfully initialized new page object and opened url: https://uataotfems.netbay.co.th/fems/#/auth/shipping/login</msg>
<msg timestamp="20260508 13:24:30.831" level="INFO">No context was open. New context was automatically opened when this page is created.</msg>
<status status="PASS" starttime="20260508 13:24:28.998" endtime="20260508 13:24:30.831"/>
</kw>
<kw name="Set Browser Timeout" library="Browser">
<arg>20 seconds</arg>
<tag>Config</tag>
<tag>Setter</tag>
<doc>Sets the timeout used by most input and getter keywords.</doc>
<status status="PASS" starttime="20260508 13:24:30.831" endtime="20260508 13:24:30.831"/>
</kw>
<status status="PASS" starttime="20260508 13:24:28.243" endtime="20260508 13:24:30.831"/>
</kw>
<kw name="Login To System As Shipping" library="shipping_login_page">
<arg>username=trainingship</arg>
<arg>password=Netbay@123</arg>
<kw name="Fill username as shipping" library="shipping_login_page">
<arg>${username}</arg>
<kw name="Fill Text" library="Browser">
<arg>${LOGIN_USER_FIELD}</arg>
<arg>${username}</arg>
<tag>PageContent</tag>
<tag>Setter</tag>
<doc>Clears and fills the given ``txt`` into the text field found by ``selector``.</doc>
<msg timestamp="20260508 13:24:30.837" level="INFO">Fills the text 'trainingship' in the given field.</msg>
<status status="PASS" starttime="20260508 13:24:30.831" endtime="20260508 13:24:30.862"/>
</kw>
<status status="PASS" starttime="20260508 13:24:30.831" endtime="20260508 13:24:30.862"/>
</kw>
<kw name="Fill Password as shipping" library="shipping_login_page">
<arg>${password}</arg>
<kw name="Fill Text" library="Browser">
<arg>${LOGIN_PASS_FIELD}</arg>
<arg>${password}</arg>
<tag>PageContent</tag>
<tag>Setter</tag>
<doc>Clears and fills the given ``txt`` into the text field found by ``selector``.</doc>
<msg timestamp="20260508 13:24:30.862" level="INFO">Fills the text 'Netbay@123' in the given field.</msg>
<status status="PASS" starttime="20260508 13:24:30.862" endtime="20260508 13:24:30.896"/>
</kw>
<status status="PASS" starttime="20260508 13:24:30.862" endtime="20260508 13:24:30.896"/>
</kw>
<kw name="Click Login Button" library="shipping_login_page">
<kw name="Click" library="Browser">
<arg>${BTN_LOGIN}</arg>
<tag>PageContent</tag>
<tag>Setter</tag>
<doc>Simulates mouse click on the element found by ``selector``.</doc>
<msg timestamp="20260508 13:24:30.896" level="INFO">Clicks the element 'xpath=//*[@title="Login"]'.</msg>
<status status="PASS" starttime="20260508 13:24:30.896" endtime="20260508 13:24:30.964"/>
</kw>
<kw name="Sleep" library="BuiltIn">
<arg>3 seconds</arg>
<doc>Pauses the test executed for the given time.</doc>
<msg timestamp="20260508 13:24:33.964" level="INFO">Slept 3 seconds</msg>
<status status="PASS" starttime="20260508 13:24:30.964" endtime="20260508 13:24:33.964"/>
</kw>
<status status="PASS" starttime="20260508 13:24:30.896" endtime="20260508 13:24:33.964"/>
</kw>
<status status="PASS" starttime="20260508 13:24:30.831" endtime="20260508 13:24:33.964"/>
</kw>
<status status="PASS" starttime="20260508 13:24:28.243" endtime="20260508 13:24:33.964"/>
</kw>
<kw name="Prepare All Random Variables" library="data_generator">
<kw name="Get Random Date to TMO" library="data_generator">
<var>${date_full}</var>
<var>${date_num}</var>
<kw name="Evaluate" library="BuiltIn">
<var>${random_days}</var>
<arg>random.randint(1, 60)</arg>
<arg>modules=random</arg>
<doc>Evaluates the given expression in Python and returns the result.</doc>
<msg timestamp="20260508 13:24:33.964" level="INFO">${random_days} = 1</msg>
<status status="PASS" starttime="20260508 13:24:33.964" endtime="20260508 13:24:33.964"/>
</kw>
<kw name="Get Current Date" library="DateTime">
<var>${date_full}</var>
<arg>increment=${random_days} days</arg>
<arg>result_format=%Y-%B-%d</arg>
<doc>Returns current local or UTC time with an optional increment.</doc>
<msg timestamp="20260508 13:24:33.964" level="INFO">${date_full} = 2026-May-09</msg>
<status status="PASS" starttime="20260508 13:24:33.964" endtime="20260508 13:24:33.964"/>
</kw>
<kw name="Convert Date" library="DateTime">
<var>${date_num}</var>
<arg>${date_full}</arg>
<arg>date_format=%Y-%B-%d</arg>
<arg>result_format=%Y-%m-%d</arg>
<doc>Converts between supported `date formats`.</doc>
<msg timestamp="20260508 13:24:33.964" level="INFO">${date_num} = 2026-05-09</msg>
<status status="PASS" starttime="20260508 13:24:33.964" endtime="20260508 13:24:33.964"/>
</kw>
<msg timestamp="20260508 13:24:33.964" level="INFO">${date_full} = 2026-May-09</msg>
<msg timestamp="20260508 13:24:33.964" level="INFO">${date_num} = 2026-05-09</msg>
<status status="PASS" starttime="20260508 13:24:33.964" endtime="20260508 13:24:33.964"/>
</kw>
<kw name="Get Random License Plate" library="data_generator">
<var>${license}</var>
<kw name="Generate Random String" library="String">
<var>${rand_char}</var>
<arg>2</arg>
<arg>กขคพยรล</arg>
<doc>Generates a string with a desired ``length`` from the given ``chars``.</doc>
<msg timestamp="20260508 13:24:33.964" level="INFO">${rand_char} = ยก</msg>
<status status="PASS" starttime="20260508 13:24:33.964" endtime="20260508 13:24:33.964"/>
</kw>
<kw name="Generate Random String" library="String">
<var>${rand_num}</var>
<arg>3</arg>
<arg>[NUMBERS]</arg>
<doc>Generates a string with a desired ``length`` from the given ``chars``.</doc>
<msg timestamp="20260508 13:24:33.964" level="INFO">${rand_num} = 419</msg>
<status status="PASS" starttime="20260508 13:24:33.964" endtime="20260508 13:24:33.964"/>
</kw>
<kw name="Set Variable" library="BuiltIn">
<var>${license}</var>
<arg>${rand_char}${rand_num}</arg>
<doc>Returns the given values which can then be assigned to a variables.</doc>
<msg timestamp="20260508 13:24:33.964" level="INFO">${license} = ยก419</msg>
<status status="PASS" starttime="20260508 13:24:33.964" endtime="20260508 13:24:33.964"/>
</kw>
<msg timestamp="20260508 13:24:33.964" level="INFO">${license} = ยก419</msg>
<status status="PASS" starttime="20260508 13:24:33.964" endtime="20260508 13:24:33.964"/>
</kw>
<kw name="Generate Random DecNo And HAWB" library="data_generator">
<var>${dec_no}</var>
<var>${hawb_no}</var>
<kw name="Generate Random String" library="String">
<var>${dec_no}</var>
<arg>14</arg>
<arg>[NUMBERS]</arg>
<doc>Generates a string with a desired ``length`` from the given ``chars``.</doc>
<msg timestamp="20260508 13:24:33.964" level="INFO">${dec_no} = 96760115509907</msg>
<status status="PASS" starttime="20260508 13:24:33.964" endtime="20260508 13:24:33.964"/>
</kw>
<kw name="Generate Random String" library="String">
<var>${hawb_no}</var>
<arg>10</arg>
<arg>[UPPER][NUMBERS]</arg>
<doc>Generates a string with a desired ``length`` from the given ``chars``.</doc>
<msg timestamp="20260508 13:24:33.964" level="INFO">${hawb_no} = R8APM7YK5L</msg>
<status status="PASS" starttime="20260508 13:24:33.964" endtime="20260508 13:24:33.964"/>
</kw>
<msg timestamp="20260508 13:24:33.964" level="INFO">${dec_no} = 96760115509907</msg>
<msg timestamp="20260508 13:24:33.964" level="INFO">${hawb_no} = R8APM7YK5L</msg>
<status status="PASS" starttime="20260508 13:24:33.964" endtime="20260508 13:24:33.964"/>
</kw>
<kw name="Generate Random DecNo2 And HAWB2" library="data_generator">
<var>${dec2_no}</var>
<var>${hawb2_no}</var>
<kw name="Generate Random String" library="String">
<var>${dec2_no}</var>
<arg>14</arg>
<arg>[NUMBERS]</arg>
<doc>Generates a string with a desired ``length`` from the given ``chars``.</doc>
<msg timestamp="20260508 13:24:33.964" level="INFO">${dec2_no} = 40557572008160</msg>
<status status="PASS" starttime="20260508 13:24:33.964" endtime="20260508 13:24:33.964"/>
</kw>
<kw name="Generate Random String" library="String">
<var>${hawb2_no}</var>
<arg>10</arg>
<arg>[UPPER][NUMBERS]</arg>
<doc>Generates a string with a desired ``length`` from the given ``chars``.</doc>
<msg timestamp="20260508 13:24:33.964" level="INFO">${hawb2_no} = SIHAQ0V1U5</msg>
<status status="PASS" starttime="20260508 13:24:33.964" endtime="20260508 13:24:33.964"/>
</kw>
<msg timestamp="20260508 13:24:33.964" level="INFO">${dec2_no} = 40557572008160</msg>
<msg timestamp="20260508 13:24:33.964" level="INFO">${hawb2_no} = SIHAQ0V1U5</msg>
<status status="PASS" starttime="20260508 13:24:33.964" endtime="20260508 13:24:33.964"/>
</kw>
<kw name="Get Random Driver ID" library="data_generator">
<var>${driver_id_fmt}</var>
<kw name="Generate Random String" library="String">
<var>${driver_id}</var>
<arg>13</arg>
<arg>[NUMBERS]</arg>
<doc>Generates a string with a desired ``length`` from the given ``chars``.</doc>
<msg timestamp="20260508 13:24:33.964" level="INFO">${driver_id} = 7829618334072</msg>
<status status="PASS" starttime="20260508 13:24:33.964" endtime="20260508 13:24:33.964"/>
</kw>
<kw name="Set Variable" library="BuiltIn">
<var>${driver_id_fmt}</var>
<arg>1-${driver_id[1:5]}-${driver_id[5:10]}-${driver_id[10:12]}-${driver_id[12]}</arg>
<doc>Returns the given values which can then be assigned to a variables.</doc>
<msg timestamp="20260508 13:24:33.964" level="INFO">${driver_id_fmt} = 1-8296-18334-07-2</msg>
<status status="PASS" starttime="20260508 13:24:33.964" endtime="20260508 13:24:33.964"/>
</kw>
<msg timestamp="20260508 13:24:33.964" level="INFO">${driver_id_fmt} = 1-8296-18334-07-2</msg>
<status status="PASS" starttime="20260508 13:24:33.964" endtime="20260508 13:24:33.964"/>
</kw>
<kw name="Generate Random Product List" library="data_generator">
<var>${final_list}</var>
<arg>1</arg>
<arg>3</arg>
<kw name="Create List" library="BuiltIn">
<var>${final_list}</var>
<doc>Returns a list containing given items.</doc>
<msg timestamp="20260508 13:24:33.964" level="INFO">${final_list} = []</msg>
<status status="PASS" starttime="20260508 13:24:33.964" endtime="20260508 13:24:33.964"/>
</kw>
<kw name="Evaluate" library="BuiltIn">
<var>${count}</var>
<arg>random.randint(${min_items}, ${max_items})</arg>
<arg>modules=random</arg>
<doc>Evaluates the given expression in Python and returns the result.</doc>
<msg timestamp="20260508 13:24:33.964" level="INFO">${count} = 3</msg>
<status status="PASS" starttime="20260508 13:24:33.964" endtime="20260508 13:24:33.964"/>
</kw>
<for flavor="IN RANGE">
<var>${index}</var>
<value>${count}</value>
<iter>
<var name="${index}">0</var>
<kw name="Generate Random String" library="String">
<var>${rand_dec}</var>
<arg>11</arg>
<arg>[NUMBERS]</arg>
<doc>Generates a string with a desired ``length`` from the given ``chars``.</doc>
<msg timestamp="20260508 13:24:33.964" level="INFO">${rand_dec} = 56501417741</msg>
<status status="PASS" starttime="20260508 13:24:33.964" endtime="20260508 13:24:33.964"/>
</kw>
<kw name="Generate Random String" library="String">
<var>${rand_hawb}</var>
<arg>8</arg>
<arg>[UPPER][NUMBERS]</arg>
<doc>Generates a string with a desired ``length`` from the given ``chars``.</doc>
<msg timestamp="20260508 13:24:33.964" level="INFO">${rand_hawb} = ATMCR2PW</msg>
<status status="PASS" starttime="20260508 13:24:33.964" endtime="20260508 13:24:33.964"/>
</kw>
<kw name="Create Dictionary" library="BuiltIn">
<var>${item}</var>
<arg>dec_no=DEC${rand_dec}</arg>
<arg>hawb=HWB${rand_hawb}</arg>
<doc>Creates and returns a dictionary based on the given ``items``.</doc>
<msg timestamp="20260508 13:24:33.964" level="INFO">${item} = {'dec_no': 'DEC56501417741', 'hawb': 'HWBATMCR2PW'}</msg>
<status status="PASS" starttime="20260508 13:24:33.964" endtime="20260508 13:24:33.964"/>
</kw>
<if>
<branch type="IF" condition="${index} == 0">
<kw name="Set Global Variable" library="BuiltIn">
<arg>${RAND_DEC_NO}</arg>
<arg>DEC${rand_dec}</arg>
<doc>Makes a variable available globally in all tests and suites.</doc>
<msg timestamp="20260508 13:24:33.964" level="INFO">${RAND_DEC_NO} = DEC56501417741</msg>
<status status="PASS" starttime="20260508 13:24:33.964" endtime="20260508 13:24:33.964"/>
</kw>
<kw name="Set Global Variable" library="BuiltIn">
<arg>${RAND_HAWB}</arg>
<arg>HWB${rand_hawb}</arg>
<doc>Makes a variable available globally in all tests and suites.</doc>
<msg timestamp="20260508 13:24:33.964" level="INFO">${RAND_HAWB} = HWBATMCR2PW</msg>
<status status="PASS" starttime="20260508 13:24:33.964" endtime="20260508 13:24:33.964"/>
</kw>
<status status="PASS" starttime="20260508 13:24:33.964" endtime="20260508 13:24:33.964"/>
</branch>
<status status="PASS" starttime="20260508 13:24:33.964" endtime="20260508 13:24:33.964"/>
</if>
<kw name="Append To List" library="Collections">
<arg>${final_list}</arg>
<arg>${item}</arg>
<doc>Adds ``values`` to the end of ``list``.</doc>
<status status="PASS" starttime="20260508 13:24:33.964" endtime="20260508 13:24:33.964"/>
</kw>
<status status="PASS" starttime="20260508 13:24:33.964" endtime="20260508 13:24:33.964"/>
</iter>
<iter>
<var name="${index}">1</var>
<kw name="Generate Random String" library="String">
<var>${rand_dec}</var>
<arg>11</arg>
<arg>[NUMBERS]</arg>
<doc>Generates a string with a desired ``length`` from the given ``chars``.</doc>
<msg timestamp="20260508 13:24:33.964" level="INFO">${rand_dec} = 46917279236</msg>
<status status="PASS" starttime="20260508 13:24:33.964" endtime="20260508 13:24:33.964"/>
</kw>
<kw name="Generate Random String" library="String">
<var>${rand_hawb}</var>
<arg>8</arg>
<arg>[UPPER][NUMBERS]</arg>
<doc>Generates a string with a desired ``length`` from the given ``chars``.</doc>
<msg timestamp="20260508 13:24:33.964" level="INFO">${rand_hawb} = DUAMSL1M</msg>
<status status="PASS" starttime="20260508 13:24:33.964" endtime="20260508 13:24:33.964"/>
</kw>
<kw name="Create Dictionary" library="BuiltIn">
<var>${item}</var>
<arg>dec_no=DEC${rand_dec}</arg>
<arg>hawb=HWB${rand_hawb}</arg>
<doc>Creates and returns a dictionary based on the given ``items``.</doc>
<msg timestamp="20260508 13:24:33.964" level="INFO">${item} = {'dec_no': 'DEC46917279236', 'hawb': 'HWBDUAMSL1M'}</msg>
<status status="PASS" starttime="20260508 13:24:33.964" endtime="20260508 13:24:33.964"/>
</kw>
<if>
<branch type="IF" condition="${index} == 0">
<kw name="Set Global Variable" library="BuiltIn">
<arg>${RAND_DEC_NO}</arg>
<arg>DEC${rand_dec}</arg>
<doc>Makes a variable available globally in all tests and suites.</doc>
<status status="NOT RUN" starttime="20260508 13:24:33.964" endtime="20260508 13:24:33.964"/>
</kw>
<kw name="Set Global Variable" library="BuiltIn">
<arg>${RAND_HAWB}</arg>
<arg>HWB${rand_hawb}</arg>
<doc>Makes a variable available globally in all tests and suites.</doc>
<status status="NOT RUN" starttime="20260508 13:24:33.964" endtime="20260508 13:24:33.964"/>
</kw>
<status status="NOT RUN" starttime="20260508 13:24:33.964" endtime="20260508 13:24:33.964"/>
</branch>
<status status="PASS" starttime="20260508 13:24:33.964" endtime="20260508 13:24:33.964"/>
</if>
<kw name="Append To List" library="Collections">
<arg>${final_list}</arg>
<arg>${item}</arg>
<doc>Adds ``values`` to the end of ``list``.</doc>
<status status="PASS" starttime="20260508 13:24:33.964" endtime="20260508 13:24:33.980"/>
</kw>
<status status="PASS" starttime="20260508 13:24:33.964" endtime="20260508 13:24:33.980"/>
</iter>
<iter>
<var name="${index}">2</var>
<kw name="Generate Random String" library="String">
<var>${rand_dec}</var>
<arg>11</arg>
<arg>[NUMBERS]</arg>
<doc>Generates a string with a desired ``length`` from the given ``chars``.</doc>
<msg timestamp="20260508 13:24:33.980" level="INFO">${rand_dec} = 15061690889</msg>
<status status="PASS" starttime="20260508 13:24:33.980" endtime="20260508 13:24:33.980"/>
</kw>
<kw name="Generate Random String" library="String">
<var>${rand_hawb}</var>
<arg>8</arg>
<arg>[UPPER][NUMBERS]</arg>
<doc>Generates a string with a desired ``length`` from the given ``chars``.</doc>
<msg timestamp="20260508 13:24:33.980" level="INFO">${rand_hawb} = OGB45HP2</msg>
<status status="PASS" starttime="20260508 13:24:33.980" endtime="20260508 13:24:33.980"/>
</kw>
<kw name="Create Dictionary" library="BuiltIn">
<var>${item}</var>
<arg>dec_no=DEC${rand_dec}</arg>
<arg>hawb=HWB${rand_hawb}</arg>
<doc>Creates and returns a dictionary based on the given ``items``.</doc>
<msg timestamp="20260508 13:24:33.980" level="INFO">${item} = {'dec_no': 'DEC15061690889', 'hawb': 'HWBOGB45HP2'}</msg>
<status status="PASS" starttime="20260508 13:24:33.980" endtime="20260508 13:24:33.980"/>
</kw>
<if>
<branch type="IF" condition="${index} == 0">
<kw name="Set Global Variable" library="BuiltIn">
<arg>${RAND_DEC_NO}</arg>
<arg>DEC${rand_dec}</arg>
<doc>Makes a variable available globally in all tests and suites.</doc>
<status status="NOT RUN" starttime="20260508 13:24:33.980" endtime="20260508 13:24:33.980"/>
</kw>
<kw name="Set Global Variable" library="BuiltIn">
<arg>${RAND_HAWB}</arg>
<arg>HWB${rand_hawb}</arg>
<doc>Makes a variable available globally in all tests and suites.</doc>
<status status="NOT RUN" starttime="20260508 13:24:33.980" endtime="20260508 13:24:33.980"/>
</kw>
<status status="NOT RUN" starttime="20260508 13:24:33.980" endtime="20260508 13:24:33.980"/>
</branch>
<status status="PASS" starttime="20260508 13:24:33.980" endtime="20260508 13:24:33.980"/>
</if>
<kw name="Append To List" library="Collections">
<arg>${final_list}</arg>
<arg>${item}</arg>
<doc>Adds ``values`` to the end of ``list``.</doc>
<status status="PASS" starttime="20260508 13:24:33.980" endtime="20260508 13:24:33.980"/>
</kw>
<status status="PASS" starttime="20260508 13:24:33.980" endtime="20260508 13:24:33.980"/>
</iter>
<status status="PASS" starttime="20260508 13:24:33.964" endtime="20260508 13:24:33.980"/>
</for>
<return>
<value>${final_list}</value>
<status status="PASS" starttime="20260508 13:24:33.980" endtime="20260508 13:24:33.980"/>
</return>
<msg timestamp="20260508 13:24:33.980" level="INFO">${final_list} = [{'dec_no': 'DEC56501417741', 'hawb': 'HWBATMCR2PW'}, {'dec_no': 'DEC46917279236', 'hawb': 'HWBDUAMSL1M'}, {'dec_no': 'DEC15061690889', 'hawb': 'HWBOGB45HP2'}]</msg>
<status status="PASS" starttime="20260508 13:24:33.964" endtime="20260508 13:24:33.980"/>
</kw>
<kw name="Generate Random Product List" library="data_generator">
<var>${single_list}</var>
<arg>1</arg>
<arg>1</arg>
<kw name="Create List" library="BuiltIn">
<var>${final_list}</var>
<doc>Returns a list containing given items.</doc>
<msg timestamp="20260508 13:24:33.980" level="INFO">${final_list} = []</msg>
<status status="PASS" starttime="20260508 13:24:33.980" endtime="20260508 13:24:33.980"/>
</kw>
<kw name="Evaluate" library="BuiltIn">
<var>${count}</var>
<arg>random.randint(${min_items}, ${max_items})</arg>
<arg>modules=random</arg>
<doc>Evaluates the given expression in Python and returns the result.</doc>
<msg timestamp="20260508 13:24:33.980" level="INFO">${count} = 1</msg>
<status status="PASS" starttime="20260508 13:24:33.980" endtime="20260508 13:24:33.980"/>
</kw>
<for flavor="IN RANGE">
<var>${index}</var>
<value>${count}</value>
<iter>
<var name="${index}">0</var>
<kw name="Generate Random String" library="String">
<var>${rand_dec}</var>
<arg>11</arg>
<arg>[NUMBERS]</arg>
<doc>Generates a string with a desired ``length`` from the given ``chars``.</doc>
<msg timestamp="20260508 13:24:33.980" level="INFO">${rand_dec} = 17490831845</msg>
<status status="PASS" starttime="20260508 13:24:33.980" endtime="20260508 13:24:33.980"/>
</kw>
<kw name="Generate Random String" library="String">
<var>${rand_hawb}</var>
<arg>8</arg>
<arg>[UPPER][NUMBERS]</arg>
<doc>Generates a string with a desired ``length`` from the given ``chars``.</doc>
<msg timestamp="20260508 13:24:33.980" level="INFO">${rand_hawb} = 46AW757Q</msg>
<status status="PASS" starttime="20260508 13:24:33.980" endtime="20260508 13:24:33.980"/>
</kw>
<kw name="Create Dictionary" library="BuiltIn">
<var>${item}</var>
<arg>dec_no=DEC${rand_dec}</arg>
<arg>hawb=HWB${rand_hawb}</arg>
<doc>Creates and returns a dictionary based on the given ``items``.</doc>
<msg timestamp="20260508 13:24:33.980" level="INFO">${item} = {'dec_no': 'DEC17490831845', 'hawb': 'HWB46AW757Q'}</msg>
<status status="PASS" starttime="20260508 13:24:33.980" endtime="20260508 13:24:33.980"/>
</kw>
<if>
<branch type="IF" condition="${index} == 0">
<kw name="Set Global Variable" library="BuiltIn">
<arg>${RAND_DEC_NO}</arg>
<arg>DEC${rand_dec}</arg>
<doc>Makes a variable available globally in all tests and suites.</doc>
<msg timestamp="20260508 13:24:33.980" level="INFO">${RAND_DEC_NO} = DEC17490831845</msg>
<status status="PASS" starttime="20260508 13:24:33.980" endtime="20260508 13:24:33.980"/>
</kw>
<kw name="Set Global Variable" library="BuiltIn">
<arg>${RAND_HAWB}</arg>
<arg>HWB${rand_hawb}</arg>
<doc>Makes a variable available globally in all tests and suites.</doc>
<msg timestamp="20260508 13:24:33.980" level="INFO">${RAND_HAWB} = HWB46AW757Q</msg>
<status status="PASS" starttime="20260508 13:24:33.980" endtime="20260508 13:24:33.980"/>
</kw>
<status status="PASS" starttime="20260508 13:24:33.980" endtime="20260508 13:24:33.980"/>
</branch>
<status status="PASS" starttime="20260508 13:24:33.980" endtime="20260508 13:24:33.980"/>
</if>
<kw name="Append To List" library="Collections">
<arg>${final_list}</arg>
<arg>${item}</arg>
<doc>Adds ``values`` to the end of ``list``.</doc>
<status status="PASS" starttime="20260508 13:24:33.980" endtime="20260508 13:24:33.980"/>
</kw>
<status status="PASS" starttime="20260508 13:24:33.980" endtime="20260508 13:24:33.980"/>
</iter>
<status status="PASS" starttime="20260508 13:24:33.980" endtime="20260508 13:24:33.980"/>
</for>
<return>
<value>${final_list}</value>
<status status="PASS" starttime="20260508 13:24:33.980" endtime="20260508 13:24:33.980"/>
</return>
<msg timestamp="20260508 13:24:33.980" level="INFO">${single_list} = [{'dec_no': 'DEC17490831845', 'hawb': 'HWB46AW757Q'}]</msg>
<status status="PASS" starttime="20260508 13:24:33.980" endtime="20260508 13:24:33.980"/>
</kw>
<kw name="Set Global Variable" library="BuiltIn">
<arg>${RAND_DATE_FULL}</arg>
<arg>${date_full}</arg>
<doc>Makes a variable available globally in all tests and suites.</doc>
<msg timestamp="20260508 13:24:33.980" level="INFO">${RAND_DATE_FULL} = 2026-May-09</msg>
<status status="PASS" starttime="20260508 13:24:33.980" endtime="20260508 13:24:33.980"/>
</kw>
<kw name="Set Global Variable" library="BuiltIn">
<arg>${RAND_DATE_NUM}</arg>
<arg>${date_num}</arg>
<doc>Makes a variable available globally in all tests and suites.</doc>
<msg timestamp="20260508 13:24:33.980" level="INFO">${RAND_DATE_NUM} = 2026-05-09</msg>
<status status="PASS" starttime="20260508 13:24:33.980" endtime="20260508 13:24:33.980"/>
</kw>
<kw name="Set Global Variable" library="BuiltIn">
<arg>${RAND_LICENSE}</arg>
<arg>${license}</arg>
<doc>Makes a variable available globally in all tests and suites.</doc>
<msg timestamp="20260508 13:24:33.980" level="INFO">${RAND_LICENSE} = ยก419</msg>
<status status="PASS" starttime="20260508 13:24:33.980" endtime="20260508 13:24:33.980"/>
</kw>
<kw name="Set Global Variable" library="BuiltIn">
<arg>${RAND_DEC_NO}</arg>
<arg>${dec_no}</arg>
<doc>Makes a variable available globally in all tests and suites.</doc>
<msg timestamp="20260508 13:24:33.980" level="INFO">${RAND_DEC_NO} = 96760115509907</msg>
<status status="PASS" starttime="20260508 13:24:33.980" endtime="20260508 13:24:33.980"/>
</kw>
<kw name="Set Global Variable" library="BuiltIn">
<arg>${RAND_HAWB}</arg>
<arg>${hawb_no}</arg>
<doc>Makes a variable available globally in all tests and suites.</doc>
<msg timestamp="20260508 13:24:33.980" level="INFO">${RAND_HAWB} = R8APM7YK5L</msg>
<status status="PASS" starttime="20260508 13:24:33.980" endtime="20260508 13:24:33.980"/>
</kw>
<kw name="Set Global Variable" library="BuiltIn">
<arg>${RAND_DEC2_NO}</arg>
<arg>${dec2_no}</arg>
<doc>Makes a variable available globally in all tests and suites.</doc>
<msg timestamp="20260508 13:24:33.980" level="INFO">${RAND_DEC2_NO} = 40557572008160</msg>
<status status="PASS" starttime="20260508 13:24:33.980" endtime="20260508 13:24:33.980"/>
</kw>
<kw name="Set Global Variable" library="BuiltIn">
<arg>${RAND_HAWB2}</arg>
<arg>${hawb2_no}</arg>
<doc>Makes a variable available globally in all tests and suites.</doc>
<msg timestamp="20260508 13:24:33.980" level="INFO">${RAND_HAWB2} = SIHAQ0V1U5</msg>
<status status="PASS" starttime="20260508 13:24:33.980" endtime="20260508 13:24:33.980"/>
</kw>
<kw name="Set Global Variable" library="BuiltIn">
<arg>${RAND_DRIVER_ID}</arg>
<arg>${driver_id_fmt}</arg>
<doc>Makes a variable available globally in all tests and suites.</doc>
<msg timestamp="20260508 13:24:33.980" level="INFO">${RAND_DRIVER_ID} = 1-8296-18334-07-2</msg>
<status status="PASS" starttime="20260508 13:24:33.980" endtime="20260508 13:24:33.980"/>
</kw>
<kw name="Set Global Variable" library="BuiltIn">
<arg>${MANY_PRODUCT_LIST}</arg>
<arg>${final_list}</arg>
<doc>Makes a variable available globally in all tests and suites.</doc>
<msg timestamp="20260508 13:24:33.980" level="INFO">${MANY_PRODUCT_LIST} = [{'dec_no': 'DEC56501417741', 'hawb': 'HWBATMCR2PW'}, {'dec_no': 'DEC46917279236', 'hawb': 'HWBDUAMSL1M'}, {'dec_no': 'DEC15061690889', 'hawb': 'HWBOGB45HP2'}]</msg>
<status status="PASS" starttime="20260508 13:24:33.980" endtime="20260508 13:24:33.980"/>
</kw>
<kw name="Set Global Variable" library="BuiltIn">
<arg>${SINGLE_PRODUCT_LIST}</arg>
<arg>${single_list}</arg>
<doc>Makes a variable available globally in all tests and suites.</doc>
<msg timestamp="20260508 13:24:33.980" level="INFO">${SINGLE_PRODUCT_LIST} = [{'dec_no': 'DEC17490831845', 'hawb': 'HWB46AW757Q'}]</msg>
<status status="PASS" starttime="20260508 13:24:33.980" endtime="20260508 13:24:33.980"/>
</kw>
<status status="PASS" starttime="20260508 13:24:33.964" endtime="20260508 13:24:33.980"/>
</kw>
<kw name="Open Create Booking Page" library="shipping_createBooking_page">
<kw name="Click" library="Browser">
<arg>${MNU_SIDEBAR_QUEUE_BOOKING}</arg>
<tag>PageContent</tag>
<tag>Setter</tag>
<doc>Simulates mouse click on the element found by ``selector``.</doc>
<msg timestamp="20260508 13:24:33.980" level="INFO">Clicks the element 'xpath=//*[@id="sidebar-menu-17"]'.</msg>
<status status="PASS" starttime="20260508 13:24:33.980" endtime="20260508 13:24:34.043"/>
</kw>
<kw name="Click" library="Browser">
<arg>${BTN_CREATE_NEW_BOOKING}</arg>
<tag>PageContent</tag>
<tag>Setter</tag>
<doc>Simulates mouse click on the element found by ``selector``.</doc>
<msg timestamp="20260508 13:24:34.044" level="INFO">Clicks the element 'xpath=//*[@id="queue-booking-tracking-btn-create"]'.</msg>
<status status="PASS" starttime="20260508 13:24:34.044" endtime="20260508 13:24:34.157"/>
</kw>
<status status="PASS" starttime="20260508 13:24:33.980" endtime="20260508 13:24:34.157"/>
</kw>
<status status="PASS" starttime="20260508 13:24:28.243" endtime="20260508 13:24:34.157"/>
</kw>
<kw name="Create New Booking" library="shipping_createBooking_page">
<arg>SUCCESS</arg>
<arg>${RAND_DATE_FULL}</arg>
<arg>${RAND_DRIVER_ID}</arg>
<arg>${RAND_LICENSE}</arg>
<arg>กระบี่</arg>
<arg>รถยนต์ 4 ที่นั่ง</arg>
<arg>รับสินค้าขาเข้าปกติ</arg>
<arg>TG</arg>
<arg>ภายในประเทศ/ท่าอื่น</arg>
<arg>10</arg>
<arg>30</arg>
<arg>ของมีค่า(TG)</arg>
<arg>${SINGLE_PRODUCT_LIST}</arg>
<kw name="Fill Date to TMO" library="shipping_createBooking_page">
<arg>date_to_tmo=${date}</arg>
<kw name="Split String" library="String">
<var>${year}</var>
<var>${month}</var>
<var>${day}</var>
<arg>${date_to_tmo}</arg>
<arg>-</arg>
<doc>Splits the ``string`` using ``separator`` as a delimiter string.</doc>
<msg timestamp="20260508 13:24:34.159" level="INFO">${year} = 2026</msg>
<msg timestamp="20260508 13:24:34.159" level="INFO">${month} = May</msg>
<msg timestamp="20260508 13:24:34.159" level="INFO">${day} = 09</msg>
<status status="PASS" starttime="20260508 13:24:34.159" endtime="20260508 13:24:34.159"/>
</kw>
<kw name="Click" library="Browser">
<arg>//*[@id="queue-booking-tracking-search-reserveDate"]</arg>
<tag>PageContent</tag>
<tag>Setter</tag>
<doc>Simulates mouse click on the element found by ``selector``.</doc>
<msg timestamp="20260508 13:24:34.159" level="INFO">Clicks the element '//*[@id="queue-booking-tracking-search-reserveDate"]'.</msg>
<status status="PASS" starttime="20260508 13:24:34.159" endtime="20260508 13:24:35.200"/>
</kw>
<kw name="Wait For Elements State" library="Browser">
<arg>.bs-datepicker-container</arg>
<arg>visible</arg>
<tag>PageContent</tag>
<tag>Wait</tag>
<doc>Waits for the element found by ``selector`` to satisfy state option.</doc>
<msg timestamp="20260508 13:24:35.215" level="INFO">Waited for Element with selector .bs-datepicker-container at state visible</msg>
<status status="PASS" starttime="20260508 13:24:35.202" endtime="20260508 13:24:35.215"/>
</kw>
<kw name="Click" library="Browser">
<arg>(//div[contains(@class,"bs-datepicker-head")]//button[contains(@class,"current")])[2]</arg>
<tag>PageContent</tag>
<tag>Setter</tag>
<doc>Simulates mouse click on the element found by ``selector``.</doc>
<msg timestamp="20260508 13:24:35.216" level="INFO">Clicks the element '(//div[contains(@class,"bs-datepicker-head")]//button[contains(@class,"current")])[2]'.</msg>
<status status="PASS" starttime="20260508 13:24:35.216" endtime="20260508 13:24:35.245"/>
</kw>
<kw name="Click" library="Browser">
<arg>//span[normalize-space()="${year}"]</arg>
<tag>PageContent</tag>
<tag>Setter</tag>
<doc>Simulates mouse click on the element found by ``selector``.</doc>
<msg timestamp="20260508 13:24:35.245" level="INFO">Clicks the element '//span[normalize-space()="2026"]'.</msg>
<status status="PASS" starttime="20260508 13:24:35.245" endtime="20260508 13:24:35.271"/>
</kw>
<kw name="Click" library="Browser">
<arg>//span[normalize-space()="${month}"]</arg>
<tag>PageContent</tag>
<tag>Setter</tag>
<doc>Simulates mouse click on the element found by ``selector``.</doc>
<msg timestamp="20260508 13:24:35.271" level="INFO">Clicks the element '//span[normalize-space()="May"]'.</msg>
<status status="PASS" starttime="20260508 13:24:35.271" endtime="20260508 13:24:35.308"/>
</kw>
<kw name="Wait For Elements State" library="Browser">
<arg>.bs-datepicker-body</arg>
<arg>visible</arg>
<tag>PageContent</tag>
<tag>Wait</tag>
<doc>Waits for the element found by ``selector`` to satisfy state option.</doc>
<msg timestamp="20260508 13:24:35.313" level="INFO">Waited for Element with selector .bs-datepicker-body at state visible</msg>
<status status="PASS" starttime="20260508 13:24:35.308" endtime="20260508 13:24:35.313"/>
</kw>
<kw name="Convert To Integer" library="BuiltIn">
<var>${day_int}</var>
<arg>${day}</arg>
<doc>Converts the given item to an integer number.</doc>
<msg timestamp="20260508 13:24:35.313" level="INFO">${day_int} = 9</msg>
<status status="PASS" starttime="20260508 13:24:35.313" endtime="20260508 13:24:35.313"/>
</kw>
<kw name="Click" library="Browser">
<arg>(//div[contains(@class,"bs-datepicker-body")]//span[normalize-space()="${day_int}"])[1]</arg>
<tag>PageContent</tag>
<tag>Setter</tag>
<doc>Simulates mouse click on the element found by ``selector``.</doc>
<msg timestamp="20260508 13:24:35.313" level="INFO">Clicks the element '(//div[contains(@class,"bs-datepicker-body")]//span[normalize-space()="9"])[1]'.</msg>
<status status="PASS" starttime="20260508 13:24:35.313" endtime="20260508 13:24:35.383"/>
</kw>
<status status="PASS" starttime="20260508 13:24:34.158" endtime="20260508 13:24:35.383"/>
</kw>
<if>
<branch type="IF" condition="'${driver_id}' != '${EMPTY}'">
<kw name="Fill Driver Info" library="shipping_createBooking_page">
<arg>${driver_id}</arg>
<kw name="Click" library="Browser">
<arg>${DRP_DRIVER_SELECTOR}</arg>
<tag>PageContent</tag>
<tag>Setter</tag>
<doc>Simulates mouse click on the element found by ``selector``.</doc>
<msg timestamp="20260508 13:24:35.383" level="INFO">Clicks the element 'xpath=//*[@id="queue-booking-view-driver"]/ngx-select/div/div[2]'.</msg>
<status status="PASS" starttime="20260508 13:24:35.383" endtime="20260508 13:24:35.418"/>
</kw>
<kw name="Click" library="Browser">
<arg>${LNK_DRIVER_MANUAL_OPTION}</arg>
<tag>PageContent</tag>
<tag>Setter</tag>
<doc>Simulates mouse click on the element found by ``selector``.</doc>
<msg timestamp="20260508 13:24:35.418" level="INFO">Clicks the element 'xpath=//*[@id="queue-booking-view-driver"]/ngx-select/div/ngx-select-choices/ul/li[1]/a'.</msg>
<status status="PASS" starttime="20260508 13:24:35.418" endtime="20260508 13:24:35.456"/>
</kw>
<kw name="Fill Text" library="Browser">
<arg>${TXT_DRIVER_TAX_ID}</arg>
<arg>${driver_id}</arg>
<tag>PageContent</tag>
<tag>Setter</tag>
<doc>Clears and fills the given ``txt`` into the text field found by ``selector``.</doc>
<msg timestamp="20260508 13:24:35.457" level="INFO">Fills the text '1-8296-18334-07-2' in the given field.</msg>
<status status="PASS" starttime="20260508 13:24:35.457" endtime="20260508 13:24:35.466"/>
</kw>
<status status="PASS" starttime="20260508 13:24:35.383" endtime="20260508 13:24:35.467"/>
</kw>
<status status="PASS" starttime="20260508 13:24:35.383" endtime="20260508 13:24:35.467"/>
</branch>
<status status="PASS" starttime="20260508 13:24:35.383" endtime="20260508 13:24:35.467"/>
</if>
<if>
<branch type="IF" condition="'${license}' != '${EMPTY}'">
<kw name="Fill Vehicle Info" library="shipping_createBooking_page">
<arg>${license}</arg>
<arg>${province}</arg>
<arg>${car_type}</arg>
<kw name="Click" library="Browser">
<arg>${DRP_VEHICLE_SELECTOR}</arg>
<tag>PageContent</tag>
<tag>Setter</tag>
<doc>Simulates mouse click on the element found by ``selector``.</doc>
<msg timestamp="20260508 13:24:35.467" level="INFO">Clicks the element 'id=queue-booking-view-vehicle &gt;&gt; css=.ngx-select__toggle &gt;&gt; visible=true'.</msg>
<status status="PASS" starttime="20260508 13:24:35.467" endtime="20260508 13:24:35.501"/>
</kw>
<kw name="Click" library="Browser">
<arg>${LNK_VEHICLE_MANUAL_OPTION}</arg>
<tag>PageContent</tag>
<tag>Setter</tag>
<doc>Simulates mouse click on the element found by ``selector``.</doc>
<msg timestamp="20260508 13:24:35.501" level="INFO">Clicks the element 'xpath=//*[@id="queue-booking-view-vehicle"]//ngx-select-choices//li[1]/a'.</msg>
<status status="PASS" starttime="20260508 13:24:35.501" endtime="20260508 13:24:35.546"/>
</kw>
<kw name="Fill Text" library="Browser">
<arg>${TXT_VEHICLE_LICENSE_PLATE}</arg>
<arg>${license}</arg>
<tag>PageContent</tag>
<tag>Setter</tag>
<doc>Clears and fills the given ``txt`` into the text field found by ``selector``.</doc>
<msg timestamp="20260508 13:24:35.548" level="INFO">Fills the text 'ยก419' in the given field.</msg>
<status status="PASS" starttime="20260508 13:24:35.546" endtime="20260508 13:24:35.563"/>
</kw>
<kw name="Click" library="Browser">
<arg>${BTN_SIDEBAR_TOGGLE}</arg>
<tag>PageContent</tag>
<tag>Setter</tag>
<doc>Simulates mouse click on the element found by ``selector``.</doc>
<msg timestamp="20260508 13:24:35.563" level="INFO">Clicks the element 'id=sidebar-toggle-btn'.</msg>
<status status="PASS" starttime="20260508 13:24:35.563" endtime="20260508 13:24:35.593"/>
</kw>
<kw name="Sleep" library="BuiltIn">
<arg>1s</arg>
<doc>Pauses the test executed for the given time.</doc>
<msg timestamp="20260508 13:24:36.593" level="INFO">Slept 1 second</msg>
<status status="PASS" starttime="20260508 13:24:35.593" endtime="20260508 13:24:36.593"/>
</kw>
<kw name="Click" library="Browser">
<arg>${DRP_VEHICLE_PROVINCE} &gt;&gt; css=.ngx-select__toggle &gt;&gt; visible=true</arg>
<tag>PageContent</tag>
<tag>Setter</tag>
<doc>Simulates mouse click on the element found by ``selector``.</doc>
<msg timestamp="20260508 13:24:36.593" level="INFO">Clicks the element 'id=queue-booking-tracking-search-vehicleProvince &gt;&gt; css=.ngx-select__toggle &gt;&gt; visible=true'.</msg>
<status status="PASS" starttime="20260508 13:24:36.593" endtime="20260508 13:24:36.651"/>
</kw>
<kw name="Fill Text" library="Browser">
<arg>${DRP_VEHICLE_PROVINCE} &gt;&gt; css=.ngx-select__search</arg>
<arg>${province}</arg>
<tag>PageContent</tag>
<tag>Setter</tag>
<doc>Clears and fills the given ``txt`` into the text field found by ``selector``.</doc>
<msg timestamp="20260508 13:24:36.652" level="INFO">Fills the text 'กระบี่' in the given field.</msg>
<status status="PASS" starttime="20260508 13:24:36.652" endtime="20260508 13:24:36.658"/>
</kw>
<kw name="Click" library="Browser">
<arg>${DRP_VEHICLE_PROVINCE} &gt;&gt; xpath=//a[contains(normalize-space(.), '${province}')]</arg>
<tag>PageContent</tag>
<tag>Setter</tag>
<doc>Simulates mouse click on the element found by ``selector``.</doc>
<msg timestamp="20260508 13:24:36.658" level="INFO">Clicks the element 'id=queue-booking-tracking-search-vehicleProvince &gt;&gt; xpath=//a[contains(normalize-space(.), 'กระบี่')]'.</msg>
<status status="PASS" starttime="20260508 13:24:36.658" endtime="20260508 13:24:36.690"/>
</kw>
<kw name="Click" library="Browser">
<arg>${DRP_VEHICLE_TYPE} &gt;&gt; css=.ngx-select__toggle &gt;&gt; visible=true</arg>
<tag>PageContent</tag>
<tag>Setter</tag>
<doc>Simulates mouse click on the element found by ``selector``.</doc>
<msg timestamp="20260508 13:24:36.691" level="INFO">Clicks the element 'id=vehicle-management-vehicle-type-id &gt;&gt; css=.ngx-select__toggle &gt;&gt; visible=true'.</msg>
<status status="PASS" starttime="20260508 13:24:36.691" endtime="20260508 13:24:36.726"/>
</kw>
<kw name="Fill Text" library="Browser">
<arg>${DRP_VEHICLE_TYPE} &gt;&gt; css=.ngx-select__search</arg>
<arg>${car_type}</arg>
<tag>PageContent</tag>
<tag>Setter</tag>
<doc>Clears and fills the given ``txt`` into the text field found by ``selector``.</doc>
<msg timestamp="20260508 13:24:36.728" level="INFO">Fills the text 'รถยนต์ 4 ที่นั่ง' in the given field.</msg>
<status status="PASS" starttime="20260508 13:24:36.728" endtime="20260508 13:24:36.735"/>
</kw>
<kw name="Click" library="Browser">
<arg>${DRP_VEHICLE_TYPE} &gt;&gt; xpath=//a[contains(normalize-space(.), '${car_type}')]</arg>
<tag>PageContent</tag>
<tag>Setter</tag>
<doc>Simulates mouse click on the element found by ``selector``.</doc>
<msg timestamp="20260508 13:24:36.735" level="INFO">Clicks the element 'id=vehicle-management-vehicle-type-id &gt;&gt; xpath=//a[contains(normalize-space(.), 'รถยนต์ 4 ที่นั่ง')]'.</msg>
<status status="PASS" starttime="20260508 13:24:36.735" endtime="20260508 13:24:36.766"/>
</kw>
<status status="PASS" starttime="20260508 13:24:35.467" endtime="20260508 13:24:36.766"/>
</kw>
<status status="PASS" starttime="20260508 13:24:35.467" endtime="20260508 13:24:36.766"/>
</branch>
<status status="PASS" starttime="20260508 13:24:35.467" endtime="20260508 13:24:36.766"/>
</if>
<if>
<branch type="IF" condition="'${type}' != '${EMPTY}'">
<kw name="Fill Booking Details" library="shipping_createBooking_page">
<arg>${type}</arg>
<arg>${origin}</arg>
<arg>${dest}</arg>
<arg>${hr}</arg>
<arg>${min}</arg>
<arg>${goods}</arg>
<kw name="Select Options By" library="Browser">
<arg>${DRP_BOOKING_TYPE}</arg>
<arg>text</arg>
<arg>${type}</arg>
<tag>PageContent</tag>
<tag>Setter</tag>
<doc>Selects options from select element found by ``selector``.</doc>
<msg timestamp="20260508 13:24:36.767" level="INFO">Selects the option(s) รับสินค้าขาเข้าปกติ by attribute SelectAttribute.label from element xpath=//select[@id='queue-booking-detail-bookingTypeId'].</msg>
<status status="PASS" starttime="20260508 13:24:36.767" endtime="20260508 13:24:36.791"/>
</kw>
<kw name="Select Options By" library="Browser">
<arg>${DRP_BOOKING_ORIGIN}</arg>
<arg>text</arg>
<arg>${origin}</arg>
<tag>PageContent</tag>
<tag>Setter</tag>
<doc>Selects options from select element found by ``selector``.</doc>
<msg timestamp="20260508 13:24:36.791" level="INFO">Selects the option(s) TG by attribute SelectAttribute.label from element xpath=//select[@id="queue-booking-detail-origin"].</msg>
<status status="PASS" starttime="20260508 13:24:36.791" endtime="20260508 13:24:36.805"/>
</kw>
<kw name="Select Options By" library="Browser">
<arg>${DRP_BOOKING_DESTINATION}</arg>
<arg>text</arg>
<arg>${dest}</arg>
<tag>PageContent</tag>
<tag>Setter</tag>
<doc>Selects options from select element found by ``selector``.</doc>
<msg timestamp="20260508 13:24:36.805" level="INFO">Selects the option(s) ภายในประเทศ/ท่าอื่น by attribute SelectAttribute.label from element xpath=//select[@id="queue-booking-detail-destination"].</msg>
<status status="PASS" starttime="20260508 13:24:36.805" endtime="20260508 13:24:36.815"/>
</kw>
<kw name="Fill Text" library="Browser">
<arg>${TXT_BOOKING_RESERVE_HOUR}</arg>
<arg>${hr}</arg>
<tag>PageContent</tag>
<tag>Setter</tag>
<doc>Clears and fills the given ``txt`` into the text field found by ``selector``.</doc>
<msg timestamp="20260508 13:24:36.815" level="INFO">Fills the text '10' in the given field.</msg>
<status status="PASS" starttime="20260508 13:24:36.815" endtime="20260508 13:24:36.825"/>
</kw>
<kw name="Fill Text" library="Browser">
<arg>${TXT_BOOKING_RESERVE_MINUTE}</arg>
<arg>${min}</arg>
<tag>PageContent</tag>
<tag>Setter</tag>
<doc>Clears and fills the given ``txt`` into the text field found by ``selector``.</doc>
<msg timestamp="20260508 13:24:36.825" level="INFO">Fills the text '30' in the given field.</msg>
<status status="PASS" starttime="20260508 13:24:36.825" endtime="20260508 13:24:36.839"/>
</kw>
<kw name="Press Keys" library="Browser">
<arg>${TXT_BOOKING_RESERVE_MINUTE}</arg>
<arg>Tab</arg>
<tag>PageContent</tag>
<tag>Setter</tag>
<doc>Types the given key combination into element found by ``selector``.</doc>
<status status="PASS" starttime="20260508 13:24:36.839" endtime="20260508 13:24:36.853"/>
</kw>
<kw name="Select Options By" library="Browser">
<arg>${DRP_BOOKING_GOODS_TYPE}</arg>
<arg>text</arg>
<arg>${goods}</arg>
<tag>PageContent</tag>
<tag>Setter</tag>
<doc>Selects options from select element found by ``selector``.</doc>
<msg timestamp="20260508 13:24:36.853" level="INFO">Selects the option(s) ของมีค่า(TG) by attribute SelectAttribute.label from element xpath=//select[@id="queue-booking-detail-goodsType"].</msg>
<status status="PASS" starttime="20260508 13:24:36.853" endtime="20260508 13:24:36.866"/>
</kw>
<status status="PASS" starttime="20260508 13:24:36.767" endtime="20260508 13:24:36.866"/>
</kw>
<status status="PASS" starttime="20260508 13:24:36.766" endtime="20260508 13:24:36.866"/>
</branch>
<status status="PASS" starttime="20260508 13:24:36.766" endtime="20260508 13:24:36.866"/>
</if>
<if>
<branch type="IF" condition="$product_list">
<for flavor="IN">
<var>${item}</var>
<value>@{product_list}</value>
<iter>
<var name="${item}">{'dec_no': 'DEC17490831845', 'hawb': 'HWB46AW757Q'}</var>
<kw name="Fill Product Info" library="shipping_createBooking_page">
<arg>${item}[dec_no]</arg>
<arg>${item}[hawb]</arg>
<kw name="Fill Text" library="Browser">
<arg>${TXT_PRODUCT_DECLARATION_NO}</arg>
<arg>${dec_no}</arg>
<tag>PageContent</tag>
<tag>Setter</tag>
<doc>Clears and fills the given ``txt`` into the text field found by ``selector``.</doc>
<msg timestamp="20260508 13:24:36.866" level="INFO">Fills the text 'DEC17490831845' in the given field.</msg>
<status status="PASS" starttime="20260508 13:24:36.866" endtime="20260508 13:24:36.880"/>
</kw>
<kw name="Click" library="Browser">
<arg>${BTN_PRODUCT_SEARCH}</arg>
<tag>PageContent</tag>
<tag>Setter</tag>
<doc>Simulates mouse click on the element found by ``selector``.</doc>
<msg timestamp="20260508 13:24:36.880" level="INFO">Clicks the element 'xpath=//*[@id="queue-booking-detail-search-declarationNumber"]'.</msg>
<status status="PASS" starttime="20260508 13:24:36.880" endtime="20260508 13:24:36.915"/>
</kw>
<kw name="Fill Text" library="Browser">
<arg>${TXT_PRODUCT_HAWB}</arg>
<arg>${hawb}</arg>
<tag>PageContent</tag>
<tag>Setter</tag>
<doc>Clears and fills the given ``txt`` into the text field found by ``selector``.</doc>
<msg timestamp="20260508 13:24:36.915" level="INFO">Fills the text 'HWB46AW757Q' in the given field.</msg>
<status status="PASS" starttime="20260508 13:24:36.915" endtime="20260508 13:24:37.017"/>
</kw>
<kw name="Click" library="Browser">
<arg>${BTN_PRODUCT_ADD}</arg>
<tag>PageContent</tag>
<tag>Setter</tag>
<doc>Simulates mouse click on the element found by ``selector``.</doc>
<msg timestamp="20260508 13:24:37.018" level="INFO">Clicks the element 'xpath=//*[@id="queue-booking-detail-add-declarationNumber"]'.</msg>
<status status="PASS" starttime="20260508 13:24:37.017" endtime="20260508 13:24:37.054"/>
</kw>
<status status="PASS" starttime="20260508 13:24:36.866" endtime="20260508 13:24:37.055"/>
</kw>
<status status="PASS" starttime="20260508 13:24:36.866" endtime="20260508 13:24:37.055"/>
</iter>
<status status="PASS" starttime="20260508 13:24:36.866" endtime="20260508 13:24:37.055"/>
</for>
<status status="PASS" starttime="20260508 13:24:36.866" endtime="20260508 13:24:37.055"/>
</branch>
<status status="PASS" starttime="20260508 13:24:36.866" endtime="20260508 13:24:37.055"/>
</if>
<kw name="Click" library="Browser">
<arg>${BTN_PRODUCT_SELECTINFO}</arg>
<tag>PageContent</tag>
<tag>Setter</tag>
<doc>Simulates mouse click on the element found by ``selector``.</doc>
<msg timestamp="20260508 13:24:37.055" level="INFO">Clicks the element 'xpath=//*[@id="queue-booking-tracking-btn-search"]'.</msg>
<status status="PASS" starttime="20260508 13:24:37.055" endtime="20260508 13:24:37.098"/>
</kw>
<if>
<branch type="IF" condition="'${mode}' == 'SUCCESS'">
<kw name="Click" library="Browser">
<arg>${BTN_BOOKING_SUBMIT}</arg>
<tag>PageContent</tag>
<tag>Setter</tag>
<doc>Simulates mouse click on the element found by ``selector``.</doc>
<msg timestamp="20260508 13:24:37.099" level="INFO">Clicks the element 'xpath=//*[@id="queue-booking-tracking-btn-submit"]'.</msg>
<status status="PASS" starttime="20260508 13:24:37.099" endtime="20260508 13:24:37.138"/>
</kw>
<kw name="Sleep" library="BuiltIn">
<arg>3</arg>
<arg>s</arg>
<doc>Pauses the test executed for the given time.</doc>
<msg timestamp="20260508 13:24:40.138" level="INFO">Slept 3 seconds</msg>
<msg timestamp="20260508 13:24:40.138" level="INFO">s</msg>
<status status="PASS" starttime="20260508 13:24:37.138" endtime="20260508 13:24:40.138"/>
</kw>
<kw name="Click" library="Browser">
<arg>${BTN_BOOKING_SAVE}</arg>
<tag>PageContent</tag>
<tag>Setter</tag>
<doc>Simulates mouse click on the element found by ``selector``.</doc>
<msg timestamp="20260508 13:24:40.139" level="INFO">Clicks the element 'xpath=//*[@id="queue-booking-tracking-btn-save"]'.</msg>
<status status="PASS" starttime="20260508 13:24:40.138" endtime="20260508 13:24:40.168"/>
</kw>
<kw name="Sleep" library="BuiltIn">
<arg>3</arg>
<arg>s</arg>
<doc>Pauses the test executed for the given time.</doc>
<msg timestamp="20260508 13:24:43.170" level="INFO">Slept 3 seconds</msg>
<msg timestamp="20260508 13:24:43.170" level="INFO">s</msg>
<status status="PASS" starttime="20260508 13:24:40.169" endtime="20260508 13:24:43.170"/>
</kw>
<kw name="Click" library="Browser">
<arg>${BTN_BOOKING_SAVE}</arg>
<tag>PageContent</tag>
<tag>Setter</tag>
<doc>Simulates mouse click on the element found by ``selector``.</doc>
<msg timestamp="20260508 13:24:43.170" level="INFO">Clicks the element 'xpath=//*[@id="queue-booking-tracking-btn-save"]'.</msg>
<status status="PASS" starttime="20260508 13:24:43.170" endtime="20260508 13:24:43.199"/>
</kw>
<kw name="Wait For Elements State" library="Browser">
<arg>${LBL_SUCCESS_BOOKING_ID}</arg>
<arg>visible</arg>
<arg>timeout=30s</arg>
<tag>PageContent</tag>
<tag>Wait</tag>
<doc>Waits for the element found by ``selector`` to satisfy state option.</doc>
<msg timestamp="20260508 13:24:43.398" level="INFO">Waited for Element with selector xpath=//div[contains(@class, 'text-dark') and contains(., '20')] at state visible</msg>
<status status="PASS" starttime="20260508 13:24:43.199" endtime="20260508 13:24:43.398"/>
</kw>
<kw name="Get Text" library="Browser">
<var>${id}</var>
<arg>${LBL_SUCCESS_BOOKING_ID}</arg>
<tag>Assertion</tag>
<tag>Getter</tag>
<tag>PageContent</tag>
<doc>Returns text attribute of the element found by ``selector``.</doc>
<msg timestamp="20260508 13:24:43.410" level="INFO">Text: '202605080021'</msg>
<msg timestamp="20260508 13:24:43.410" level="INFO">${id} = 202605080021</msg>
<status status="PASS" starttime="20260508 13:24:43.398" endtime="20260508 13:24:43.410"/>
</kw>
<kw name="Set Global Variable" library="BuiltIn">
<arg>${GLOBAL_BOOKING_ID}</arg>
<arg>${id}</arg>
<doc>Makes a variable available globally in all tests and suites.</doc>
<msg timestamp="20260508 13:24:43.411" level="INFO">${GLOBAL_BOOKING_ID} = 202605080021</msg>
<status status="PASS" starttime="20260508 13:24:43.410" endtime="20260508 13:24:43.411"/>
</kw>
<kw name="Log To Console" library="BuiltIn">
<arg>${GLOBAL_BOOKING_ID}</arg>
<doc>Logs the given message to the console.</doc>
<status status="PASS" starttime="20260508 13:24:43.411" endtime="20260508 13:24:43.411"/>
</kw>
<kw name="Click" library="Browser">
<arg>${BTN_BOOKING_BACK}</arg>
<tag>PageContent</tag>
<tag>Setter</tag>
<doc>Simulates mouse click on the element found by ``selector``.</doc>
<msg timestamp="20260508 13:24:43.412" level="INFO">Clicks the element 'xpath=//*[@id="queue-booking-tracking-btn-back"]'.</msg>
<status status="PASS" starttime="20260508 13:24:43.411" endtime="20260508 13:24:43.529"/>
</kw>
<status status="PASS" starttime="20260508 13:24:37.098" endtime="20260508 13:24:43.531"/>
</branch>
<branch type="ELSE IF" condition="'${mode}' == 'DRAFT'">
<kw name="Click" library="Browser">
<arg>${BTN_BOOKING_DRAFT}</arg>
<tag>PageContent</tag>
<tag>Setter</tag>
<doc>Simulates mouse click on the element found by ``selector``.</doc>
<status status="NOT RUN" starttime="20260508 13:24:43.531" endtime="20260508 13:24:43.531"/>
</kw>
<kw name="Wait For Elements State" library="Browser">
<arg>xpath=//*[contains(text(), 'Draft')]</arg>
<arg>visible</arg>
<tag>PageContent</tag>
<tag>Wait</tag>
<doc>Waits for the element found by ``selector`` to satisfy state option.</doc>
<status status="NOT RUN" starttime="20260508 13:24:43.531" endtime="20260508 13:24:43.531"/>
</kw>
<kw name="Click" library="Browser">
<arg>${BTN_BOOKING_BACK}</arg>
<tag>PageContent</tag>
<tag>Setter</tag>
<doc>Simulates mouse click on the element found by ``selector``.</doc>
<status status="NOT RUN" starttime="20260508 13:24:43.531" endtime="20260508 13:24:43.531"/>
</kw>
<status status="NOT RUN" starttime="20260508 13:24:43.531" endtime="20260508 13:24:43.531"/>
</branch>
<branch type="ELSE IF" condition="'${mode}' == 'FAIL'">
<kw name="Click" library="Browser">
<arg>${BTN_BOOKING_SUBMIT}</arg>
<tag>PageContent</tag>
<tag>Setter</tag>
<doc>Simulates mouse click on the element found by ``selector``.</doc>
<status status="NOT RUN" starttime="20260508 13:24:43.532" endtime="20260508 13:24:43.532"/>
</kw>
<kw name="Wait For Elements State" library="Browser">
<arg>${LBL_ERROR_ALERT}</arg>
<arg>visible</arg>
<tag>PageContent</tag>
<tag>Wait</tag>
<doc>Waits for the element found by ``selector`` to satisfy state option.</doc>
<status status="NOT RUN" starttime="20260508 13:24:43.532" endtime="20260508 13:24:43.532"/>
</kw>
<status status="NOT RUN" starttime="20260508 13:24:43.532" endtime="20260508 13:24:43.532"/>
</branch>
<status status="PASS" starttime="20260508 13:24:37.098" endtime="20260508 13:24:43.532"/>
</if>
<status status="PASS" starttime="20260508 13:24:34.158" endtime="20260508 13:24:43.532"/>
</kw>
<kw name="Tracking Booking" library="shipping_TrackingBooking_page">
<arg>${GLOBAL_BOOKING_ID}</arg>
<arg>Date_To_TMO=${RAND_DATE_FULL}</arg>
<kw name="Click" library="Browser">
<arg>xpath=//*[@id="sidebar-menu-19"]</arg>
<tag>PageContent</tag>
<tag>Setter</tag>
<doc>Simulates mouse click on the element found by ``selector``.</doc>
<msg timestamp="20260508 13:24:43.535" level="INFO">Clicks the element 'xpath=//*[@id="sidebar-menu-19"]'.</msg>
<status status="PASS" starttime="20260508 13:24:43.535" endtime="20260508 13:24:43.562"/>
</kw>
<kw name="Run Keyword If" library="BuiltIn">
<arg>'${BOOKING_ID}' != '${EMPTY}'</arg>
<arg>Fill Text</arg>
<arg>${Fill_BookingID}</arg>
<arg>${BOOKING_ID}</arg>
<doc>Runs the given keyword with the given arguments, if ``condition`` is true.</doc>
<kw name="Fill Text" library="Browser">
<arg>${Fill_BookingID}</arg>
<arg>${BOOKING_ID}</arg>
<tag>PageContent</tag>
<tag>Setter</tag>
<doc>Clears and fills the given ``txt`` into the text field found by ``selector``.</doc>
<msg timestamp="20260508 13:24:43.563" level="INFO">Fills the text '202605080021' in the given field.</msg>
<status status="PASS" starttime="20260508 13:24:43.563" endtime="20260508 13:24:43.759"/>
</kw>
<status status="PASS" starttime="20260508 13:24:43.562" endtime="20260508 13:24:43.759"/>
</kw>
<kw name="Run Keyword If" library="BuiltIn">
<arg>'${Declaration_No}' != '${EMPTY}'</arg>
<arg>Fill Text</arg>
<arg>${Fill_DeclarationNo.}</arg>
<arg>${Declaration_No}</arg>
<doc>Runs the given keyword with the given arguments, if ``condition`` is true.</doc>
<status status="PASS" starttime="20260508 13:24:43.759" endtime="20260508 13:24:43.760"/>
</kw>
<kw name="Run Keyword If" library="BuiltIn">
<arg>'${HAWD_NO}' != '${EMPTY}'</arg>
<arg>Fill Text</arg>
<arg>${Fill_HAWD}</arg>
<arg>${HAWD_NO}</arg>
<doc>Runs the given keyword with the given arguments, if ``condition`` is true.</doc>
<status status="PASS" starttime="20260508 13:24:43.760" endtime="20260508 13:24:43.761"/>
</kw>
<kw name="Select Origin Agency" library="shipping_TrackingBooking_page">
<arg>origin_value=${EMPTY}</arg>
<kw name="Click" library="Browser">
<arg>xpath=//select[@id="tracking-search-search-origin"]</arg>
<tag>PageContent</tag>
<tag>Setter</tag>
<doc>Simulates mouse click on the element found by ``selector``.</doc>
<msg timestamp="20260508 13:24:43.762" level="INFO">Clicks the element 'xpath=//select[@id="tracking-search-search-origin"]'.</msg>
<status status="PASS" starttime="20260508 13:24:43.761" endtime="20260508 13:24:43.801"/>
</kw>
<kw name="Wait For Elements State" library="Browser">
<arg>xpath=//select[@id="tracking-search-search-origin"]</arg>
<arg>visible</arg>
<arg>timeout=10s</arg>
<tag>PageContent</tag>
<tag>Wait</tag>
<doc>Waits for the element found by ``selector`` to satisfy state option.</doc>
<msg timestamp="20260508 13:24:43.835" level="INFO">Waited for Element with selector xpath=//select[@id="tracking-search-search-origin"] at state visible</msg>
<status status="PASS" starttime="20260508 13:24:43.801" endtime="20260508 13:24:43.835"/>
</kw>
<if>
<branch type="IF" condition="'${origin_value}' == '${EMPTY}' or '${origin_value}' == 'All'">
<kw name="Select Options By" library="Browser">
<arg>xpath=//select[@id="tracking-search-search-origin"]</arg>
<arg>value</arg>
<arg>${EMPTY}</arg>
<tag>PageContent</tag>
<tag>Setter</tag>
<doc>Selects options from select element found by ``selector``.</doc>
<status status="PASS" starttime="20260508 13:24:43.837" endtime="20260508 13:24:43.846"/>
</kw>
<status status="PASS" starttime="20260508 13:24:43.836" endtime="20260508 13:24:43.846"/>
</branch>
<branch type="ELSE">
<kw name="Select Options By" library="Browser">
<arg>xpath=//select[@id="tracking-search-search-origin"]</arg>
<arg>value</arg>
<arg>${origin_value}</arg>
<tag>PageContent</tag>
<tag>Setter</tag>
<doc>Selects options from select element found by ``selector``.</doc>
<status status="NOT RUN" starttime="20260508 13:24:43.846" endtime="20260508 13:24:43.847"/>
</kw>
<status status="NOT RUN" starttime="20260508 13:24:43.846" endtime="20260508 13:24:43.847"/>
</branch>
<status status="PASS" starttime="20260508 13:24:43.836" endtime="20260508 13:24:43.847"/>
</if>
<kw name="Sleep" library="BuiltIn">
<arg>3 seconds</arg>
<doc>Pauses the test executed for the given time.</doc>
<msg timestamp="20260508 13:24:46.847" level="INFO">Slept 3 seconds</msg>
<status status="PASS" starttime="20260508 13:24:43.847" endtime="20260508 13:24:46.847"/>
</kw>
<status status="PASS" starttime="20260508 13:24:43.761" endtime="20260508 13:24:46.847"/>
</kw>
<kw name="Select Destination Agency" library="shipping_TrackingBooking_page">
<arg>destination_value=${EMPTY}</arg>
<kw name="Click" library="Browser">
<arg>xpath=//select[@id="tracking-search-search-destination"]</arg>
<tag>PageContent</tag>
<tag>Setter</tag>
<doc>Simulates mouse click on the element found by ``selector``.</doc>
<msg timestamp="20260508 13:24:46.848" level="INFO">Clicks the element 'xpath=//select[@id="tracking-search-search-destination"]'.</msg>
<status status="PASS" starttime="20260508 13:24:46.848" endtime="20260508 13:24:46.892"/>
</kw>
<kw name="Wait For Elements State" library="Browser">
<arg>xpath=//select[@id="tracking-search-search-destination"]</arg>
<arg>visible</arg>
<arg>timeout=10s</arg>
<tag>PageContent</tag>
<tag>Wait</tag>
<doc>Waits for the element found by ``selector`` to satisfy state option.</doc>
<msg timestamp="20260508 13:24:46.897" level="INFO">Waited for Element with selector xpath=//select[@id="tracking-search-search-destination"] at state visible</msg>
<status status="PASS" starttime="20260508 13:24:46.892" endtime="20260508 13:24:46.897"/>
</kw>
<if>
<branch type="IF" condition="'${destination_value}' == '${EMPTY}' or '${destination_value}' == 'All'">
<kw name="Select Options By" library="Browser">
<arg>xpath=//select[@id="tracking-search-search-destination"]</arg>
<arg>value</arg>
<arg>${EMPTY}</arg>
<tag>PageContent</tag>
<tag>Setter</tag>
<doc>Selects options from select element found by ``selector``.</doc>
<status status="PASS" starttime="20260508 13:24:46.898" endtime="20260508 13:24:46.905"/>
</kw>
<status status="PASS" starttime="20260508 13:24:46.897" endtime="20260508 13:24:46.905"/>
</branch>
<branch type="ELSE">
<kw name="Select Options By" library="Browser">
<arg>xpath=//select[@id="tracking-search-search-destination"]</arg>
<arg>value</arg>
<arg>${destination_value}</arg>
<tag>PageContent</tag>
<tag>Setter</tag>
<doc>Selects options from select element found by ``selector``.</doc>
<status status="NOT RUN" starttime="20260508 13:24:46.905" endtime="20260508 13:24:46.905"/>
</kw>
<status status="NOT RUN" starttime="20260508 13:24:46.905" endtime="20260508 13:24:46.905"/>
</branch>
<status status="PASS" starttime="20260508 13:24:46.897" endtime="20260508 13:24:46.905"/>
</if>
<kw name="Sleep" library="BuiltIn">
<arg>3 seconds</arg>
<doc>Pauses the test executed for the given time.</doc>
<msg timestamp="20260508 13:24:49.905" level="INFO">Slept 3 seconds</msg>
<status status="PASS" starttime="20260508 13:24:46.905" endtime="20260508 13:24:49.905"/>
</kw>
<status status="PASS" starttime="20260508 13:24:46.847" endtime="20260508 13:24:49.905"/>
</kw>
<kw name="Select Goods Type" library="shipping_TrackingBooking_page">
<arg>goods_type_value=${EMPTY}</arg>
<kw name="Click" library="Browser">
<arg>xpath=//select[@id="tracking-search-search-goodsType"]</arg>
<tag>PageContent</tag>
<tag>Setter</tag>
<doc>Simulates mouse click on the element found by ``selector``.</doc>
<msg timestamp="20260508 13:24:49.906" level="INFO">Clicks the element 'xpath=//select[@id="tracking-search-search-goodsType"]'.</msg>
<status status="PASS" starttime="20260508 13:24:49.906" endtime="20260508 13:24:49.956"/>
</kw>
<kw name="Wait For Elements State" library="Browser">
<arg>xpath=//select[@id="tracking-search-search-goodsType"]</arg>
<arg>visible</arg>
<arg>timeout=10s</arg>
<tag>PageContent</tag>
<tag>Wait</tag>
<doc>Waits for the element found by ``selector`` to satisfy state option.</doc>
<msg timestamp="20260508 13:24:49.963" level="INFO">Waited for Element with selector xpath=//select[@id="tracking-search-search-goodsType"] at state visible</msg>
<status status="PASS" starttime="20260508 13:24:49.956" endtime="20260508 13:24:49.963"/>
</kw>
<if>
<branch type="IF" condition="'${goods_type_value}' == '${EMPTY}' or '${goods_type_value}' == 'All'">
<kw name="Select Options By" library="Browser">
<arg>xpath=//select[@id="tracking-search-search-goodsType"]</arg>
<arg>label</arg>
<arg>${EMPTY}</arg>
<tag>PageContent</tag>
<tag>Setter</tag>
<doc>Selects options from select element found by ``selector``.</doc>
<status status="PASS" starttime="20260508 13:24:49.964" endtime="20260508 13:24:49.971"/>
</kw>
<status status="PASS" starttime="20260508 13:24:49.963" endtime="20260508 13:24:49.971"/>
</branch>
<branch type="ELSE">
<kw name="Select Options By" library="Browser">
<arg>xpath=//select[@id="tracking-search-search-goodsType"]</arg>
<arg>label</arg>
<arg>${goods_type_value}</arg>
<tag>PageContent</tag>
<tag>Setter</tag>
<doc>Selects options from select element found by ``selector``.</doc>
<status status="NOT RUN" starttime="20260508 13:24:49.971" endtime="20260508 13:24:49.971"/>
</kw>
<status status="NOT RUN" starttime="20260508 13:24:49.971" endtime="20260508 13:24:49.971"/>
</branch>
<status status="PASS" starttime="20260508 13:24:49.963" endtime="20260508 13:24:49.971"/>
</if>
<kw name="Sleep" library="BuiltIn">
<arg>3 seconds</arg>
<doc>Pauses the test executed for the given time.</doc>
<msg timestamp="20260508 13:24:52.972" level="INFO">Slept 3 seconds</msg>
<status status="PASS" starttime="20260508 13:24:49.971" endtime="20260508 13:24:52.972"/>
</kw>
<status status="PASS" starttime="20260508 13:24:49.905" endtime="20260508 13:24:52.972"/>
</kw>
<kw name="Select Status" library="shipping_TrackingBooking_page">
<arg>status_value=${Status_Tracking}</arg>
<kw name="Click" library="Browser">
<arg>xpath=//select[@id="tracking-search-search-statusId"]</arg>
<tag>PageContent</tag>
<tag>Setter</tag>
<doc>Simulates mouse click on the element found by ``selector``.</doc>
<msg timestamp="20260508 13:24:52.973" level="INFO">Clicks the element 'xpath=//select[@id="tracking-search-search-statusId"]'.</msg>
<status status="PASS" starttime="20260508 13:24:52.972" endtime="20260508 13:24:53.017"/>
</kw>
<kw name="Wait For Elements State" library="Browser">
<arg>xpath=//select[@id="tracking-search-search-statusId"]</arg>
<arg>visible</arg>
<arg>timeout=10s</arg>
<tag>PageContent</tag>
<tag>Wait</tag>
<doc>Waits for the element found by ``selector`` to satisfy state option.</doc>
<msg timestamp="20260508 13:24:53.022" level="INFO">Waited for Element with selector xpath=//select[@id="tracking-search-search-statusId"] at state visible</msg>
<status status="PASS" starttime="20260508 13:24:53.017" endtime="20260508 13:24:53.022"/>
</kw>
<if>
<branch type="IF" condition="'${status_value}' == '${EMPTY}' or '${status_value}' == 'All'">
<kw name="Select Options By" library="Browser">
<arg>xpath=//select[@id="tracking-search-search-statusId"]</arg>
<arg>label</arg>
<arg>All</arg>
<tag>PageContent</tag>
<tag>Setter</tag>
<doc>Selects options from select element found by ``selector``.</doc>
<msg timestamp="20260508 13:24:53.024" level="INFO">Selects the option(s) All by attribute SelectAttribute.label from element xpath=//select[@id="tracking-search-search-statusId"].</msg>
<status status="PASS" starttime="20260508 13:24:53.023" endtime="20260508 13:24:53.039"/>
</kw>
<status status="PASS" starttime="20260508 13:24:53.022" endtime="20260508 13:24:53.039"/>
</branch>
<branch type="ELSE">
<kw name="Select Options By" library="Browser">
<arg>xpath=//select[@id="tracking-search-search-statusId"]</arg>
<arg>label</arg>
<arg>${status_value}</arg>
<tag>PageContent</tag>
<tag>Setter</tag>
<doc>Selects options from select element found by ``selector``.</doc>
<status status="NOT RUN" starttime="20260508 13:24:53.039" endtime="20260508 13:24:53.039"/>
</kw>
<status status="NOT RUN" starttime="20260508 13:24:53.039" endtime="20260508 13:24:53.039"/>
</branch>
<status status="PASS" starttime="20260508 13:24:53.022" endtime="20260508 13:24:53.039"/>
</if>
<kw name="Sleep" library="BuiltIn">
<arg>3 seconds</arg>
<doc>Pauses the test executed for the given time.</doc>
<msg timestamp="20260508 13:24:56.040" level="INFO">Slept 3 seconds</msg>
<status status="PASS" starttime="20260508 13:24:53.040" endtime="20260508 13:24:56.040"/>
</kw>
<status status="PASS" starttime="20260508 13:24:52.972" endtime="20260508 13:24:56.040"/>
</kw>
<kw name="Fill Text" library="Browser">
<arg>${Fill_Licensid}</arg>
<arg>${Licens_id}</arg>
<tag>PageContent</tag>
<tag>Setter</tag>
<doc>Clears and fills the given ``txt`` into the text field found by ``selector``.</doc>
<msg timestamp="20260508 13:24:56.040" level="INFO">Fills the text '' in the given field.</msg>
<status status="PASS" starttime="20260508 13:24:56.040" endtime="20260508 13:24:56.055"/>
</kw>
<if>
<branch type="IF" condition="'${Date_To_TMO}' != '${EMPTY}'">
<kw name="Fill Date to TMO Tracking" library="shipping_TrackingBooking_page">
<arg>${Date_To_TMO}</arg>
<kw name="Split String" library="String">
<var>${year}</var>
<var>${month_name}</var>
<var>${day}</var>
<arg>${date_full}</arg>
<arg>-</arg>
<doc>Splits the ``string`` using ``separator`` as a delimiter string.</doc>
<msg timestamp="20260508 13:24:56.055" level="INFO">${year} = 2026</msg>
<msg timestamp="20260508 13:24:56.055" level="INFO">${month_name} = May</msg>
<msg timestamp="20260508 13:24:56.055" level="INFO">${day} = 09</msg>
<status status="PASS" starttime="20260508 13:24:56.055" endtime="20260508 13:24:56.055"/>
</kw>
<kw name="Sleep" library="BuiltIn">
<arg>3 seconds</arg>
<doc>Pauses the test executed for the given time.</doc>
<msg timestamp="20260508 13:24:59.055" level="INFO">Slept 3 seconds</msg>
<status status="PASS" starttime="20260508 13:24:56.055" endtime="20260508 13:24:59.055"/>
</kw>
<kw name="Click" library="Browser">
<arg>xpath=//input[@id="tracking-search-search-reserveDate"]</arg>
<tag>PageContent</tag>
<tag>Setter</tag>
<doc>Simulates mouse click on the element found by ``selector``.</doc>
<msg timestamp="20260508 13:24:59.055" level="INFO">Clicks the element 'xpath=//input[@id="tracking-search-search-reserveDate"]'.</msg>
<status status="PASS" starttime="20260508 13:24:59.055" endtime="20260508 13:24:59.108"/>
</kw>
<kw name="Wait For Elements State" library="Browser">
<arg>.bs-datepicker-container</arg>
<arg>visible</arg>
<arg>timeout=10s</arg>
<tag>PageContent</tag>
<tag>Wait</tag>
<doc>Waits for the element found by ``selector`` to satisfy state option.</doc>
<msg timestamp="20260508 13:24:59.115" level="INFO">Waited for Element with selector .bs-datepicker-container at state visible</msg>
<status status="PASS" starttime="20260508 13:24:59.109" endtime="20260508 13:24:59.116"/>
</kw>
<kw name="Click" library="Browser">
<arg>xpath=(//div[@class="bs-datepicker-head"]//button[contains(@class, "current")])[1]</arg>
<tag>PageContent</tag>
<tag>Setter</tag>
<doc>Simulates mouse click on the element found by ``selector``.</doc>
<msg timestamp="20260508 13:24:59.117" level="INFO">Clicks the element 'xpath=(//div[@class="bs-datepicker-head"]//button[contains(@class, "current")])[1]'.</msg>
<status status="PASS" starttime="20260508 13:24:59.116" endtime="20260508 13:24:59.143"/>
</kw>
<kw name="Click" library="Browser">
<arg>xpath=(//div[@class="bs-datepicker-head"]//button[contains(@class, "current")])[1]</arg>
<tag>PageContent</tag>
<tag>Setter</tag>
<doc>Simulates mouse click on the element found by ``selector``.</doc>
<msg timestamp="20260508 13:24:59.143" level="INFO">Clicks the element 'xpath=(//div[@class="bs-datepicker-head"]//button[contains(@class, "current")])[1]'.</msg>
<status status="PASS" starttime="20260508 13:24:59.143" endtime="20260508 13:24:59.164"/>
</kw>
<kw name="Wait For Elements State" library="Browser">
<arg>xpath=//span[normalize-space()="${year}"]</arg>
<arg>visible</arg>
<tag>PageContent</tag>
<tag>Wait</tag>
<doc>Waits for the element found by ``selector`` to satisfy state option.</doc>
<msg timestamp="20260508 13:24:59.173" level="INFO">Waited for Element with selector xpath=//span[normalize-space()="2026"] at state visible</msg>
<status status="PASS" starttime="20260508 13:24:59.164" endtime="20260508 13:24:59.173"/>
</kw>
<kw name="Click" library="Browser">
<arg>xpath=//span[normalize-space()="${year}"]</arg>
<tag>PageContent</tag>
<tag>Setter</tag>
<doc>Simulates mouse click on the element found by ``selector``.</doc>
<msg timestamp="20260508 13:24:59.173" level="INFO">Clicks the element 'xpath=//span[normalize-space()="2026"]'.</msg>
<status status="PASS" starttime="20260508 13:24:59.173" endtime="20260508 13:24:59.198"/>
</kw>
<kw name="Wait For Elements State" library="Browser">
<arg>xpath=//span[text()="${month_name}"]</arg>
<arg>visible</arg>
<tag>PageContent</tag>
<tag>Wait</tag>
<doc>Waits for the element found by ``selector`` to satisfy state option.</doc>
<msg timestamp="20260508 13:24:59.205" level="INFO">Waited for Element with selector xpath=//span[text()="May"] at state visible</msg>
<status status="PASS" starttime="20260508 13:24:59.198" endtime="20260508 13:24:59.205"/>
</kw>
<kw name="Click" library="Browser">
<arg>xpath=//span[text()="${month_name}"]</arg>
<tag>PageContent</tag>
<tag>Setter</tag>
<doc>Simulates mouse click on the element found by ``selector``.</doc>
<msg timestamp="20260508 13:24:59.205" level="INFO">Clicks the element 'xpath=//span[text()="May"]'.</msg>
<status status="PASS" starttime="20260508 13:24:59.205" endtime="20260508 13:24:59.240"/>
</kw>
<kw name="Convert To Integer" library="BuiltIn">
<var>${day_int}</var>
<arg>${day}</arg>
<doc>Converts the given item to an integer number.</doc>
<msg timestamp="20260508 13:24:59.240" level="INFO">${day_int} = 9</msg>
<status status="PASS" starttime="20260508 13:24:59.240" endtime="20260508 13:24:59.240"/>
</kw>
<kw name="Set Variable" library="BuiltIn">
<var>${target_day_xpath}</var>
<arg>xpath=//div[@class="bs-datepicker-body"]//span[text()="${day_int}" and not(contains(@class, "is-other-month"))]</arg>
<doc>Returns the given values which can then be assigned to a variables.</doc>
<msg timestamp="20260508 13:24:59.240" level="INFO">${target_day_xpath} = xpath=//div[@class="bs-datepicker-body"]//span[text()="9" and not(contains(@class, "is-other-month"))]</msg>
<status status="PASS" starttime="20260508 13:24:59.240" endtime="20260508 13:24:59.240"/>
</kw>
<kw name="Wait For Elements State" library="Browser">
<arg>${target_day_xpath}</arg>
<arg>visible</arg>
<tag>PageContent</tag>
<tag>Wait</tag>
<doc>Waits for the element found by ``selector`` to satisfy state option.</doc>
<msg timestamp="20260508 13:24:59.240" level="INFO">Waited for Element with selector xpath=//div[@class="bs-datepicker-body"]//span[text()="9" and not(contains(@class, "is-other-month"))] at state visible</msg>
<status status="PASS" starttime="20260508 13:24:59.240" endtime="20260508 13:24:59.240"/>
</kw>
<kw name="Click" library="Browser">
<arg>${target_day_xpath}</arg>
<tag>PageContent</tag>
<tag>Setter</tag>
<doc>Simulates mouse click on the element found by ``selector``.</doc>
<msg timestamp="20260508 13:24:59.240" level="INFO">Clicks the element 'xpath=//div[@class="bs-datepicker-body"]//span[text()="9" and not(contains(@class, "is-other-month"))]'.</msg>
<status status="PASS" starttime="20260508 13:24:59.240" endtime="20260508 13:24:59.305"/>
</kw>
<kw name="Wait For Elements State" library="Browser">
<arg>.bs-datepicker-container</arg>
<arg>hidden</arg>
<arg>timeout=3s</arg>
<tag>PageContent</tag>
<tag>Wait</tag>
<doc>Waits for the element found by ``selector`` to satisfy state option.</doc>
<msg timestamp="20260508 13:24:59.309" level="INFO">Waited for Element with selector .bs-datepicker-container at state hidden</msg>
<status status="PASS" starttime="20260508 13:24:59.307" endtime="20260508 13:24:59.309"/>
</kw>
<status status="PASS" starttime="20260508 13:24:56.055" endtime="20260508 13:24:59.309"/>
</kw>
<status status="PASS" starttime="20260508 13:24:56.055" endtime="20260508 13:24:59.309"/>
</branch>
<status status="PASS" starttime="20260508 13:24:56.055" endtime="20260508 13:24:59.309"/>
</if>
<kw name="Click" library="Browser">
<arg>xpath=//button[@id="tracking-search-btn-search"]</arg>
<tag>PageContent</tag>
<tag>Setter</tag>
<doc>Simulates mouse click on the element found by ``selector``.</doc>
<msg timestamp="20260508 13:24:59.309" level="INFO">Clicks the element 'xpath=//button[@id="tracking-search-btn-search"]'.</msg>
<status status="PASS" starttime="20260508 13:24:59.309" endtime="20260508 13:24:59.360"/>
</kw>
<kw name="Sleep" library="BuiltIn">
<arg>2s</arg>
<doc>Pauses the test executed for the given time.</doc>
<msg timestamp="20260508 13:25:01.361" level="INFO">Slept 2 seconds</msg>
<status status="PASS" starttime="20260508 13:24:59.360" endtime="20260508 13:25:01.361"/>
</kw>
<if>
<branch type="IF" condition="'${BOOKING_ID}' != '${EMPTY}'">
<kw name="Count Search Result By Booking ID" library="shipping_TrackingBooking_page">
<arg>${BOOKING_ID}</arg>
<if>
<branch type="IF" condition="'${target_booking_id}' == '${EMPTY}'">
<kw name="Log" library="BuiltIn">
<arg>[SKIP] Booking ID is empty, skipping count.</arg>
<doc>Logs the given message with the given level.</doc>
<status status="NOT RUN" starttime="20260508 13:25:01.363" endtime="20260508 13:25:01.363"/>
</kw>
<kw name="[Return]">
<arg>${0}</arg>
<status status="NOT RUN" starttime="20260508 13:25:01.365" endtime="20260508 13:25:01.365"/>
</kw>
<status status="NOT RUN" starttime="20260508 13:25:01.362" endtime="20260508 13:25:01.365"/>
</branch>
<status status="PASS" starttime="20260508 13:25:01.362" endtime="20260508 13:25:01.365"/>
</if>
<kw name="Set Variable" library="BuiltIn">
<var>${locator}</var>
<arg>xpath=//a[@id="tracking-card-column-goToBooking" and text()="${target_booking_id}"]</arg>
<doc>Returns the given values which can then be assigned to a variables.</doc>
<msg timestamp="20260508 13:25:01.365" level="INFO">${locator} = xpath=//a[@id="tracking-card-column-goToBooking" and text()="202605080021"]</msg>
<status status="PASS" starttime="20260508 13:25:01.365" endtime="20260508 13:25:01.365"/>
</kw>
<kw name="Wait For Elements State" library="Browser">
<arg>${locator}</arg>
<arg>visible</arg>
<arg>timeout=10s</arg>
<tag>PageContent</tag>
<tag>Wait</tag>
<doc>Waits for the element found by ``selector`` to satisfy state option.</doc>
<msg timestamp="20260508 13:25:01.370" level="INFO">Waited for Element with selector xpath=//a[@id="tracking-card-column-goToBooking" and text()="202605080021"] at state visible</msg>
<status status="PASS" starttime="20260508 13:25:01.365" endtime="20260508 13:25:01.370"/>
</kw>
<kw name="Get Element Count" library="Browser">
<var>${count}</var>
<arg>${locator}</arg>
<tag>Assertion</tag>
<tag>Getter</tag>
<tag>PageContent</tag>
<doc>Returns the count of elements found with ``selector``.</doc>
<msg timestamp="20260508 13:25:01.374" level="INFO">${count} = 1</msg>
<status status="PASS" starttime="20260508 13:25:01.370" endtime="20260508 13:25:01.374"/>
</kw>
<kw name="Log To Console" library="BuiltIn">
<arg>\n[INFO] Found Booking ID ${target_booking_id}: ${count} record(s)</arg>
<doc>Logs the given message to the console.</doc>
<status status="PASS" starttime="20260508 13:25:01.374" endtime="20260508 13:25:01.374"/>
</kw>
<status status="PASS" starttime="20260508 13:25:01.362" endtime="20260508 13:25:01.374"/>
</kw>
<status status="PASS" starttime="20260508 13:25:01.361" endtime="20260508 13:25:01.374"/>
</branch>
<status status="PASS" starttime="20260508 13:25:01.361" endtime="20260508 13:25:01.374"/>
</if>
<if>
<branch type="IF" condition="'${Declaration_No}' != '${EMPTY}'">
<kw name="Vertify and Count Search Result By Declaration No" library="shipping_TrackingBooking_page">
<arg>${Declaration_No}</arg>
<status status="NOT RUN" starttime="20260508 13:25:01.376" endtime="20260508 13:25:01.376"/>
</kw>
<status status="NOT RUN" starttime="20260508 13:25:01.374" endtime="20260508 13:25:01.376"/>
</branch>
<status status="PASS" starttime="20260508 13:25:01.374" endtime="20260508 13:25:01.376"/>
</if>
<if>
<branch type="IF" condition="'${Date_To_TMO}' != '${EMPTY}'">
<kw name="Convert Date" library="DateTime">
<var>${date_for_verify}</var>
<arg>${RAND_DATE_NUM}</arg>
<arg>result_format=%d/%m/%y</arg>
<doc>Converts between supported `date formats`.</doc>
<msg timestamp="20260508 13:25:01.377" level="INFO">${date_for_verify} = 09/05/26</msg>
<status status="PASS" starttime="20260508 13:25:01.376" endtime="20260508 13:25:01.377"/>
</kw>
<kw name="Verify Date in Search Result" library="shipping_TrackingBooking_page">
<arg>${date_for_verify}</arg>
<arg>${BOOKING_ID}</arg>
<if>
<branch type="IF" condition="'${expected_date}' == '${EMPTY}'">
<kw name="[Return]">
<arg>${0}</arg>
<status status="NOT RUN" starttime="20260508 13:25:01.380" endtime="20260508 13:25:01.380"/>
</kw>
<status status="NOT RUN" starttime="20260508 13:25:01.377" endtime="20260508 13:25:01.380"/>
</branch>
<status status="PASS" starttime="20260508 13:25:01.377" endtime="20260508 13:25:01.380"/>
</if>
<if>
<branch type="IF" condition="'${target_booking_id}' != '${EMPTY}'">
<kw name="Set Variable" library="BuiltIn">
<var>${locator}</var>
<arg>xpath=//a[text()="${target_booking_id}"]/ancestor::div[contains(@class, "card")]//span[text()="Date to TMO"]/following-sibling::text()[contains(., "${expected_date}")]/..</arg>
<doc>Returns the given values which can then be assigned to a variables.</doc>
<msg timestamp="20260508 13:25:01.381" level="INFO">${locator} = xpath=//a[text()="202605080021"]/ancestor::div[contains(@class, "card")]//span[text()="Date to TMO"]/following-sibling::text()[contains(., "09/05/26")]/..</msg>
<status status="PASS" starttime="20260508 13:25:01.380" endtime="20260508 13:25:01.381"/>
</kw>
<status status="PASS" starttime="20260508 13:25:01.380" endtime="20260508 13:25:01.381"/>
</branch>
<branch type="ELSE">
<kw name="Set Variable" library="BuiltIn">
<var>${locator}</var>
<arg>xpath=(//div[contains(@class, "card-content") and ./span[text()="Date to TMO"] and contains(., "${expected_date}")])[1]</arg>
<doc>Returns the given values which can then be assigned to a variables.</doc>
<status status="NOT RUN" starttime="20260508 13:25:01.381" endtime="20260508 13:25:01.381"/>
</kw>
<status status="NOT RUN" starttime="20260508 13:25:01.381" endtime="20260508 13:25:01.381"/>
</branch>
<status status="PASS" starttime="20260508 13:25:01.380" endtime="20260508 13:25:01.381"/>
</if>
<kw name="Wait For Elements State" library="Browser">
<arg>${locator}</arg>
<arg>visible</arg>
<arg>timeout=10s</arg>
<tag>PageContent</tag>
<tag>Wait</tag>
<doc>Waits for the element found by ``selector`` to satisfy state option.</doc>
<msg timestamp="20260508 13:25:01.386" level="INFO">Waited for Element with selector xpath=//a[text()="202605080021"]/ancestor::div[contains(@class, "card")]//span[text()="Date to TMO"]/following-sibling::text()[contains(., "09/05/26")]/.. at state visible</msg>
<status status="PASS" starttime="20260508 13:25:01.381" endtime="20260508 13:25:01.386"/>
</kw>
<kw name="Get Element Count" library="Browser">
<var>${count}</var>
<arg>${locator}</arg>
<tag>Assertion</tag>
<tag>Getter</tag>
<tag>PageContent</tag>
<doc>Returns the count of elements found with ``selector``.</doc>
<msg timestamp="20260508 13:25:01.389" level="INFO">${count} = 1</msg>
<status status="PASS" starttime="20260508 13:25:01.386" endtime="20260508 13:25:01.389"/>
</kw>
<kw name="Log To Console" library="BuiltIn">
<arg>\n[INFO] Verified Date ${expected_date} for Booking ${target_booking_id}: Found ${count} record(s)</arg>
<doc>Logs the given message to the console.</doc>
<status status="PASS" starttime="20260508 13:25:01.389" endtime="20260508 13:25:01.390"/>
</kw>
<kw name="Should Be True" library="BuiltIn">
<arg>${count} &gt; 0</arg>
<arg>msg=❌ ข้อมูลวันที่ไม่ถูกต้อง หรือไม่พบข้อมูลที่ตรงตามเงื่อนไข</arg>
<doc>Fails if the given condition is not true.</doc>
<status status="PASS" starttime="20260508 13:25:01.390" endtime="20260508 13:25:01.390"/>
</kw>
<status status="PASS" starttime="20260508 13:25:01.377" endtime="20260508 13:25:01.390"/>
</kw>
<status status="PASS" starttime="20260508 13:25:01.376" endtime="20260508 13:25:01.390"/>
</branch>
<status status="PASS" starttime="20260508 13:25:01.376" endtime="20260508 13:25:01.390"/>
</if>
<if>
<branch type="IF" condition="'${HAWD_NO}' != '${EMPTY}'">
<kw name="Vertify and Count Search Result By HAWB" library="shipping_TrackingBooking_page">
<arg>${HAWD_NO}</arg>
<status status="NOT RUN" starttime="20260508 13:25:01.390" endtime="20260508 13:25:01.391"/>
</kw>
<status status="NOT RUN" starttime="20260508 13:25:01.390" endtime="20260508 13:25:01.391"/>
</branch>
<status status="PASS" starttime="20260508 13:25:01.390" endtime="20260508 13:25:01.391"/>
</if>
<if>
<branch type="IF" condition="'${Licens_id}' != '${EMPTY}'">
<kw name="Vertify and Count Search Result By Vehicle Plate" library="shipping_TrackingBooking_page">
<arg>${Licens_id}</arg>
<status status="NOT RUN" starttime="20260508 13:25:01.391" endtime="20260508 13:25:01.392"/>
</kw>
<status status="NOT RUN" starttime="20260508 13:25:01.391" endtime="20260508 13:25:01.392"/>
</branch>
<status status="PASS" starttime="20260508 13:25:01.391" endtime="20260508 13:25:01.392"/>
</if>
<kw name="Sleep" library="BuiltIn">
<arg>5 seconds</arg>
<doc>Pauses the test executed for the given time.</doc>
<msg timestamp="20260508 13:25:06.393" level="INFO">Slept 5 seconds</msg>
<status status="PASS" starttime="20260508 13:25:01.392" endtime="20260508 13:25:06.393"/>
</kw>
<status status="PASS" starttime="20260508 13:24:43.532" endtime="20260508 13:25:06.393"/>
</kw>
<kw name="Close Web Application" library="config" type="TEARDOWN">
<kw name="Close Browser" library="Browser">
<tag>BrowserControl</tag>
<tag>Setter</tag>
<doc>Closes the current browser.</doc>
<msg timestamp="20260508 13:25:06.595" level="INFO">Closed browser</msg>
<status status="PASS" starttime="20260508 13:25:06.393" endtime="20260508 13:25:06.595"/>
</kw>
<status status="PASS" starttime="20260508 13:25:06.393" endtime="20260508 13:25:06.595"/>
</kw>
<doc>สร้าง booking ใหม่จากนั้น tracking ด้วย Bookingid DATE_To_TMO เเล้วก็ค่าที่ตั้งมาอยู่เเล้ว</doc>
<status status="PASS" starttime="20260508 13:24:28.243" endtime="20260508 13:25:06.595"/>
</test>
<status status="PASS" starttime="20260508 13:24:28.004" endtime="20260508 13:25:06.611"/>
</suite>
<statistics>
<total>
<stat pass="1" fail="0" skip="0">All Tests</stat>
</total>
<tag>
</tag>
<suite>
<stat pass="1" fail="0" skip="0" id="s1" name="01-Tracking">01-Tracking</stat>
</suite>
</statistics>
<errors>
</errors>
</robot>
