<?xml version="1.0" encoding="UTF-8"?>
<robot generator="Robot 6.1.1 (Python 3.12.9 on win32)" generated="20260503 12:11:45.651" rpa="false" schemaversion="4">
<suite id="s1" name="01-QueueBooking" source="C:\Users\iTservice\Document\FEMS_AutomationTest\testsuite\Shipping\SHIPPING03_Queue Booking\01-QueueBooking.robot">
<test id="s1-t1" name="TC_07: create draft booking" line="12">
<kw name="Run Keywords" library="BuiltIn" type="SETUP">
<arg>Login As shipping User</arg>
<arg>AND</arg>
<arg>Prepare All Random Variables</arg>
<doc>Executes all the given keywords in a sequence.</doc>
<kw name="Login As shipping User" library="config">
<kw name="Open Login Shipping Web Application" library="config">
<kw name="New Browser" library="Browser">
<arg>browser=chromium</arg>
<arg>headless=False</arg>
<tag>BrowserControl</tag>
<tag>Setter</tag>
<doc>Create a new playwright Browser with specified options.</doc>
<msg timestamp="20260503 12:11:45.874" level="INFO">{"browser": "chromium", "headless": false, "chromiumSandbox": false, "devtools": false, "handleSIGHUP": true, "handleSIGINT": true, "handleSIGTERM": true, "slowMo": 0.0, "timeout": 30000.0, "tracesDir": "C:\\Users\\iTservice\\Document\\FEMS_AutomationTest\\testsuite\\Shipping\\SHIPPING03_Queue Booking\\output\\browser\\traces\\temp\\0528a263-e4ef-4f39-80ee-897e52bf4629"}</msg>
<msg timestamp="20260503 12:11:45.893" level="INFO">Starting Browser process C:\Users\iTservice\AppData\Local\Programs\Python\Python312\Lib\site-packages\Browser\wrapper\index.js using at 127.0.0.1:21188</msg>
<msg timestamp="20260503 12:11:46.601" level="INFO">Successfully created browser with options: {"browser":"chromium","headless":false,"chromiumSandbox":false,"devtools":false,"handleSIGHUP":true,"handleSIGINT":true,"handleSIGTERM":true,"slowMo":0,"timeout":30000,"tracesDir":"C:\\Users\\iTservice\\Document\\FEMS_AutomationTest\\testsuite\\Shipping\\SHIPPING03_Queue Booking\\output\\browser\\traces\\temp\\0528a263-e4ef-4f39-80ee-897e52bf4629"}</msg>
<status status="PASS" starttime="20260503 12:11:45.873" endtime="20260503 12:11:46.601"/>
</kw>
<kw name="New Page" library="Browser">
<arg>${URL_LOGIN}</arg>
<tag>BrowserControl</tag>
<tag>Setter</tag>
<doc>Open a new Page.</doc>
<msg timestamp="20260503 12:11:48.243" level="INFO">Successfully initialized new page object and opened url: https://uataotfems.netbay.co.th/fems/#/auth/shipping/login</msg>
<msg timestamp="20260503 12:11:48.243" level="INFO">No context was open. New context was automatically opened when this page is created.</msg>
<status status="PASS" starttime="20260503 12:11:46.602" endtime="20260503 12:11:48.243"/>
</kw>
<kw name="Set Browser Timeout" library="Browser">
<arg>20 seconds</arg>
<tag>Config</tag>
<tag>Setter</tag>
<doc>Sets the timeout used by most input and getter keywords.</doc>
<status status="PASS" starttime="20260503 12:11:48.243" endtime="20260503 12:11:48.245"/>
</kw>
<status status="PASS" starttime="20260503 12:11:45.873" endtime="20260503 12:11:48.245"/>
</kw>
<kw name="Input Login Credentials" library="shipping_login_page">
<arg>trainingship</arg>
<arg>Netbay@123</arg>
<kw name="Fill Text" library="Browser">
<arg>${TXT_USERNAME}</arg>
<arg>${username}</arg>
<tag>PageContent</tag>
<tag>Setter</tag>
<doc>Clears and fills the given ``txt`` into the text field found by ``selector``.</doc>
<msg timestamp="20260503 12:11:48.246" level="INFO">Fills the text 'trainingship' in the given field.</msg>
<status status="PASS" starttime="20260503 12:11:48.245" endtime="20260503 12:11:48.275"/>
</kw>
<kw name="Fill Text" library="Browser">
<arg>${TXT_PASSWORD}</arg>
<arg>${password}</arg>
<tag>PageContent</tag>
<tag>Setter</tag>
<doc>Clears and fills the given ``txt`` into the text field found by ``selector``.</doc>
<msg timestamp="20260503 12:11:48.275" level="INFO">Fills the text 'Netbay@123' in the given field.</msg>
<status status="PASS" starttime="20260503 12:11:48.275" endtime="20260503 12:11:48.285"/>
</kw>
<status status="PASS" starttime="20260503 12:11:48.245" endtime="20260503 12:11:48.285"/>
</kw>
<kw name="Click Login Button" library="shipping_login_page">
<kw name="Click" library="Browser">
<arg>${BTN_LOGIN}</arg>
<tag>PageContent</tag>
<tag>Setter</tag>
<doc>Simulates mouse click on the element found by ``selector``.</doc>
<msg timestamp="20260503 12:11:48.285" level="INFO">Clicks the element 'xpath=//*[@title="Login"]'.</msg>
<status status="PASS" starttime="20260503 12:11:48.285" endtime="20260503 12:11:48.335"/>
</kw>
<kw name="Sleep" library="BuiltIn">
<arg>3 seconds</arg>
<doc>Pauses the test executed for the given time.</doc>
<msg timestamp="20260503 12:11:51.335" level="INFO">Slept 3 seconds</msg>
<status status="PASS" starttime="20260503 12:11:48.335" endtime="20260503 12:11:51.335"/>
</kw>
<status status="PASS" starttime="20260503 12:11:48.285" endtime="20260503 12:11:51.335"/>
</kw>
<status status="PASS" starttime="20260503 12:11:45.873" endtime="20260503 12:11:51.335"/>
</kw>
<kw name="Prepare All Random Variables" library="data_generator">
<kw name="Get Random Date to TMO" library="data_generator">
<var>${date_full}</var>
<var>${date_num}</var>
<kw name="Evaluate" library="BuiltIn">
<var>${random_days}</var>
<arg>random.randint(1, 60)</arg>
<arg>modules=random</arg>
<doc>Evaluates the given expression in Python and returns the result.</doc>
<msg timestamp="20260503 12:11:51.336" level="INFO">${random_days} = 6</msg>
<status status="PASS" starttime="20260503 12:11:51.336" endtime="20260503 12:11:51.336"/>
</kw>
<kw name="Get Current Date" library="DateTime">
<var>${date_full}</var>
<arg>increment=${random_days} days</arg>
<arg>result_format=%Y-%B-%d</arg>
<doc>Returns current local or UTC time with an optional increment.</doc>
<msg timestamp="20260503 12:11:51.337" level="INFO">${date_full} = 2026-May-09</msg>
<status status="PASS" starttime="20260503 12:11:51.336" endtime="20260503 12:11:51.337"/>
</kw>
<kw name="Convert Date" library="DateTime">
<var>${date_num}</var>
<arg>${date_full}</arg>
<arg>date_format=%Y-%B-%d</arg>
<arg>result_format=%Y-%m-%d</arg>
<doc>Converts between supported `date formats`.</doc>
<msg timestamp="20260503 12:11:51.339" level="INFO">${date_num} = 2026-05-09</msg>
<status status="PASS" starttime="20260503 12:11:51.337" endtime="20260503 12:11:51.339"/>
</kw>
<msg timestamp="20260503 12:11:51.340" level="INFO">${date_full} = 2026-May-09</msg>
<msg timestamp="20260503 12:11:51.340" level="INFO">${date_num} = 2026-05-09</msg>
<status status="PASS" starttime="20260503 12:11:51.336" endtime="20260503 12:11:51.340"/>
</kw>
<kw name="Get Random License Plate" library="data_generator">
<var>${license}</var>
<kw name="Generate Random String" library="String">
<var>${rand_char}</var>
<arg>2</arg>
<arg>กขคพยรล</arg>
<doc>Generates a string with a desired ``length`` from the given ``chars``.</doc>
<msg timestamp="20260503 12:11:51.340" level="INFO">${rand_char} = กข</msg>
<status status="PASS" starttime="20260503 12:11:51.340" endtime="20260503 12:11:51.340"/>
</kw>
<kw name="Generate Random String" library="String">
<var>${rand_num}</var>
<arg>3</arg>
<arg>[NUMBERS]</arg>
<doc>Generates a string with a desired ``length`` from the given ``chars``.</doc>
<msg timestamp="20260503 12:11:51.340" level="INFO">${rand_num} = 203</msg>
<status status="PASS" starttime="20260503 12:11:51.340" endtime="20260503 12:11:51.340"/>
</kw>
<kw name="Set Variable" library="BuiltIn">
<var>${license}</var>
<arg>${rand_char}${rand_num}</arg>
<doc>Returns the given values which can then be assigned to a variables.</doc>
<msg timestamp="20260503 12:11:51.341" level="INFO">${license} = กข203</msg>
<status status="PASS" starttime="20260503 12:11:51.340" endtime="20260503 12:11:51.341"/>
</kw>
<msg timestamp="20260503 12:11:51.341" level="INFO">${license} = กข203</msg>
<status status="PASS" starttime="20260503 12:11:51.340" endtime="20260503 12:11:51.341"/>
</kw>
<kw name="Generate Random DecNo And HAWB" library="data_generator">
<var>${dec_no}</var>
<var>${hawb_no}</var>
<kw name="Generate Random String" library="String">
<var>${dec_no}</var>
<arg>14</arg>
<arg>[NUMBERS]</arg>
<doc>Generates a string with a desired ``length`` from the given ``chars``.</doc>
<msg timestamp="20260503 12:11:51.341" level="INFO">${dec_no} = 92737594740875</msg>
<status status="PASS" starttime="20260503 12:11:51.341" endtime="20260503 12:11:51.341"/>
</kw>
<kw name="Generate Random String" library="String">
<var>${hawb_no}</var>
<arg>10</arg>
<arg>[UPPER][NUMBERS]</arg>
<doc>Generates a string with a desired ``length`` from the given ``chars``.</doc>
<msg timestamp="20260503 12:11:51.341" level="INFO">${hawb_no} = M3X4NR6YDD</msg>
<status status="PASS" starttime="20260503 12:11:51.341" endtime="20260503 12:11:51.341"/>
</kw>
<msg timestamp="20260503 12:11:51.341" level="INFO">${dec_no} = 92737594740875</msg>
<msg timestamp="20260503 12:11:51.341" level="INFO">${hawb_no} = M3X4NR6YDD</msg>
<status status="PASS" starttime="20260503 12:11:51.341" endtime="20260503 12:11:51.341"/>
</kw>
<kw name="Get Random Driver ID" library="data_generator">
<var>${driver_id_fmt}</var>
<kw name="Generate Random String" library="String">
<var>${driver_id}</var>
<arg>13</arg>
<arg>[NUMBERS]</arg>
<doc>Generates a string with a desired ``length`` from the given ``chars``.</doc>
<msg timestamp="20260503 12:11:51.342" level="INFO">${driver_id} = 8945615942177</msg>
<status status="PASS" starttime="20260503 12:11:51.342" endtime="20260503 12:11:51.342"/>
</kw>
<kw name="Set Variable" library="BuiltIn">
<var>${driver_id_fmt}</var>
<arg>1-${driver_id[1:5]}-${driver_id[5:10]}-${driver_id[10:12]}-${driver_id[12]}</arg>
<doc>Returns the given values which can then be assigned to a variables.</doc>
<msg timestamp="20260503 12:11:51.343" level="INFO">${driver_id_fmt} = 1-9456-15942-17-7</msg>
<status status="PASS" starttime="20260503 12:11:51.342" endtime="20260503 12:11:51.343"/>
</kw>
<msg timestamp="20260503 12:11:51.344" level="INFO">${driver_id_fmt} = 1-9456-15942-17-7</msg>
<status status="PASS" starttime="20260503 12:11:51.341" endtime="20260503 12:11:51.344"/>
</kw>
<kw name="Set Global Variable" library="BuiltIn">
<arg>${RAND_DATE_FULL}</arg>
<arg>${date_full}</arg>
<doc>Makes a variable available globally in all tests and suites.</doc>
<msg timestamp="20260503 12:11:51.344" level="INFO">${RAND_DATE_FULL} = 2026-May-09</msg>
<status status="PASS" starttime="20260503 12:11:51.344" endtime="20260503 12:11:51.344"/>
</kw>
<kw name="Set Global Variable" library="BuiltIn">
<arg>${RAND_DATE_NUM}</arg>
<arg>${date_num}</arg>
<doc>Makes a variable available globally in all tests and suites.</doc>
<msg timestamp="20260503 12:11:51.345" level="INFO">${RAND_DATE_NUM} = 2026-05-09</msg>
<status status="PASS" starttime="20260503 12:11:51.344" endtime="20260503 12:11:51.345"/>
</kw>
<kw name="Set Global Variable" library="BuiltIn">
<arg>${RAND_LICENSE}</arg>
<arg>${license}</arg>
<doc>Makes a variable available globally in all tests and suites.</doc>
<msg timestamp="20260503 12:11:51.345" level="INFO">${RAND_LICENSE} = กข203</msg>
<status status="PASS" starttime="20260503 12:11:51.345" endtime="20260503 12:11:51.345"/>
</kw>
<kw name="Set Global Variable" library="BuiltIn">
<arg>${RAND_DEC_NO}</arg>
<arg>${dec_no}</arg>
<doc>Makes a variable available globally in all tests and suites.</doc>
<msg timestamp="20260503 12:11:51.346" level="INFO">${RAND_DEC_NO} = 92737594740875</msg>
<status status="PASS" starttime="20260503 12:11:51.346" endtime="20260503 12:11:51.346"/>
</kw>
<kw name="Set Global Variable" library="BuiltIn">
<arg>${RAND_HAWB}</arg>
<arg>${hawb_no}</arg>
<doc>Makes a variable available globally in all tests and suites.</doc>
<msg timestamp="20260503 12:11:51.347" level="INFO">${RAND_HAWB} = M3X4NR6YDD</msg>
<status status="PASS" starttime="20260503 12:11:51.346" endtime="20260503 12:11:51.347"/>
</kw>
<kw name="Set Global Variable" library="BuiltIn">
<arg>${RAND_DRIVER_ID}</arg>
<arg>${driver_id_fmt}</arg>
<doc>Makes a variable available globally in all tests and suites.</doc>
<msg timestamp="20260503 12:11:51.347" level="INFO">${RAND_DRIVER_ID} = 1-9456-15942-17-7</msg>
<status status="PASS" starttime="20260503 12:11:51.347" endtime="20260503 12:11:51.347"/>
</kw>
<status status="PASS" starttime="20260503 12:11:51.335" endtime="20260503 12:11:51.347"/>
</kw>
<status status="PASS" starttime="20260503 12:11:45.872" endtime="20260503 12:11:51.347"/>
</kw>
<kw name="Queue Booking" library="shipping_QueueBooking_page">
<arg>2026-05-03</arg>
<arg>Queue</arg>
<kw name="Verify Booking Success" library="shipping_createBooking_page">
<arg>${RAND_DATE_FULL}</arg>
<arg>${RAND_LICENSE}</arg>
<arg>กระบี่</arg>
<arg>รถยนต์ 4 ที่นั่ง</arg>
<arg>${RAND_DRIVER_ID}</arg>
<arg>รับสินค้าขาเข้าปกติ</arg>
<arg>TG</arg>
<arg>ภายในประเทศ/ท่าอื่น</arg>
<arg>10</arg>
<arg>30</arg>
<arg>ของมีค่า(TG)</arg>
<arg>${RAND_DEC_NO}</arg>
<arg>${RAND_HAWB}</arg>
<kw name="Open Queue Booking Menu" library="shipping_createBooking_page">
<kw name="Click" library="Browser">
<arg>${MENU_QUEUE_BOOKING}</arg>
<tag>PageContent</tag>
<tag>Setter</tag>
<doc>Simulates mouse click on the element found by ``selector``.</doc>
<msg timestamp="20260503 12:11:51.349" level="INFO">Clicks the element 'xpath=//*[@id="sidebar-menu-17"]'.</msg>
<status status="PASS" starttime="20260503 12:11:51.349" endtime="20260503 12:11:51.382"/>
</kw>
<status status="PASS" starttime="20260503 12:11:51.349" endtime="20260503 12:11:51.382"/>
</kw>
<kw name="Open Create Booking Page" library="shipping_createBooking_page">
<kw name="Click" library="Browser">
<arg>${MENU_CREATE_BOOKING}</arg>
<tag>PageContent</tag>
<tag>Setter</tag>
<doc>Simulates mouse click on the element found by ``selector``.</doc>
<msg timestamp="20260503 12:11:51.383" level="INFO">Clicks the element 'xpath=//*[@id="queue-booking-tracking-btn-create"]'.</msg>
<status status="PASS" starttime="20260503 12:11:51.383" endtime="20260503 12:11:51.915"/>
</kw>
<status status="PASS" starttime="20260503 12:11:51.382" endtime="20260503 12:11:51.915"/>
</kw>
<kw name="Fill Date to TMO" library="shipping_createBooking_page">
<arg>${date_to_tmo}</arg>
<kw name="Split String" library="String">
<var>${year}</var>
<var>${month}</var>
<var>${day}</var>
<arg>${date_to_tmo}</arg>
<arg>-</arg>
<doc>Splits the ``string`` using ``separator`` as a delimiter string.</doc>
<msg timestamp="20260503 12:11:51.916" level="INFO">${year} = 2026</msg>
<msg timestamp="20260503 12:11:51.916" level="INFO">${month} = May</msg>
<msg timestamp="20260503 12:11:51.916" level="INFO">${day} = 09</msg>
<status status="PASS" starttime="20260503 12:11:51.916" endtime="20260503 12:11:51.916"/>
</kw>
<kw name="Click" library="Browser">
<arg>//*[@id="queue-booking-tracking-search-reserveDate"]</arg>
<tag>PageContent</tag>
<tag>Setter</tag>
<doc>Simulates mouse click on the element found by ``selector``.</doc>
<msg timestamp="20260503 12:11:51.916" level="INFO">Clicks the element '//*[@id="queue-booking-tracking-search-reserveDate"]'.</msg>
<status status="PASS" starttime="20260503 12:11:51.916" endtime="20260503 12:11:52.954"/>
</kw>
<kw name="Wait For Elements State" library="Browser">
<arg>.bs-datepicker-container</arg>
<arg>visible</arg>
<tag>PageContent</tag>
<tag>Wait</tag>
<doc>Waits for the element found by ``selector`` to satisfy state option.</doc>
<msg timestamp="20260503 12:11:52.963" level="INFO">Waited for Element with selector .bs-datepicker-container at state visible</msg>
<status status="PASS" starttime="20260503 12:11:52.955" endtime="20260503 12:11:52.963"/>
</kw>
<kw name="Click" library="Browser">
<arg>(//div[contains(@class,"bs-datepicker-head")]//button[contains(@class,"current")])[2]</arg>
<tag>PageContent</tag>
<tag>Setter</tag>
<doc>Simulates mouse click on the element found by ``selector``.</doc>
<msg timestamp="20260503 12:11:52.963" level="INFO">Clicks the element '(//div[contains(@class,"bs-datepicker-head")]//button[contains(@class,"current")])[2]'.</msg>
<status status="PASS" starttime="20260503 12:11:52.963" endtime="20260503 12:11:52.991"/>
</kw>
<kw name="Click" library="Browser">
<arg>//span[normalize-space()="${year}"]</arg>
<tag>PageContent</tag>
<tag>Setter</tag>
<doc>Simulates mouse click on the element found by ``selector``.</doc>
<msg timestamp="20260503 12:11:52.991" level="INFO">Clicks the element '//span[normalize-space()="2026"]'.</msg>
<status status="PASS" starttime="20260503 12:11:52.991" endtime="20260503 12:11:53.016"/>
</kw>
<kw name="Click" library="Browser">
<arg>//span[normalize-space()="${month}"]</arg>
<tag>PageContent</tag>
<tag>Setter</tag>
<doc>Simulates mouse click on the element found by ``selector``.</doc>
<msg timestamp="20260503 12:11:53.016" level="INFO">Clicks the element '//span[normalize-space()="May"]'.</msg>
<status status="PASS" starttime="20260503 12:11:53.016" endtime="20260503 12:11:53.048"/>
</kw>
<kw name="Wait For Elements State" library="Browser">
<arg>.bs-datepicker-body</arg>
<arg>visible</arg>
<tag>PageContent</tag>
<tag>Wait</tag>
<doc>Waits for the element found by ``selector`` to satisfy state option.</doc>
<msg timestamp="20260503 12:11:53.057" level="INFO">Waited for Element with selector .bs-datepicker-body at state visible</msg>
<status status="PASS" starttime="20260503 12:11:53.048" endtime="20260503 12:11:53.057"/>
</kw>
<kw name="Convert To Integer" library="BuiltIn">
<var>${day_int}</var>
<arg>${day}</arg>
<doc>Converts the given item to an integer number.</doc>
<msg timestamp="20260503 12:11:53.057" level="INFO">${day_int} = 9</msg>
<status status="PASS" starttime="20260503 12:11:53.057" endtime="20260503 12:11:53.057"/>
</kw>
<kw name="Click" library="Browser">
<arg>(//div[contains(@class,"bs-datepicker-body")]//span[normalize-space()="${day_int}"])[1]</arg>
<tag>PageContent</tag>
<tag>Setter</tag>
<doc>Simulates mouse click on the element found by ``selector``.</doc>
<msg timestamp="20260503 12:11:53.058" level="INFO">Clicks the element '(//div[contains(@class,"bs-datepicker-body")]//span[normalize-space()="9"])[1]'.</msg>
<status status="PASS" starttime="20260503 12:11:53.057" endtime="20260503 12:11:53.118"/>
</kw>
<status status="PASS" starttime="20260503 12:11:51.915" endtime="20260503 12:11:53.118"/>
</kw>
<if>
<branch type="IF" condition="'${driver_id}' != '${EMPTY}'">
<kw name="Select Driver By id" library="shipping_createBooking_page">
<arg>${driver_id}</arg>
<kw name="Click" library="Browser">
<arg>xpath=//*[@id="queue-booking-view-driver"]/ngx-select/div/div[2]</arg>
<tag>PageContent</tag>
<tag>Setter</tag>
<doc>Simulates mouse click on the element found by ``selector``.</doc>
<msg timestamp="20260503 12:11:53.119" level="INFO">Clicks the element 'xpath=//*[@id="queue-booking-view-driver"]/ngx-select/div/div[2]'.</msg>
<status status="PASS" starttime="20260503 12:11:53.119" endtime="20260503 12:11:53.152"/>
</kw>
<kw name="Click" library="Browser">
<arg>xpath=//*[@id="queue-booking-view-driver"]/ngx-select/div/ngx-select-choices/ul/li[1]/a</arg>
<tag>PageContent</tag>
<tag>Setter</tag>
<doc>Simulates mouse click on the element found by ``selector``.</doc>
<msg timestamp="20260503 12:11:53.153" level="INFO">Clicks the element 'xpath=//*[@id="queue-booking-view-driver"]/ngx-select/div/ngx-select-choices/ul/li[1]/a'.</msg>
<status status="PASS" starttime="20260503 12:11:53.152" endtime="20260503 12:11:53.188"/>
</kw>
<kw name="Fill Text" library="Browser">
<arg>xpath=//*[@id="queue-booking-tracking-search-driverTaxId"]</arg>
<arg>${driver_id}</arg>
<tag>PageContent</tag>
<tag>Setter</tag>
<doc>Clears and fills the given ``txt`` into the text field found by ``selector``.</doc>
<msg timestamp="20260503 12:11:53.188" level="INFO">Fills the text '1-9456-15942-17-7' in the given field.</msg>
<status status="PASS" starttime="20260503 12:11:53.188" endtime="20260503 12:11:53.198"/>
</kw>
<status status="PASS" starttime="20260503 12:11:53.118" endtime="20260503 12:11:53.198"/>
</kw>
<status status="PASS" starttime="20260503 12:11:53.118" endtime="20260503 12:11:53.198"/>
</branch>
<status status="PASS" starttime="20260503 12:11:53.118" endtime="20260503 12:11:53.198"/>
</if>
<if>
<branch type="IF" condition="'${driver_license}' != '${EMPTY}' and '${vehicle_province}' != '${EMPTY}' and '${driver_cartype}' != '${EMPTY}'">
<kw name="Fill Vehicle infomation" library="shipping_createBooking_page">
<arg>${driver_license}</arg>
<arg>${vehicle_province}</arg>
<arg>${driver_cartype}</arg>
<kw name="Click" library="Browser">
<arg>id=queue-booking-view-vehicle &gt;&gt; css=.ngx-select__toggle &gt;&gt; visible=true</arg>
<tag>PageContent</tag>
<tag>Setter</tag>
<doc>Simulates mouse click on the element found by ``selector``.</doc>
<msg timestamp="20260503 12:11:53.200" level="INFO">Clicks the element 'id=queue-booking-view-vehicle &gt;&gt; css=.ngx-select__toggle &gt;&gt; visible=true'.</msg>
<status status="PASS" starttime="20260503 12:11:53.200" endtime="20260503 12:11:53.233"/>
</kw>
<kw name="Click" library="Browser">
<arg>xpath=//*[@id="queue-booking-view-vehicle"]//ngx-select-choices//li[1]/a</arg>
<tag>PageContent</tag>
<tag>Setter</tag>
<doc>Simulates mouse click on the element found by ``selector``.</doc>
<msg timestamp="20260503 12:11:53.233" level="INFO">Clicks the element 'xpath=//*[@id="queue-booking-view-vehicle"]//ngx-select-choices//li[1]/a'.</msg>
<status status="PASS" starttime="20260503 12:11:53.233" endtime="20260503 12:11:53.275"/>
</kw>
<kw name="Fill Text" library="Browser">
<arg>xpath=//input[@placeholder="ป้ายทะเบียน"] &gt;&gt; visible=true</arg>
<arg>${driver_license}</arg>
<tag>PageContent</tag>
<tag>Setter</tag>
<doc>Clears and fills the given ``txt`` into the text field found by ``selector``.</doc>
<msg timestamp="20260503 12:11:53.276" level="INFO">Fills the text 'กข203' in the given field.</msg>
<status status="PASS" starttime="20260503 12:11:53.276" endtime="20260503 12:11:53.308"/>
</kw>
<kw name="Click" library="Browser">
<arg>id=sidebar-toggle-btn</arg>
<tag>PageContent</tag>
<tag>Setter</tag>
<doc>Simulates mouse click on the element found by ``selector``.</doc>
<msg timestamp="20260503 12:11:53.309" level="INFO">Clicks the element 'id=sidebar-toggle-btn'.</msg>
<status status="PASS" starttime="20260503 12:11:53.309" endtime="20260503 12:11:53.338"/>
</kw>
<kw name="Sleep" library="BuiltIn">
<arg>2 seconds</arg>
<doc>Pauses the test executed for the given time.</doc>
<msg timestamp="20260503 12:11:55.340" level="INFO">Slept 2 seconds</msg>
<status status="PASS" starttime="20260503 12:11:53.339" endtime="20260503 12:11:55.340"/>
</kw>
<kw name="Click" library="Browser">
<arg>id=queue-booking-tracking-search-vehicleProvince &gt;&gt; css=.ngx-select__toggle &gt;&gt; visible=true</arg>
<tag>PageContent</tag>
<tag>Setter</tag>
<doc>Simulates mouse click on the element found by ``selector``.</doc>
<msg timestamp="20260503 12:11:55.340" level="INFO">Clicks the element 'id=queue-booking-tracking-search-vehicleProvince &gt;&gt; css=.ngx-select__toggle &gt;&gt; visible=true'.</msg>
<status status="PASS" starttime="20260503 12:11:55.340" endtime="20260503 12:11:55.374"/>
</kw>
<kw name="Fill Text" library="Browser">
<arg>id=queue-booking-tracking-search-vehicleProvince &gt;&gt; css=.ngx-select__search</arg>
<arg>${vehicle_province}</arg>
<tag>PageContent</tag>
<tag>Setter</tag>
<doc>Clears and fills the given ``txt`` into the text field found by ``selector``.</doc>
<msg timestamp="20260503 12:11:55.375" level="INFO">Fills the text 'กระบี่' in the given field.</msg>
<status status="PASS" starttime="20260503 12:11:55.374" endtime="20260503 12:11:55.381"/>
</kw>
<kw name="Click" library="Browser">
<arg>xpath=//*[@id="queue-booking-tracking-search-vehicleProvince"]//ngx-select-choices//a[contains(normalize-space(.), '${vehicle_province}')]</arg>
<tag>PageContent</tag>
<tag>Setter</tag>
<doc>Simulates mouse click on the element found by ``selector``.</doc>
<msg timestamp="20260503 12:11:55.382" level="INFO">Clicks the element 'xpath=//*[@id="queue-booking-tracking-search-vehicleProvince"]//ngx-select-choices//a[contains(normalize-space(.), 'กระบี่')]'.</msg>
<status status="PASS" starttime="20260503 12:11:55.381" endtime="20260503 12:11:55.415"/>
</kw>
<kw name="Click" library="Browser">
<arg>id=vehicle-management-vehicle-type-id &gt;&gt; css=.ngx-select__toggle &gt;&gt; visible=true</arg>
<tag>PageContent</tag>
<tag>Setter</tag>
<doc>Simulates mouse click on the element found by ``selector``.</doc>
<msg timestamp="20260503 12:11:55.415" level="INFO">Clicks the element 'id=vehicle-management-vehicle-type-id &gt;&gt; css=.ngx-select__toggle &gt;&gt; visible=true'.</msg>
<status status="PASS" starttime="20260503 12:11:55.415" endtime="20260503 12:11:55.449"/>
</kw>
<kw name="Fill Text" library="Browser">
<arg>xpath=//*[@id="vehicle-management-vehicle-type-id"]/ngx-select/div/input</arg>
<arg>${driver_cartype}</arg>
<tag>PageContent</tag>
<tag>Setter</tag>
<doc>Clears and fills the given ``txt`` into the text field found by ``selector``.</doc>
<msg timestamp="20260503 12:11:55.449" level="INFO">Fills the text 'รถยนต์ 4 ที่นั่ง' in the given field.</msg>
<status status="PASS" starttime="20260503 12:11:55.449" endtime="20260503 12:11:55.456"/>
</kw>
<kw name="Click" library="Browser">
<arg>xpath=//*[@id="vehicle-management-vehicle-type-id"]//ngx-select-choices//a[contains(normalize-space(.), '${driver_cartype}')]</arg>
<tag>PageContent</tag>
<tag>Setter</tag>
<doc>Simulates mouse click on the element found by ``selector``.</doc>
<msg timestamp="20260503 12:11:55.457" level="INFO">Clicks the element 'xpath=//*[@id="vehicle-management-vehicle-type-id"]//ngx-select-choices//a[contains(normalize-space(.), 'รถยนต์ 4 ที่นั่ง')]'.</msg>
<status status="PASS" starttime="20260503 12:11:55.456" endtime="20260503 12:11:55.489"/>
</kw>
<status status="PASS" starttime="20260503 12:11:53.200" endtime="20260503 12:11:55.489"/>
</kw>
<status status="PASS" starttime="20260503 12:11:53.199" endtime="20260503 12:11:55.489"/>
</branch>
<status status="PASS" starttime="20260503 12:11:53.198" endtime="20260503 12:11:55.489"/>
</if>
<if>
<branch type="IF" condition="'${bookingType}' != '${EMPTY}' and '${bokingOrigin}' != '${EMPTY}' and '${bookingDestination}' != '${EMPTY}' and '${reserveHour}' != '${EMPTY}' and '${reserveMinute}' != '${EMPTY}' and '${goodsType}' != '${EMPTY}'">
<kw name="Fill infomation request Booking" library="shipping_createBooking_page">
<arg>${bookingType}</arg>
<arg>${bokingOrigin}</arg>
<arg>${bookingDestination}</arg>
<arg>${reserveHour}</arg>
<arg>${reserveMinute}</arg>
<arg>${goodsType}</arg>
<kw name="Select Options By" library="Browser">
<arg>xpath=//select[@id='queue-booking-detail-bookingTypeId']</arg>
<arg>text</arg>
<arg>${bookingType}</arg>
<tag>PageContent</tag>
<tag>Setter</tag>
<doc>Selects options from select element found by ``selector``.</doc>
<msg timestamp="20260503 12:11:55.491" level="INFO">Selects the option(s) รับสินค้าขาเข้าปกติ by attribute SelectAttribute.label from element xpath=//select[@id='queue-booking-detail-bookingTypeId'].</msg>
<status status="PASS" starttime="20260503 12:11:55.491" endtime="20260503 12:11:55.514"/>
</kw>
<kw name="Select Options By" library="Browser">
<arg>xpath=//select[@id="queue-booking-detail-origin"]</arg>
<arg>text</arg>
<arg>${bokingOrigin}</arg>
<tag>PageContent</tag>
<tag>Setter</tag>
<doc>Selects options from select element found by ``selector``.</doc>
<msg timestamp="20260503 12:11:55.514" level="INFO">Selects the option(s) TG by attribute SelectAttribute.label from element xpath=//select[@id="queue-booking-detail-origin"].</msg>
<status status="PASS" starttime="20260503 12:11:55.514" endtime="20260503 12:11:55.527"/>
</kw>
<kw name="Select Options By" library="Browser">
<arg>xpath=//select[@id="queue-booking-detail-destination"]</arg>
<arg>text</arg>
<arg>${bookingDestination}</arg>
<tag>PageContent</tag>
<tag>Setter</tag>
<doc>Selects options from select element found by ``selector``.</doc>
<msg timestamp="20260503 12:11:55.528" level="INFO">Selects the option(s) ภายในประเทศ/ท่าอื่น by attribute SelectAttribute.label from element xpath=//select[@id="queue-booking-detail-destination"].</msg>
<status status="PASS" starttime="20260503 12:11:55.527" endtime="20260503 12:11:55.537"/>
</kw>
<kw name="Fill Text" library="Browser">
<arg>css=input[placeholder="HH"]</arg>
<arg>${reserveHour}</arg>
<tag>PageContent</tag>
<tag>Setter</tag>
<doc>Clears and fills the given ``txt`` into the text field found by ``selector``.</doc>
<msg timestamp="20260503 12:11:55.538" level="INFO">Fills the text '10' in the given field.</msg>
<status status="PASS" starttime="20260503 12:11:55.537" endtime="20260503 12:11:55.548"/>
</kw>
<kw name="Fill Text" library="Browser">
<arg>css=input[placeholder="MM"]</arg>
<arg>${reserveMinute}</arg>
<tag>PageContent</tag>
<tag>Setter</tag>
<doc>Clears and fills the given ``txt`` into the text field found by ``selector``.</doc>
<msg timestamp="20260503 12:11:55.548" level="INFO">Fills the text '30' in the given field.</msg>
<status status="PASS" starttime="20260503 12:11:55.548" endtime="20260503 12:11:55.561"/>
</kw>
<kw name="Press Keys" library="Browser">
<arg>css=input[placeholder="MM"]</arg>
<arg>Tab</arg>
<tag>PageContent</tag>
<tag>Setter</tag>
<doc>Types the given key combination into element found by ``selector``.</doc>
<status status="PASS" starttime="20260503 12:11:55.561" endtime="20260503 12:11:55.579"/>
</kw>
<kw name="Select Options By" library="Browser">
<arg>xpath=//select[@id="queue-booking-detail-goodsType"]</arg>
<arg>text</arg>
<arg>${goodsType}</arg>
<tag>PageContent</tag>
<tag>Setter</tag>
<doc>Selects options from select element found by ``selector``.</doc>
<msg timestamp="20260503 12:11:55.579" level="INFO">Selects the option(s) ของมีค่า(TG) by attribute SelectAttribute.label from element xpath=//select[@id="queue-booking-detail-goodsType"].</msg>
<status status="PASS" starttime="20260503 12:11:55.579" endtime="20260503 12:11:55.590"/>
</kw>
<status status="PASS" starttime="20260503 12:11:55.491" endtime="20260503 12:11:55.590"/>
</kw>
<status status="PASS" starttime="20260503 12:11:55.489" endtime="20260503 12:11:55.590"/>
</branch>
<status status="PASS" starttime="20260503 12:11:55.489" endtime="20260503 12:11:55.590"/>
</if>
<if>
<branch type="IF" condition="'${declaration_number}' != '${EMPTY}' and '${HAWB}' != '${EMPTY}'">
<kw name="Fill Product list" library="shipping_createBooking_page">
<arg>${declaration_number}</arg>
<arg>${HAWB}</arg>
<kw name="Fill Text" library="Browser">
<arg>xpath=//*[@id="queue-booking-detail-declarationNumber"]</arg>
<arg>${declaration_number}</arg>
<tag>PageContent</tag>
<tag>Setter</tag>
<doc>Clears and fills the given ``txt`` into the text field found by ``selector``.</doc>
<msg timestamp="20260503 12:11:55.592" level="INFO">Fills the text '92737594740875' in the given field.</msg>
<status status="PASS" starttime="20260503 12:11:55.591" endtime="20260503 12:11:55.604"/>
</kw>
<kw name="Click" library="Browser">
<arg>xpath=//*[@id="queue-booking-detail-search-declarationNumber"]</arg>
<tag>PageContent</tag>
<tag>Setter</tag>
<doc>Simulates mouse click on the element found by ``selector``.</doc>
<msg timestamp="20260503 12:11:55.605" level="INFO">Clicks the element 'xpath=//*[@id="queue-booking-detail-search-declarationNumber"]'.</msg>
<status status="PASS" starttime="20260503 12:11:55.604" endtime="20260503 12:11:55.632"/>
</kw>
<kw name="Fill Text" library="Browser">
<arg>xpath=//input[@id="queue-booking-detail-hawb"]</arg>
<arg>${HAWB}}</arg>
<tag>PageContent</tag>
<tag>Setter</tag>
<doc>Clears and fills the given ``txt`` into the text field found by ``selector``.</doc>
<msg timestamp="20260503 12:11:55.633" level="INFO">Fills the text 'M3X4NR6YDD}' in the given field.</msg>
<status status="PASS" starttime="20260503 12:11:55.632" endtime="20260503 12:11:55.735"/>
</kw>
<kw name="Click" library="Browser">
<arg>xpath=//*[@id="queue-booking-detail-add-declarationNumber"]</arg>
<tag>PageContent</tag>
<tag>Setter</tag>
<doc>Simulates mouse click on the element found by ``selector``.</doc>
<msg timestamp="20260503 12:11:55.735" level="INFO">Clicks the element 'xpath=//*[@id="queue-booking-detail-add-declarationNumber"]'.</msg>
<status status="PASS" starttime="20260503 12:11:55.735" endtime="20260503 12:11:55.769"/>
</kw>
<kw name="Click" library="Browser">
<arg>xpath=//*[@id="queue-booking-tracking-btn-search"]</arg>
<tag>PageContent</tag>
<tag>Setter</tag>
<doc>Simulates mouse click on the element found by ``selector``.</doc>
<msg timestamp="20260503 12:11:55.770" level="INFO">Clicks the element 'xpath=//*[@id="queue-booking-tracking-btn-search"]'.</msg>
<status status="PASS" starttime="20260503 12:11:55.769" endtime="20260503 12:11:55.802"/>
</kw>
<status status="PASS" starttime="20260503 12:11:55.591" endtime="20260503 12:11:55.802"/>
</kw>
<status status="PASS" starttime="20260503 12:11:55.590" endtime="20260503 12:11:55.802"/>
</branch>
<status status="PASS" starttime="20260503 12:11:55.590" endtime="20260503 12:11:55.802"/>
</if>
<kw name="Submit Booking" library="shipping_createBooking_page">
<kw name="Click" library="Browser">
<arg>xpath=//*[@id="queue-booking-tracking-btn-submit"]</arg>
<tag>PageContent</tag>
<tag>Setter</tag>
<doc>Simulates mouse click on the element found by ``selector``.</doc>
<msg timestamp="20260503 12:11:55.803" level="INFO">Clicks the element 'xpath=//*[@id="queue-booking-tracking-btn-submit"]'.</msg>
<status status="PASS" starttime="20260503 12:11:55.803" endtime="20260503 12:11:55.835"/>
</kw>
<kw name="Click" library="Browser">
<arg>xpath=//*[@id="queue-booking-tracking-btn-save"]</arg>
<tag>PageContent</tag>
<tag>Setter</tag>
<doc>Simulates mouse click on the element found by ``selector``.</doc>
<msg timestamp="20260503 12:11:55.835" level="INFO">Clicks the element 'xpath=//*[@id="queue-booking-tracking-btn-save"]'.</msg>
<status status="PASS" starttime="20260503 12:11:55.835" endtime="20260503 12:11:56.262"/>
</kw>
<kw name="Sleep" library="BuiltIn">
<arg>5 seconds</arg>
<doc>Pauses the test executed for the given time.</doc>
<msg timestamp="20260503 12:12:01.263" level="INFO">Slept 5 seconds</msg>
<status status="PASS" starttime="20260503 12:11:56.262" endtime="20260503 12:12:01.263"/>
</kw>
<kw name="Click" library="Browser">
<arg>xpath=//*[@id="queue-booking-tracking-btn-save"]</arg>
<tag>PageContent</tag>
<tag>Setter</tag>
<doc>Simulates mouse click on the element found by ``selector``.</doc>
<msg timestamp="20260503 12:12:01.263" level="INFO">Clicks the element 'xpath=//*[@id="queue-booking-tracking-btn-save"]'.</msg>
<status status="PASS" starttime="20260503 12:12:01.263" endtime="20260503 12:12:01.292"/>
</kw>
<status status="PASS" starttime="20260503 12:11:55.803" endtime="20260503 12:12:01.292"/>
</kw>
<kw name="check booking success" library="shipping_createBooking_page">
<kw name="Wait For Elements State" library="Browser">
<arg>xpath=//div[contains(@class, 'text-dark') and contains(., '20')]</arg>
<arg>visible</arg>
<arg>30s</arg>
<tag>PageContent</tag>
<tag>Wait</tag>
<doc>Waits for the element found by ``selector`` to satisfy state option.</doc>
<msg timestamp="20260503 12:12:01.494" level="INFO">Waited for Element with selector xpath=//div[contains(@class, 'text-dark') and contains(., '20')] at state visible</msg>
<status status="PASS" starttime="20260503 12:12:01.293" endtime="20260503 12:12:01.494"/>
</kw>
<kw name="Get Text" library="Browser">
<var>${booking_id}</var>
<arg>xpath=//div[contains(@class, 'text-dark') and contains(., '20')]</arg>
<tag>Assertion</tag>
<tag>Getter</tag>
<tag>PageContent</tag>
<doc>Returns text attribute of the element found by ``selector``.</doc>
<msg timestamp="20260503 12:12:01.506" level="INFO">Text: '202605030004'</msg>
<msg timestamp="20260503 12:12:01.506" level="INFO">${booking_id} = 202605030004</msg>
<status status="PASS" starttime="20260503 12:12:01.494" endtime="20260503 12:12:01.506"/>
</kw>
<kw name="Log To Console" library="BuiltIn">
<arg>\nSuccessfully Created Booking ID: ${booking_id}</arg>
<doc>Logs the given message to the console.</doc>
<status status="PASS" starttime="20260503 12:12:01.507" endtime="20260503 12:12:01.507"/>
</kw>
<kw name="Set Global Variable" library="BuiltIn">
<arg>${GLOBAL_BOOKING_ID}</arg>
<arg>${booking_id}</arg>
<doc>Makes a variable available globally in all tests and suites.</doc>
<msg timestamp="20260503 12:12:01.508" level="INFO">${GLOBAL_BOOKING_ID} = 202605030004</msg>
<status status="PASS" starttime="20260503 12:12:01.507" endtime="20260503 12:12:01.508"/>
</kw>
<kw name="Get Text" library="Browser">
<var>${Queue_status}</var>
<arg>xpath=//div[contains(@class, 'text-dark') and contains(., 'Queue')]</arg>
<tag>Assertion</tag>
<tag>Getter</tag>
<tag>PageContent</tag>
<doc>Returns text attribute of the element found by ``selector``.</doc>
<msg timestamp="20260503 12:12:01.535" level="INFO">Text: 'Queue'</msg>
<msg timestamp="20260503 12:12:01.535" level="INFO">${Queue_status} = Queue</msg>
<status status="PASS" starttime="20260503 12:12:01.508" endtime="20260503 12:12:01.535"/>
</kw>
<kw name="Log To Console" library="BuiltIn">
<arg>Queue Status: ${Queue_status}</arg>
<doc>Logs the given message to the console.</doc>
<status status="PASS" starttime="20260503 12:12:01.535" endtime="20260503 12:12:01.536"/>
</kw>
<kw name="Click" library="Browser">
<arg>xpath=//*[@id="queue-booking-tracking-btn-back"]</arg>
<tag>PageContent</tag>
<tag>Setter</tag>
<doc>Simulates mouse click on the element found by ``selector``.</doc>
<msg timestamp="20260503 12:12:01.536" level="INFO">Clicks the element 'xpath=//*[@id="queue-booking-tracking-btn-back"]'.</msg>
<status status="PASS" starttime="20260503 12:12:01.536" endtime="20260503 12:12:01.631"/>
</kw>
<status status="PASS" starttime="20260503 12:12:01.292" endtime="20260503 12:12:01.631"/>
</kw>
<status status="PASS" starttime="20260503 12:11:51.348" endtime="20260503 12:12:01.631"/>
</kw>
<kw name="Fill Text" library="Browser">
<arg>xpath=//input[@id="queue-booking-tracking-search-referenceNumber"]</arg>
<arg>${GLOBAL_BOOKING_ID}</arg>
<tag>PageContent</tag>
<tag>Setter</tag>
<doc>Clears and fills the given ``txt`` into the text field found by ``selector``.</doc>
<msg timestamp="20260503 12:12:01.632" level="INFO">Fills the text '202605030004' in the given field.</msg>
<status status="PASS" starttime="20260503 12:12:01.631" endtime="20260503 12:12:01.639"/>
</kw>
<kw name="Fill Text" library="Browser">
<arg>xpath=//input[@id="queue-booking-tracking-search-submitDate"]</arg>
<arg>${Booking Date}</arg>
<tag>PageContent</tag>
<tag>Setter</tag>
<doc>Clears and fills the given ``txt`` into the text field found by ``selector``.</doc>
<msg timestamp="20260503 12:12:01.639" level="INFO">Fills the text '2026-05-03' in the given field.</msg>
<status status="PASS" starttime="20260503 12:12:01.639" endtime="20260503 12:12:01.651"/>
</kw>
<kw name="Click" library="Browser">
<arg>id=queue-booking-tracking-search-reserveDate</arg>
<tag>PageContent</tag>
<tag>Setter</tag>
<doc>Simulates mouse click on the element found by ``selector``.</doc>
<msg timestamp="20260503 12:12:01.651" level="INFO">Clicks the element 'id=queue-booking-tracking-search-reserveDate'.</msg>
<status status="PASS" starttime="20260503 12:12:01.651" endtime="20260503 12:12:02.006"/>
</kw>
<kw name="Press Keys" library="Browser">
<arg>id=queue-booking-tracking-search-reserveDate</arg>
<arg>Control+A</arg>
<arg>Backspace</arg>
<tag>PageContent</tag>
<tag>Setter</tag>
<doc>Types the given key combination into element found by ``selector``.</doc>
<status status="PASS" starttime="20260503 12:12:02.006" endtime="20260503 12:12:02.024"/>
</kw>
<kw name="Fill Text" library="Browser">
<arg>id=queue-booking-tracking-search-reserveDate</arg>
<arg>${RAND_DATE_NUM}</arg>
<tag>PageContent</tag>
<tag>Setter</tag>
<doc>Clears and fills the given ``txt`` into the text field found by ``selector``.</doc>
<msg timestamp="20260503 12:12:02.024" level="INFO">Fills the text '2026-05-09' in the given field.</msg>
<status status="PASS" starttime="20260503 12:12:02.024" endtime="20260503 12:12:02.031"/>
</kw>
<kw name="Select Options By" library="Browser">
<arg>xpath=//select[@id="queue-booking-tracking-search-statusId"]</arg>
<arg>text</arg>
<arg>${status}</arg>
<tag>PageContent</tag>
<tag>Setter</tag>
<doc>Selects options from select element found by ``selector``.</doc>
<msg timestamp="20260503 12:12:02.032" level="INFO">Selects the option(s) Queue by attribute SelectAttribute.label from element xpath=//select[@id="queue-booking-tracking-search-statusId"].</msg>
<status status="PASS" starttime="20260503 12:12:02.032" endtime="20260503 12:12:02.047"/>
</kw>
<kw name="Sleep" library="BuiltIn">
<arg>3 seconds</arg>
<doc>Pauses the test executed for the given time.</doc>
<msg timestamp="20260503 12:12:05.047" level="INFO">Slept 3 seconds</msg>
<status status="PASS" starttime="20260503 12:12:02.047" endtime="20260503 12:12:05.047"/>
</kw>
<kw name="Click" library="Browser">
<arg>xpath=//*[@id="queue-booking-tracking-btn-search"]</arg>
<tag>PageContent</tag>
<tag>Setter</tag>
<doc>Simulates mouse click on the element found by ``selector``.</doc>
<msg timestamp="20260503 12:12:05.048" level="INFO">Clicks the element 'xpath=//*[@id="queue-booking-tracking-btn-search"]'.</msg>
<status status="PASS" starttime="20260503 12:12:05.047" endtime="20260503 12:12:05.073"/>
</kw>
<kw name="Sleep" library="BuiltIn">
<arg>5</arg>
<arg>seconds</arg>
<doc>Pauses the test executed for the given time.</doc>
<msg timestamp="20260503 12:12:10.073" level="INFO">Slept 5 seconds</msg>
<msg timestamp="20260503 12:12:10.073" level="INFO">seconds</msg>
<status status="PASS" starttime="20260503 12:12:05.073" endtime="20260503 12:12:10.073"/>
</kw>
<status status="PASS" starttime="20260503 12:11:51.348" endtime="20260503 12:12:10.073"/>
</kw>
<kw name="Search Auto By Booking ID" library="shipping_QueueBooking_page">
<arg>${GLOBAL_BOOKING_ID}</arg>
<kw name="Wait For Elements State" library="Browser">
<arg>xpath=//span[contains(@class, "reference-number") and text()="${target_booking_id}"]</arg>
<arg>visible</arg>
<arg>timeout=7s</arg>
<tag>PageContent</tag>
<tag>Wait</tag>
<doc>Waits for the element found by ``selector`` to satisfy state option.</doc>
<msg timestamp="20260503 12:12:10.078" level="INFO">Waited for Element with selector xpath=//span[contains(@class, "reference-number") and text()="202605030004"] at state visible</msg>
<status status="PASS" starttime="20260503 12:12:10.074" endtime="20260503 12:12:10.078"/>
</kw>
<kw name="Get Element Count" library="Browser">
<var>${count}</var>
<arg>xpath=//span[contains(@class, "reference-number") and text()="${target_booking_id}"]</arg>
<tag>Assertion</tag>
<tag>Getter</tag>
<tag>PageContent</tag>
<doc>Returns the count of elements found with ``selector``.</doc>
<msg timestamp="20260503 12:12:10.082" level="INFO">${count} = 1</msg>
<status status="PASS" starttime="20260503 12:12:10.078" endtime="20260503 12:12:10.082"/>
</kw>
<kw name="Log To Console" library="BuiltIn">
<arg>\n[INFO] Found Booking ID ${target_booking_id}: ${count} record(s)</arg>
<doc>Logs the given message to the console.</doc>
<status status="PASS" starttime="20260503 12:12:10.082" endtime="20260503 12:12:10.082"/>
</kw>
<status status="PASS" starttime="20260503 12:12:10.073" endtime="20260503 12:12:10.083"/>
</kw>
<kw name="Search Auto By Date To TMO" library="shipping_QueueBooking_page">
<arg>${RAND_DATE_NUM}</arg>
<kw name="Convert Date" library="DateTime">
<var>${ui_date}</var>
<arg>${target_date_num}</arg>
<arg>date_format=%Y-%m-%d</arg>
<arg>result_format=%d/%m/%Y</arg>
<doc>Converts between supported `date formats`.</doc>
<msg timestamp="20260503 12:12:10.084" level="INFO">${ui_date} = 09/05/2026</msg>
<status status="PASS" starttime="20260503 12:12:10.083" endtime="20260503 12:12:10.084"/>
</kw>
<kw name="Wait For Elements State" library="Browser">
<arg>xpath=//span[text()="Date To TMO"]</arg>
<arg>visible</arg>
<arg>timeout=7s</arg>
<tag>PageContent</tag>
<tag>Wait</tag>
<doc>Waits for the element found by ``selector`` to satisfy state option.</doc>
<msg timestamp="20260503 12:12:10.088" level="INFO">Waited for Element with selector xpath=//span[text()="Date To TMO"] at state visible</msg>
<status status="PASS" starttime="20260503 12:12:10.084" endtime="20260503 12:12:10.088"/>
</kw>
<kw name="Get Element Count" library="Browser">
<var>${count}</var>
<arg>xpath=//div[contains(@class, "card-content") and span[text()="Date To TMO"] and contains(normalize-space(.), "${ui_date}")]</arg>
<tag>Assertion</tag>
<tag>Getter</tag>
<tag>PageContent</tag>
<doc>Returns the count of elements found with ``selector``.</doc>
<msg timestamp="20260503 12:12:10.092" level="INFO">${count} = 1</msg>
<status status="PASS" starttime="20260503 12:12:10.088" endtime="20260503 12:12:10.092"/>
</kw>
<kw name="Log To Console" library="BuiltIn">
<arg>\n[DEBUG] UI Date: ${ui_date} | Found: ${count}</arg>
<doc>Logs the given message to the console.</doc>
<status status="PASS" starttime="20260503 12:12:10.092" endtime="20260503 12:12:10.093"/>
</kw>
<status status="PASS" starttime="20260503 12:12:10.083" endtime="20260503 12:12:10.093"/>
</kw>
<kw name="Close Web Application" library="config" type="TEARDOWN">
<kw name="Close Browser" library="Browser">
<tag>BrowserControl</tag>
<tag>Setter</tag>
<doc>Closes the current browser.</doc>
<msg timestamp="20260503 12:12:10.345" level="INFO">Closed browser</msg>
<status status="PASS" starttime="20260503 12:12:10.093" endtime="20260503 12:12:10.345"/>
</kw>
<status status="PASS" starttime="20260503 12:12:10.093" endtime="20260503 12:12:10.346"/>
</kw>
<doc>ทดสอบกรณีสร้าง Draft</doc>
<status status="PASS" starttime="20260503 12:11:45.872" endtime="20260503 12:12:10.346"/>
</test>
<status status="PASS" starttime="20260503 12:11:45.652" endtime="20260503 12:12:10.348"/>
</suite>
<statistics>
<total>
<stat pass="1" fail="0" skip="0">All Tests</stat>
</total>
<tag>
</tag>
<suite>
<stat pass="1" fail="0" skip="0" id="s1" name="01-QueueBooking">01-QueueBooking</stat>
</suite>
</statistics>
<errors>
</errors>
</robot>
